#
# A fatal error has been detected by the Java Runtime Environment:
#
#  EXCEPTION_ACCESS_VIOLATION (0xc0000005) at pc=0x00007ffe8b82682c, pid=7948, tid=17496
#
# JRE version: OpenJDK Runtime Environment (20.0.2+9) (build 20.0.2+9-78)
# Java VM: OpenJDK 64-Bit Server VM (20.0.2+9-78, mixed mode, sharing, tiered, compressed oops, compressed class ptrs, g1 gc, windows-amd64)
# Problematic frame:
# C  [jdwp.dll+0x2682c]
#
# No core dump will be written. Minidumps are not enabled by default on client versions of Windows
#
# If you would like to submit a bug report, please visit:
#   https://bugreport.java.com/bugreport/crash.jsp
# The crash happened outside the Java Virtual Machine in native code.
# See problematic frame for where to report the bug.
#

---------------  S U M M A R Y ------------

Command Line: -agentlib:jdwp=transport=dt_socket,address=127.0.0.1:52491,suspend=y,server=n -javaagent:C:\Users\ericb\AppData\Local\JetBrains\IdeaIC2023.2\captureAgent\debugger-agent.jar -Dfile.encoding=UTF-8 -Dsun.stdout.encoding=UTF-8 -Dsun.stderr.encoding=UTF-8 ShadowDance

Host: 12th Gen Intel(R) Core(TM) i7-1255U, 12 cores, 15G,  Windows 11 , 64 bit Build 22621 (10.0.22621.2215)
Time: Wed Oct 11 14:20:56 2023 AUS Eastern Summer Time elapsed time: 1.331413 seconds (0d 0h 0m 1s)

---------------  T H R E A D  ---------------

Current thread (0x000001d18899bb20):  JavaThread "main" [_thread_in_native, id=17496, stack(0x00000009c5900000,0x00000009c5a00000)]

Stack: [0x00000009c5900000,0x00000009c5a00000],  sp=0x00000009c59fe4e8,  free space=1017k
Native frames: (J=compiled Java code, j=interpreted, Vv=VM code, C=native code)
C  [jdwp.dll+0x2682c]

Java frames: (J=compiled Java code, j=interpreted, Vv=VM code)
j  org.lwjgl.glfw.GLFW.glfwInit()Z+0
j  bagel.AbstractGame.<clinit>()V+19
v  ~StubRoutines::call_stub 0x000001d19976100d

siginfo: EXCEPTION_ACCESS_VIOLATION (0xc0000005), reading address 0xffffffffffffffff


Registers:
RAX=0x000001d1ef7ff1c0, RBX=0x000001d1aa21a1c0, RCX=0x000001d18899be00, RDX=0x000001d1aa21a1c0
RSP=0x00000009c59fe4e8, RBP=0x0000000000000002, RSI=0x00000009c59fe590, RDI=0x000001d18899be00
R8 =0x0000000000010002, R9 =0x0000000000000000, R10=0x00007ffe80330000, R11=0x00000009c59fe4b8
R12=0x0000000000000007, R13=0x000001d188986820, R14=0x00007ffe8b830300, R15=0x0000000000000000
RIP=0x00007ffe8b82682c, EFLAGS=0x0000000000010202


Register to memory mapping:

RIP=0x00007ffe8b82682c jdwp.dll
RAX=0x000001d1ef7ff1c0 points into unknown readable memory: 0x0000000000000000 | 00 00 00 00 00 00 00 00
RBX=0x000001d1aa21a1c0 points into unknown readable memory: 0x0000000712609a80 | 80 9a 60 12 07 00 00 00
RCX=0x000001d18899be00 points into unknown readable memory: 0x000001d1ef7ff1c0 | c0 f1 7f ef d1 01 00 00
RDX=0x000001d1aa21a1c0 points into unknown readable memory: 0x0000000712609a80 | 80 9a 60 12 07 00 00 00
RSP=0x00000009c59fe4e8 is pointing into the stack for thread: 0x000001d18899bb20
RBP=0x0000000000000002 is an unknown value
RSI=0x00000009c59fe590 is pointing into the stack for thread: 0x000001d18899bb20
RDI=0x000001d18899be00 points into unknown readable memory: 0x000001d1ef7ff1c0 | c0 f1 7f ef d1 01 00 00
R8 =0x0000000000010002 is an unknown value
R9 =0x0 is NULL
R10=0x00007ffe80330000 VCRUNTIME140.dll
R11=0x00000009c59fe4b8 is pointing into the stack for thread: 0x000001d18899bb20
R12=0x0000000000000007 is an unknown value
R13=0x000001d188986820 points into unknown readable memory: 0x00007ffe217fefe0 | e0 ef 7f 21 fe 7f 00 00
R14=0x00007ffe8b830300 jdwp.dll
R15=0x0 is NULL


Top of Stack: (sp=0x00000009c59fe4e8)
0x00000009c59fe4e8:   00007ffe8b81611f 000001d1aa21a1c0
0x00000009c59fe4f8:   00000009c59fe590 0000000000000000
0x00000009c59fe508:   0000000000000000 00007ffe217f30b0
0x00000009c59fe518:   0000000000004458 000001d188664638
0x00000009c59fe528:   00007ffe8b830348 000001d1aa21a1c0
0x00000009c59fe538:   00007ffe8b81279f 000001d1aa21a1c0
0x00000009c59fe548:   0000000000000002 000001d18899be00
0x00000009c59fe558:   000001d1aa21a1c8 00000009c59fe6f0
0x00000009c59fe568:   00007ffe2124da2d 000001d1ab4151bc
0x00000009c59fe578:   00000009c59fe6f0 00000009c59fe6f0
0x00000009c59fe588:   00007ffe21341aef 0000000000000007
0x00000009c59fe598:   000001d1aa21a1c0 0000000000000000
0x00000009c59fe5a8:   000001d1aa21a1c8 0000000000000000
0x00000009c59fe5b8:   0000000000000000 0000000000000000
0x00000009c59fe5c8:   0000000000000000 0000000000000000
0x00000009c59fe5d8:   0000000000000000 0000000000000000
0x00000009c59fe5e8:   000001d1aa21a1c0 000001d1ab415118
0x00000009c59fe5f8:   00007ffe212294e5 000001d1aa21a1c8
0x00000009c59fe608:   000001d1ef60cec0 000001d18899bb20
0x00000009c59fe618:   00007ffe2124ec55 000001d1886645f8
0x00000009c59fe628:   00007ffe21078f26 0000000000000000
0x00000009c59fe638:   000001d188996600 000001d18899bb20
0x00000009c59fe648:   000001d1aaa0fcc8 000001d188666540
0x00000009c59fe658:   000001d18899c070 000001d18899c080
0x00000009c59fe668:   000001d18899c458 00000000000003d8
0x00000009c59fe678:   000001d18899bb20 000001d18899bb20
0x00000009c59fe688:   000001d188665980 000001d18863df20
0x00000009c59fe698:   000001d18863df50 000001d18863e008
0x00000009c59fe6a8:   00000000000000d8 00000009c59fe6c0
0x00000009c59fe6b8:   00000009c59fe7f0 000001d18899bb20
0x00000009c59fe6c8:   000001d188665980 000001d18863df20
0x00000009c59fe6d8:   000001d18863df50 000001d18863e008 

Instructions: (pc=0x00007ffe8b82682c)
0x00007ffe8b82672c:   05 ff 09 01 00 48 8b 03 48 8b d7 4d 8b 40 30 48
0x00007ffe8b82673c:   8b cb 48 8b 5c 24 30 48 83 c4 20 5f 48 ff a0 00
0x00007ffe8b82674c:   01 00 00 cc 48 89 5c 24 08 57 48 83 ec 20 48 8b
0x00007ffe8b82675c:   f9 e8 f2 ea ff ff 4c 8b 05 c7 09 01 00 48 8b d8
0x00007ffe8b82676c:   41 f6 80 10 02 00 00 02 74 33 41 b8 1f 06 00 00
0x00007ffe8b82677c:   48 8d 15 e5 c3 00 00 48 8d 0d 7a 5c 00 00 e8 71
0x00007ffe8b82678c:   49 ff ff 48 8d 15 62 9a 00 00 48 8d 0d 7b 5c 00
0x00007ffe8b82679c:   00 e8 06 4a ff ff 4c 8b 05 87 09 01 00 48 8b 03
0x00007ffe8b8267ac:   48 8b d7 4d 8b 40 38 48 8b cb 48 8b 5c 24 30 48
0x00007ffe8b8267bc:   83 c4 20 5f 48 ff a0 00 01 00 00 cc 48 89 5c 24
0x00007ffe8b8267cc:   08 57 48 83 ec 20 48 8b f9 e8 7a ea ff ff 48 8b
0x00007ffe8b8267dc:   15 4f 09 01 00 48 8b d8 f6 82 10 02 00 00 02 74
0x00007ffe8b8267ec:   2c 41 b8 11 06 00 00 48 8d 15 6e c3 00 00 48 8d
0x00007ffe8b8267fc:   0d 03 5c 00 00 e8 fa 48 ff ff 48 8d 15 e3 6c 00
0x00007ffe8b82680c:   00 48 8d 0d 04 5c 00 00 e8 8f 49 ff ff 48 8b 03
0x00007ffe8b82681c:   48 8b d7 48 8b cb 48 8b 5c 24 30 48 83 c4 20 5f
0x00007ffe8b82682c:   48 ff a0 50 07 00 00 cc 48 89 5c 24 08 48 89 74
0x00007ffe8b82683c:   24 10 48 89 7c 24 18 41 56 48 83 ec 20 4c 63 f2
0x00007ffe8b82684c:   49 8b d8 48 8b d1 41 8b f9 48 8b cb 4d 8d 46 ff
0x00007ffe8b82685c:   ff 15 0e 5a 00 00 85 c0 75 3c 41 0f be 44 1e ff
0x00007ffe8b82686c:   3b c7 75 32 49 03 de eb 10 0f be c8 ff 15 e2 59
0x00007ffe8b82687c:   00 00 85 c0 74 09 48 ff c3 8a 03 84 c0 75 ea 80
0x00007ffe8b82688c:   3b 3b 74 12 8b d7 48 8b cb e8 78 4a 00 00 48 85
0x00007ffe8b82689c:   c0 0f 94 c0 eb 02 32 c0 48 8b 5c 24 30 48 8b 74
0x00007ffe8b8268ac:   24 38 48 8b 7c 24 40 48 83 c4 20 41 5e c3 cc cc
0x00007ffe8b8268bc:   0f b6 d1 83 fa 1e 0f 87 83 00 00 00 74 7b 83 fa
0x00007ffe8b8268cc:   07 77 41 74 39 83 ea 01 74 2e 83 ea 01 74 23 83
0x00007ffe8b8268dc:   ea 01 74 18 83 ea 01 74 0d 83 fa 02 0f 85 8a 00
0x00007ffe8b8268ec:   00 00 8d 42 03 c3 b8 04 00 00 00 c3 b8 03 00 00
0x00007ffe8b8268fc:   00 c3 b8 02 00 00 00 c3 b8 01 00 00 00 c3 b8 06
0x00007ffe8b82690c:   00 00 00 c3 b8 08 00 00 00 2b d0 74 26 83 ea 01
0x00007ffe8b82691c:   0f 84 88 00 00 00 83 ea 01 74 12 b8 0a 00 00 00 


Stack slot to memory mapping:
stack at sp + 0 slots: 0x00007ffe8b81611f jdwp.dll
stack at sp + 1 slots: 0x000001d1aa21a1c0 points into unknown readable memory: 0x0000000712609a80 | 80 9a 60 12 07 00 00 00
stack at sp + 2 slots: 0x00000009c59fe590 is pointing into the stack for thread: 0x000001d18899bb20
stack at sp + 3 slots: 0x0 is NULL
stack at sp + 4 slots: 0x0 is NULL
stack at sp + 5 slots: 0x00007ffe217f30b0 jvm.dll
stack at sp + 6 slots: 0x0000000000004458 is an unknown value
stack at sp + 7 slots: 0x000001d188664638 points into unknown readable memory: 0x8000000400000001 | 01 00 00 00 04 00 00 80


---------------  P R O C E S S  ---------------

Threads class SMR info:
_java_thread_list=0x000001d1ef71a0e0, length=14, elements={
0x000001d18899bb20, 0x000001d1aa235280, 0x000001d1aa236080, 0x000001d1aa23b360,
0x000001d1ef5001b0, 0x000001d1ef501380, 0x000001d1ef501cc0, 0x000001d1ef50ce90,
0x000001d1ef5330d0, 0x000001d1ef646940, 0x000001d1ef6caec0, 0x000001d1ef6cbf30,
0x000001d1ef6cc490, 0x000001d1ef71a630
}

Java Threads: ( => current thread )
=>0x000001d18899bb20 JavaThread "main" [_thread_in_native, id=17496, stack(0x00000009c5900000,0x00000009c5a00000)]
  0x000001d1aa235280 JavaThread "Reference Handler" daemon [_thread_blocked, id=19640, stack(0x00000009c6000000,0x00000009c6100000)]
  0x000001d1aa236080 JavaThread "Finalizer" daemon [_thread_blocked, id=20284, stack(0x00000009c6100000,0x00000009c6200000)]
  0x000001d1aa23b360 JavaThread "Signal Dispatcher" daemon [_thread_blocked, id=14756, stack(0x00000009c6200000,0x00000009c6300000)]
  0x000001d1ef5001b0 JavaThread "Attach Listener" daemon [_thread_blocked, id=21412, stack(0x00000009c6300000,0x00000009c6400000)]
  0x000001d1ef501380 JavaThread "Service Thread" daemon [_thread_blocked, id=10244, stack(0x00000009c6400000,0x00000009c6500000)]
  0x000001d1ef501cc0 JavaThread "Monitor Deflation Thread" daemon [_thread_blocked, id=16400, stack(0x00000009c6500000,0x00000009c6600000)]
  0x000001d1ef50ce90 JavaThread "C2 CompilerThread0" daemon [_thread_blocked, id=10524, stack(0x00000009c6600000,0x00000009c6700000)]
  0x000001d1ef5330d0 JavaThread "C1 CompilerThread0" daemon [_thread_blocked, id=16036, stack(0x00000009c6700000,0x00000009c6800000)]
  0x000001d1ef646940 JavaThread "Common-Cleaner" daemon [_thread_blocked, id=18028, stack(0x00000009c6800000,0x00000009c6900000)]
  0x000001d1ef6caec0 JavaThread "JDWP Transport Listener: dt_socket" daemon [_thread_blocked, id=18864, stack(0x00000009c6900000,0x00000009c6a00000)]
  0x000001d1ef6cbf30 JavaThread "JDWP Event Helper Thread" daemon [_thread_blocked, id=1268, stack(0x00000009c6a00000,0x00000009c6b00000)]
  0x000001d1ef6cc490 JavaThread "JDWP Command Reader" daemon [_thread_in_native, id=10512, stack(0x00000009c6b00000,0x00000009c6c00000)]
  0x000001d1ef71a630 JavaThread "Notification Thread" daemon [_thread_blocked, id=9416, stack(0x00000009c6c00000,0x00000009c6d00000)]

Other Threads:
  0x000001d1aa217b50 VMThread "VM Thread" [stack: 0x00000009c5f00000,0x00000009c6000000] [id=7644]
  0x000001d1ef737960 WatcherThread "VM Periodic Task Thread" [stack: 0x00000009c6d00000,0x00000009c6e00000] [id=1632]
  0x000001d188a0d190 WorkerThread "GC Thread#0" [stack: 0x00000009c5a00000,0x00000009c5b00000] [id=2772]
  0x000001d188a1dd00 ConcurrentGCThread "G1 Main Marker" [stack: 0x00000009c5b00000,0x00000009c5c00000] [id=16312]
  0x000001d188a1e640 WorkerThread "G1 Conc#0" [stack: 0x00000009c5c00000,0x00000009c5d00000] [id=12140]
  0x000001d188a5eae0 ConcurrentGCThread "G1 Refine#0" [stack: 0x00000009c5d00000,0x00000009c5e00000] [id=18184]
  0x000001d1aa0d95f0 ConcurrentGCThread "G1 Service" [stack: 0x00000009c5e00000,0x00000009c5f00000] [id=17696]

Threads with active compile tasks:

VM state: not at safepoint (normal execution)

VM Mutex/Monitor currently owned by a thread: None

Heap address: 0x0000000702a00000, size: 4054 MB, Compressed Oops mode: Zero based, Oop shift amount: 3

CDS archive(s) mapped at: [0x000001d1aa400000-0x000001d1ab060000-0x000001d1ab060000), size 12976128, SharedBaseAddress: 0x000001d1aa400000, ArchiveRelocationMode: 1.
Compressed class space mapped at: 0x000001d1ab400000-0x000001d1eb400000, reserved size: 1073741824
Narrow klass base: 0x000001d1aa400000, Narrow klass shift: 0, Narrow klass range: 0x100000000

GC Precious Log:
 CardTable entry size: 512
 Card Set container configuration: InlinePtr #cards 4 size 8 Array Of Cards #cards 16 size 48 Howl #buckets 8 coarsen threshold 3686 Howl Bitmap #cards 512 size 80 coarsen threshold 460 Card regions per heap region 1 cards per card region 4096
 CPUs: 12 total, 12 available
 Memory: 16209M
 Large Page Support: Disabled
 NUMA Support: Disabled
 Compressed Oops: Enabled (Zero based)
 Heap Region Size: 2M
 Heap Min Capacity: 8M
 Heap Initial Capacity: 254M
 Heap Max Capacity: 4054M
 Pre-touch: Disabled
 Parallel Workers: 10
 Concurrent Workers: 3
 Concurrent Refinement Workers: 10
 Periodic GC: Disabled

Heap:
 garbage-first heap   total 260096K, used 6144K [0x0000000702a00000, 0x0000000800000000)
  region size 2048K, 4 young (8192K), 0 survivors (0K)
 Metaspace       used 1891K, committed 2112K, reserved 1114112K
  class space    used 151K, committed 256K, reserved 1048576K

Heap Regions: E=young(eden), S=young(survivor), O=old, HS=humongous(starts), HC=humongous(continues), CS=collection set, F=free, OA=open archive, CA=closed archive, TAMS=top-at-mark-start, PB=parsable bottom
|   0|0x0000000702a00000, 0x0000000702a00000, 0x0000000702c00000|  0%| F|  |TAMS 0x0000000702a00000| PB 0x0000000702a00000| Untracked 
|   1|0x0000000702c00000, 0x0000000702c00000, 0x0000000702e00000|  0%| F|  |TAMS 0x0000000702c00000| PB 0x0000000702c00000| Untracked 
|   2|0x0000000702e00000, 0x0000000702e00000, 0x0000000703000000|  0%| F|  |TAMS 0x0000000702e00000| PB 0x0000000702e00000| Untracked 
|   3|0x0000000703000000, 0x0000000703000000, 0x0000000703200000|  0%| F|  |TAMS 0x0000000703000000| PB 0x0000000703000000| Untracked 
|   4|0x0000000703200000, 0x0000000703200000, 0x0000000703400000|  0%| F|  |TAMS 0x0000000703200000| PB 0x0000000703200000| Untracked 
|   5|0x0000000703400000, 0x0000000703400000, 0x0000000703600000|  0%| F|  |TAMS 0x0000000703400000| PB 0x0000000703400000| Untracked 
|   6|0x0000000703600000, 0x0000000703600000, 0x0000000703800000|  0%| F|  |TAMS 0x0000000703600000| PB 0x0000000703600000| Untracked 
|   7|0x0000000703800000, 0x0000000703800000, 0x0000000703a00000|  0%| F|  |TAMS 0x0000000703800000| PB 0x0000000703800000| Untracked 
|   8|0x0000000703a00000, 0x0000000703a00000, 0x0000000703c00000|  0%| F|  |TAMS 0x0000000703a00000| PB 0x0000000703a00000| Untracked 
|   9|0x0000000703c00000, 0x0000000703c00000, 0x0000000703e00000|  0%| F|  |TAMS 0x0000000703c00000| PB 0x0000000703c00000| Untracked 
|  10|0x0000000703e00000, 0x0000000703e00000, 0x0000000704000000|  0%| F|  |TAMS 0x0000000703e00000| PB 0x0000000703e00000| Untracked 
|  11|0x0000000704000000, 0x0000000704000000, 0x0000000704200000|  0%| F|  |TAMS 0x0000000704000000| PB 0x0000000704000000| Untracked 
|  12|0x0000000704200000, 0x0000000704200000, 0x0000000704400000|  0%| F|  |TAMS 0x0000000704200000| PB 0x0000000704200000| Untracked 
|  13|0x0000000704400000, 0x0000000704400000, 0x0000000704600000|  0%| F|  |TAMS 0x0000000704400000| PB 0x0000000704400000| Untracked 
|  14|0x0000000704600000, 0x0000000704600000, 0x0000000704800000|  0%| F|  |TAMS 0x0000000704600000| PB 0x0000000704600000| Untracked 
|  15|0x0000000704800000, 0x0000000704800000, 0x0000000704a00000|  0%| F|  |TAMS 0x0000000704800000| PB 0x0000000704800000| Untracked 
|  16|0x0000000704a00000, 0x0000000704a00000, 0x0000000704c00000|  0%| F|  |TAMS 0x0000000704a00000| PB 0x0000000704a00000| Untracked 
|  17|0x0000000704c00000, 0x0000000704c00000, 0x0000000704e00000|  0%| F|  |TAMS 0x0000000704c00000| PB 0x0000000704c00000| Untracked 
|  18|0x0000000704e00000, 0x0000000704e00000, 0x0000000705000000|  0%| F|  |TAMS 0x0000000704e00000| PB 0x0000000704e00000| Untracked 
|  19|0x0000000705000000, 0x0000000705000000, 0x0000000705200000|  0%| F|  |TAMS 0x0000000705000000| PB 0x0000000705000000| Untracked 
|  20|0x0000000705200000, 0x0000000705200000, 0x0000000705400000|  0%| F|  |TAMS 0x0000000705200000| PB 0x0000000705200000| Untracked 
|  21|0x0000000705400000, 0x0000000705400000, 0x0000000705600000|  0%| F|  |TAMS 0x0000000705400000| PB 0x0000000705400000| Untracked 
|  22|0x0000000705600000, 0x0000000705600000, 0x0000000705800000|  0%| F|  |TAMS 0x0000000705600000| PB 0x0000000705600000| Untracked 
|  23|0x0000000705800000, 0x0000000705800000, 0x0000000705a00000|  0%| F|  |TAMS 0x0000000705800000| PB 0x0000000705800000| Untracked 
|  24|0x0000000705a00000, 0x0000000705a00000, 0x0000000705c00000|  0%| F|  |TAMS 0x0000000705a00000| PB 0x0000000705a00000| Untracked 
|  25|0x0000000705c00000, 0x0000000705c00000, 0x0000000705e00000|  0%| F|  |TAMS 0x0000000705c00000| PB 0x0000000705c00000| Untracked 
|  26|0x0000000705e00000, 0x0000000705e00000, 0x0000000706000000|  0%| F|  |TAMS 0x0000000705e00000| PB 0x0000000705e00000| Untracked 
|  27|0x0000000706000000, 0x0000000706000000, 0x0000000706200000|  0%| F|  |TAMS 0x0000000706000000| PB 0x0000000706000000| Untracked 
|  28|0x0000000706200000, 0x0000000706200000, 0x0000000706400000|  0%| F|  |TAMS 0x0000000706200000| PB 0x0000000706200000| Untracked 
|  29|0x0000000706400000, 0x0000000706400000, 0x0000000706600000|  0%| F|  |TAMS 0x0000000706400000| PB 0x0000000706400000| Untracked 
|  30|0x0000000706600000, 0x0000000706600000, 0x0000000706800000|  0%| F|  |TAMS 0x0000000706600000| PB 0x0000000706600000| Untracked 
|  31|0x0000000706800000, 0x0000000706800000, 0x0000000706a00000|  0%| F|  |TAMS 0x0000000706800000| PB 0x0000000706800000| Untracked 
|  32|0x0000000706a00000, 0x0000000706a00000, 0x0000000706c00000|  0%| F|  |TAMS 0x0000000706a00000| PB 0x0000000706a00000| Untracked 
|  33|0x0000000706c00000, 0x0000000706c00000, 0x0000000706e00000|  0%| F|  |TAMS 0x0000000706c00000| PB 0x0000000706c00000| Untracked 
|  34|0x0000000706e00000, 0x0000000706e00000, 0x0000000707000000|  0%| F|  |TAMS 0x0000000706e00000| PB 0x0000000706e00000| Untracked 
|  35|0x0000000707000000, 0x0000000707000000, 0x0000000707200000|  0%| F|  |TAMS 0x0000000707000000| PB 0x0000000707000000| Untracked 
|  36|0x0000000707200000, 0x0000000707200000, 0x0000000707400000|  0%| F|  |TAMS 0x0000000707200000| PB 0x0000000707200000| Untracked 
|  37|0x0000000707400000, 0x0000000707400000, 0x0000000707600000|  0%| F|  |TAMS 0x0000000707400000| PB 0x0000000707400000| Untracked 
|  38|0x0000000707600000, 0x0000000707600000, 0x0000000707800000|  0%| F|  |TAMS 0x0000000707600000| PB 0x0000000707600000| Untracked 
|  39|0x0000000707800000, 0x0000000707800000, 0x0000000707a00000|  0%| F|  |TAMS 0x0000000707800000| PB 0x0000000707800000| Untracked 
|  40|0x0000000707a00000, 0x0000000707a00000, 0x0000000707c00000|  0%| F|  |TAMS 0x0000000707a00000| PB 0x0000000707a00000| Untracked 
|  41|0x0000000707c00000, 0x0000000707c00000, 0x0000000707e00000|  0%| F|  |TAMS 0x0000000707c00000| PB 0x0000000707c00000| Untracked 
|  42|0x0000000707e00000, 0x0000000707e00000, 0x0000000708000000|  0%| F|  |TAMS 0x0000000707e00000| PB 0x0000000707e00000| Untracked 
|  43|0x0000000708000000, 0x0000000708000000, 0x0000000708200000|  0%| F|  |TAMS 0x0000000708000000| PB 0x0000000708000000| Untracked 
|  44|0x0000000708200000, 0x0000000708200000, 0x0000000708400000|  0%| F|  |TAMS 0x0000000708200000| PB 0x0000000708200000| Untracked 
|  45|0x0000000708400000, 0x0000000708400000, 0x0000000708600000|  0%| F|  |TAMS 0x0000000708400000| PB 0x0000000708400000| Untracked 
|  46|0x0000000708600000, 0x0000000708600000, 0x0000000708800000|  0%| F|  |TAMS 0x0000000708600000| PB 0x0000000708600000| Untracked 
|  47|0x0000000708800000, 0x0000000708800000, 0x0000000708a00000|  0%| F|  |TAMS 0x0000000708800000| PB 0x0000000708800000| Untracked 
|  48|0x0000000708a00000, 0x0000000708a00000, 0x0000000708c00000|  0%| F|  |TAMS 0x0000000708a00000| PB 0x0000000708a00000| Untracked 
|  49|0x0000000708c00000, 0x0000000708c00000, 0x0000000708e00000|  0%| F|  |TAMS 0x0000000708c00000| PB 0x0000000708c00000| Untracked 
|  50|0x0000000708e00000, 0x0000000708e00000, 0x0000000709000000|  0%| F|  |TAMS 0x0000000708e00000| PB 0x0000000708e00000| Untracked 
|  51|0x0000000709000000, 0x0000000709000000, 0x0000000709200000|  0%| F|  |TAMS 0x0000000709000000| PB 0x0000000709000000| Untracked 
|  52|0x0000000709200000, 0x0000000709200000, 0x0000000709400000|  0%| F|  |TAMS 0x0000000709200000| PB 0x0000000709200000| Untracked 
|  53|0x0000000709400000, 0x0000000709400000, 0x0000000709600000|  0%| F|  |TAMS 0x0000000709400000| PB 0x0000000709400000| Untracked 
|  54|0x0000000709600000, 0x0000000709600000, 0x0000000709800000|  0%| F|  |TAMS 0x0000000709600000| PB 0x0000000709600000| Untracked 
|  55|0x0000000709800000, 0x0000000709800000, 0x0000000709a00000|  0%| F|  |TAMS 0x0000000709800000| PB 0x0000000709800000| Untracked 
|  56|0x0000000709a00000, 0x0000000709a00000, 0x0000000709c00000|  0%| F|  |TAMS 0x0000000709a00000| PB 0x0000000709a00000| Untracked 
|  57|0x0000000709c00000, 0x0000000709c00000, 0x0000000709e00000|  0%| F|  |TAMS 0x0000000709c00000| PB 0x0000000709c00000| Untracked 
|  58|0x0000000709e00000, 0x0000000709e00000, 0x000000070a000000|  0%| F|  |TAMS 0x0000000709e00000| PB 0x0000000709e00000| Untracked 
|  59|0x000000070a000000, 0x000000070a000000, 0x000000070a200000|  0%| F|  |TAMS 0x000000070a000000| PB 0x000000070a000000| Untracked 
|  60|0x000000070a200000, 0x000000070a200000, 0x000000070a400000|  0%| F|  |TAMS 0x000000070a200000| PB 0x000000070a200000| Untracked 
|  61|0x000000070a400000, 0x000000070a400000, 0x000000070a600000|  0%| F|  |TAMS 0x000000070a400000| PB 0x000000070a400000| Untracked 
|  62|0x000000070a600000, 0x000000070a600000, 0x000000070a800000|  0%| F|  |TAMS 0x000000070a600000| PB 0x000000070a600000| Untracked 
|  63|0x000000070a800000, 0x000000070a800000, 0x000000070aa00000|  0%| F|  |TAMS 0x000000070a800000| PB 0x000000070a800000| Untracked 
|  64|0x000000070aa00000, 0x000000070aa00000, 0x000000070ac00000|  0%| F|  |TAMS 0x000000070aa00000| PB 0x000000070aa00000| Untracked 
|  65|0x000000070ac00000, 0x000000070ac00000, 0x000000070ae00000|  0%| F|  |TAMS 0x000000070ac00000| PB 0x000000070ac00000| Untracked 
|  66|0x000000070ae00000, 0x000000070ae00000, 0x000000070b000000|  0%| F|  |TAMS 0x000000070ae00000| PB 0x000000070ae00000| Untracked 
|  67|0x000000070b000000, 0x000000070b000000, 0x000000070b200000|  0%| F|  |TAMS 0x000000070b000000| PB 0x000000070b000000| Untracked 
|  68|0x000000070b200000, 0x000000070b200000, 0x000000070b400000|  0%| F|  |TAMS 0x000000070b200000| PB 0x000000070b200000| Untracked 
|  69|0x000000070b400000, 0x000000070b400000, 0x000000070b600000|  0%| F|  |TAMS 0x000000070b400000| PB 0x000000070b400000| Untracked 
|  70|0x000000070b600000, 0x000000070b600000, 0x000000070b800000|  0%| F|  |TAMS 0x000000070b600000| PB 0x000000070b600000| Untracked 
|  71|0x000000070b800000, 0x000000070b800000, 0x000000070ba00000|  0%| F|  |TAMS 0x000000070b800000| PB 0x000000070b800000| Untracked 
|  72|0x000000070ba00000, 0x000000070ba00000, 0x000000070bc00000|  0%| F|  |TAMS 0x000000070ba00000| PB 0x000000070ba00000| Untracked 
|  73|0x000000070bc00000, 0x000000070bc00000, 0x000000070be00000|  0%| F|  |TAMS 0x000000070bc00000| PB 0x000000070bc00000| Untracked 
|  74|0x000000070be00000, 0x000000070be00000, 0x000000070c000000|  0%| F|  |TAMS 0x000000070be00000| PB 0x000000070be00000| Untracked 
|  75|0x000000070c000000, 0x000000070c000000, 0x000000070c200000|  0%| F|  |TAMS 0x000000070c000000| PB 0x000000070c000000| Untracked 
|  76|0x000000070c200000, 0x000000070c200000, 0x000000070c400000|  0%| F|  |TAMS 0x000000070c200000| PB 0x000000070c200000| Untracked 
|  77|0x000000070c400000, 0x000000070c400000, 0x000000070c600000|  0%| F|  |TAMS 0x000000070c400000| PB 0x000000070c400000| Untracked 
|  78|0x000000070c600000, 0x000000070c600000, 0x000000070c800000|  0%| F|  |TAMS 0x000000070c600000| PB 0x000000070c600000| Untracked 
|  79|0x000000070c800000, 0x000000070c800000, 0x000000070ca00000|  0%| F|  |TAMS 0x000000070c800000| PB 0x000000070c800000| Untracked 
|  80|0x000000070ca00000, 0x000000070ca00000, 0x000000070cc00000|  0%| F|  |TAMS 0x000000070ca00000| PB 0x000000070ca00000| Untracked 
|  81|0x000000070cc00000, 0x000000070cc00000, 0x000000070ce00000|  0%| F|  |TAMS 0x000000070cc00000| PB 0x000000070cc00000| Untracked 
|  82|0x000000070ce00000, 0x000000070ce00000, 0x000000070d000000|  0%| F|  |TAMS 0x000000070ce00000| PB 0x000000070ce00000| Untracked 
|  83|0x000000070d000000, 0x000000070d000000, 0x000000070d200000|  0%| F|  |TAMS 0x000000070d000000| PB 0x000000070d000000| Untracked 
|  84|0x000000070d200000, 0x000000070d200000, 0x000000070d400000|  0%| F|  |TAMS 0x000000070d200000| PB 0x000000070d200000| Untracked 
|  85|0x000000070d400000, 0x000000070d400000, 0x000000070d600000|  0%| F|  |TAMS 0x000000070d400000| PB 0x000000070d400000| Untracked 
|  86|0x000000070d600000, 0x000000070d600000, 0x000000070d800000|  0%| F|  |TAMS 0x000000070d600000| PB 0x000000070d600000| Untracked 
|  87|0x000000070d800000, 0x000000070d800000, 0x000000070da00000|  0%| F|  |TAMS 0x000000070d800000| PB 0x000000070d800000| Untracked 
|  88|0x000000070da00000, 0x000000070da00000, 0x000000070dc00000|  0%| F|  |TAMS 0x000000070da00000| PB 0x000000070da00000| Untracked 
|  89|0x000000070dc00000, 0x000000070dc00000, 0x000000070de00000|  0%| F|  |TAMS 0x000000070dc00000| PB 0x000000070dc00000| Untracked 
|  90|0x000000070de00000, 0x000000070de00000, 0x000000070e000000|  0%| F|  |TAMS 0x000000070de00000| PB 0x000000070de00000| Untracked 
|  91|0x000000070e000000, 0x000000070e000000, 0x000000070e200000|  0%| F|  |TAMS 0x000000070e000000| PB 0x000000070e000000| Untracked 
|  92|0x000000070e200000, 0x000000070e200000, 0x000000070e400000|  0%| F|  |TAMS 0x000000070e200000| PB 0x000000070e200000| Untracked 
|  93|0x000000070e400000, 0x000000070e400000, 0x000000070e600000|  0%| F|  |TAMS 0x000000070e400000| PB 0x000000070e400000| Untracked 
|  94|0x000000070e600000, 0x000000070e600000, 0x000000070e800000|  0%| F|  |TAMS 0x000000070e600000| PB 0x000000070e600000| Untracked 
|  95|0x000000070e800000, 0x000000070e800000, 0x000000070ea00000|  0%| F|  |TAMS 0x000000070e800000| PB 0x000000070e800000| Untracked 
|  96|0x000000070ea00000, 0x000000070ea00000, 0x000000070ec00000|  0%| F|  |TAMS 0x000000070ea00000| PB 0x000000070ea00000| Untracked 
|  97|0x000000070ec00000, 0x000000070ec00000, 0x000000070ee00000|  0%| F|  |TAMS 0x000000070ec00000| PB 0x000000070ec00000| Untracked 
|  98|0x000000070ee00000, 0x000000070ee00000, 0x000000070f000000|  0%| F|  |TAMS 0x000000070ee00000| PB 0x000000070ee00000| Untracked 
|  99|0x000000070f000000, 0x000000070f000000, 0x000000070f200000|  0%| F|  |TAMS 0x000000070f000000| PB 0x000000070f000000| Untracked 
| 100|0x000000070f200000, 0x000000070f200000, 0x000000070f400000|  0%| F|  |TAMS 0x000000070f200000| PB 0x000000070f200000| Untracked 
| 101|0x000000070f400000, 0x000000070f400000, 0x000000070f600000|  0%| F|  |TAMS 0x000000070f400000| PB 0x000000070f400000| Untracked 
| 102|0x000000070f600000, 0x000000070f600000, 0x000000070f800000|  0%| F|  |TAMS 0x000000070f600000| PB 0x000000070f600000| Untracked 
| 103|0x000000070f800000, 0x000000070f800000, 0x000000070fa00000|  0%| F|  |TAMS 0x000000070f800000| PB 0x000000070f800000| Untracked 
| 104|0x000000070fa00000, 0x000000070fa00000, 0x000000070fc00000|  0%| F|  |TAMS 0x000000070fa00000| PB 0x000000070fa00000| Untracked 
| 105|0x000000070fc00000, 0x000000070fc00000, 0x000000070fe00000|  0%| F|  |TAMS 0x000000070fc00000| PB 0x000000070fc00000| Untracked 
| 106|0x000000070fe00000, 0x000000070fe00000, 0x0000000710000000|  0%| F|  |TAMS 0x000000070fe00000| PB 0x000000070fe00000| Untracked 
| 107|0x0000000710000000, 0x0000000710000000, 0x0000000710200000|  0%| F|  |TAMS 0x0000000710000000| PB 0x0000000710000000| Untracked 
| 108|0x0000000710200000, 0x0000000710200000, 0x0000000710400000|  0%| F|  |TAMS 0x0000000710200000| PB 0x0000000710200000| Untracked 
| 109|0x0000000710400000, 0x0000000710400000, 0x0000000710600000|  0%| F|  |TAMS 0x0000000710400000| PB 0x0000000710400000| Untracked 
| 110|0x0000000710600000, 0x0000000710600000, 0x0000000710800000|  0%| F|  |TAMS 0x0000000710600000| PB 0x0000000710600000| Untracked 
| 111|0x0000000710800000, 0x0000000710800000, 0x0000000710a00000|  0%| F|  |TAMS 0x0000000710800000| PB 0x0000000710800000| Untracked 
| 112|0x0000000710a00000, 0x0000000710a00000, 0x0000000710c00000|  0%| F|  |TAMS 0x0000000710a00000| PB 0x0000000710a00000| Untracked 
| 113|0x0000000710c00000, 0x0000000710c00000, 0x0000000710e00000|  0%| F|  |TAMS 0x0000000710c00000| PB 0x0000000710c00000| Untracked 
| 114|0x0000000710e00000, 0x0000000710e00000, 0x0000000711000000|  0%| F|  |TAMS 0x0000000710e00000| PB 0x0000000710e00000| Untracked 
| 115|0x0000000711000000, 0x0000000711000000, 0x0000000711200000|  0%| F|  |TAMS 0x0000000711000000| PB 0x0000000711000000| Untracked 
| 116|0x0000000711200000, 0x0000000711200000, 0x0000000711400000|  0%| F|  |TAMS 0x0000000711200000| PB 0x0000000711200000| Untracked 
| 117|0x0000000711400000, 0x0000000711400000, 0x0000000711600000|  0%| F|  |TAMS 0x0000000711400000| PB 0x0000000711400000| Untracked 
| 118|0x0000000711600000, 0x0000000711600000, 0x0000000711800000|  0%| F|  |TAMS 0x0000000711600000| PB 0x0000000711600000| Untracked 
| 119|0x0000000711800000, 0x0000000711800000, 0x0000000711a00000|  0%| F|  |TAMS 0x0000000711800000| PB 0x0000000711800000| Untracked 
| 120|0x0000000711a00000, 0x0000000711a00000, 0x0000000711c00000|  0%| F|  |TAMS 0x0000000711a00000| PB 0x0000000711a00000| Untracked 
| 121|0x0000000711c00000, 0x0000000711c00000, 0x0000000711e00000|  0%| F|  |TAMS 0x0000000711c00000| PB 0x0000000711c00000| Untracked 
| 122|0x0000000711e00000, 0x0000000711e00000, 0x0000000712000000|  0%| F|  |TAMS 0x0000000711e00000| PB 0x0000000711e00000| Untracked 
| 123|0x0000000712000000, 0x00000007121d8aa8, 0x0000000712200000| 92%| E|  |TAMS 0x0000000712000000| PB 0x0000000712000000| Complete 
| 124|0x0000000712200000, 0x0000000712400000, 0x0000000712400000|100%| E|CS|TAMS 0x0000000712200000| PB 0x0000000712200000| Complete 
| 125|0x0000000712400000, 0x0000000712600000, 0x0000000712600000|100%| E|CS|TAMS 0x0000000712400000| PB 0x0000000712400000| Complete 
| 126|0x0000000712600000, 0x0000000712800000, 0x0000000712800000|100%| E|CS|TAMS 0x0000000712600000| PB 0x0000000712600000| Complete 

Card table byte_map: [0x000001d1a26d0000,0x000001d1a2ec0000] _byte_map_base: 0x000001d19eebb000

Marking Bits: (CMBitMap*) 0x000001d188a0d6d0
 Bits: [0x000001d1a36b0000, 0x000001d1a7608000)

Polling page: 0x000001d192210000

Metaspace:

Usage:
  Non-class:      1.70 MB used.
      Class:    151.48 KB used.
       Both:      1.85 MB used.

Virtual space:
  Non-class space:       64.00 MB reserved,       1.81 MB (  3%) committed,  1 nodes.
      Class space:        1.00 GB reserved,     256.00 KB ( <1%) committed,  1 nodes.
             Both:        1.06 GB reserved,       2.06 MB ( <1%) committed. 

Chunk freelists:
   Non-Class:  3.42 MB
       Class:  3.67 MB
        Both:  7.09 MB

MaxMetaspaceSize: unlimited
CompressedClassSpaceSize: 1.00 GB
Initial GC threshold: 21.00 MB
Current GC threshold: 21.00 MB
CDS: on
MetaspaceReclaimPolicy: balanced
 - commit_granule_bytes: 65536.
 - commit_granule_words: 8192.
 - virtual_space_node_default_size: 8388608.
 - enlarge_chunks_in_place: 1.
 - new_chunks_are_fully_committed: 0.
 - uncommit_free_chunks: 1.
 - use_allocation_guard: 0.


Internal statistics:

num_allocs_failed_limit: 0.
num_arena_births: 74.
num_arena_deaths: 0.
num_vsnodes_births: 2.
num_vsnodes_deaths: 0.
num_space_committed: 33.
num_space_uncommitted: 0.
num_chunks_returned_to_freelist: 0.
num_chunks_taken_from_freelist: 112.
num_chunk_merges: 0.
num_chunk_splits: 72.
num_chunks_enlarged: 46.
num_inconsistent_stats: 0.

CodeHeap 'non-profiled nmethods': size=120000Kb used=144Kb max_used=144Kb free=119855Kb
 bounds [0x000001d199d00000, 0x000001d199f70000, 0x000001d1a1230000]
CodeHeap 'profiled nmethods': size=120000Kb used=544Kb max_used=544Kb free=119455Kb
 bounds [0x000001d192230000, 0x000001d1924a0000, 0x000001d199760000]
CodeHeap 'non-nmethods': size=5760Kb used=1455Kb max_used=1468Kb free=4305Kb
 bounds [0x000001d199760000, 0x000001d1999d0000, 0x000001d199d00000]
 total_blobs=879 nmethods=442 adapters=348
 compilation: enabled
              stopped_count=0, restarted_count=0
 full_count=0

Compilation events (20 events):
Event: 1.306 Thread 0x000001d1ef5330d0  434       3       java.lang.Integer::stringSize (47 bytes)
Event: 1.306 Thread 0x000001d1ef5330d0 nmethod 434 0x000001d1922b5c10 code [0x000001d1922b5da0, 0x000001d1922b6008]
Event: 1.306 Thread 0x000001d1ef5330d0  435       3       java.lang.Integer::getChars (121 bytes)
Event: 1.307 Thread 0x000001d1ef5330d0 nmethod 435 0x000001d1922b6110 code [0x000001d1922b62e0, 0x000001d1922b6738]
Event: 1.307 Thread 0x000001d1ef5330d0  436       3       java.nio.Buffer::limit (65 bytes)
Event: 1.307 Thread 0x000001d1ef5330d0 nmethod 436 0x000001d1922b6990 code [0x000001d1922b6b40, 0x000001d1922b6e20]
Event: 1.315 Thread 0x000001d1ef5330d0  437       3       java.lang.StringLatin1::indexOf (36 bytes)
Event: 1.315 Thread 0x000001d1ef5330d0 nmethod 437 0x000001d1922b6f10 code [0x000001d1922b70c0, 0x000001d1922b73d8]
Event: 1.316 Thread 0x000001d1ef50ce90  438       4       java.util.concurrent.ConcurrentHashMap::tabAt (22 bytes)
Event: 1.317 Thread 0x000001d1ef50ce90 nmethod 438 0x000001d199d23d90 code [0x000001d199d23f00, 0x000001d199d23f78]
Event: 1.317 Thread 0x000001d1ef5330d0  439       1       java.security.CodeSource::getLocationNoFragString (5 bytes)
Event: 1.317 Thread 0x000001d1ef5330d0 nmethod 439 0x000001d199d24090 code [0x000001d199d24200, 0x000001d199d242d0]
Event: 1.320 Thread 0x000001d1ef5330d0  440       3       jdk.internal.jimage.ImageStringsReader::hashCode (33 bytes)
Event: 1.320 Thread 0x000001d1ef5330d0 nmethod 440 0x000001d1922b7510 code [0x000001d1922b76a0, 0x000001d1922b7810]
Event: 1.320 Thread 0x000001d1ef5330d0  442       3       java.lang.StringBuilder::append (8 bytes)
Event: 1.320 Thread 0x000001d1ef5330d0 nmethod 442 0x000001d1922b7910 code [0x000001d1922b7aa0, 0x000001d1922b7bf0]
Event: 1.320 Thread 0x000001d1ef5330d0  441       3       java.util.Optional::empty (6 bytes)
Event: 1.320 Thread 0x000001d1ef5330d0 nmethod 441 0x000001d1922b7c90 code [0x000001d1922b7e20, 0x000001d1922b7f18]
Event: 1.320 Thread 0x000001d1ef5330d0  443       3       sun.net.util.IPAddressUtil::earlyURLParsing (12 bytes)
Event: 1.320 Thread 0x000001d1ef5330d0 nmethod 443 0x000001d1922b7f90 code [0x000001d1922b8120, 0x000001d1922b8230]

GC Heap History (0 events):
No events

Dll operation events (9 events):
Event: 0.017 Loaded shared library C:\Users\ericb\.jdks\openjdk-20.0.2\bin\java.dll
Event: 0.018 Loaded shared library C:\Users\ericb\.jdks\openjdk-20.0.2\bin\zip.dll
Event: 0.048 Loaded shared library C:\Users\ericb\.jdks\openjdk-20.0.2\bin\jsvml.dll
Event: 0.989 Loaded shared library C:\Users\ericb\.jdks\openjdk-20.0.2\bin\instrument.dll
Event: 1.058 Loaded shared library C:\Users\ericb\.jdks\openjdk-20.0.2\bin\net.dll
Event: 1.060 Loaded shared library C:\Users\ericb\.jdks\openjdk-20.0.2\bin\nio.dll
Event: 1.079 Loaded shared library C:\Users\ericb\.jdks\openjdk-20.0.2\bin\zip.dll
Event: 1.198 Loaded shared library C:\Users\ericb\.jdks\openjdk-20.0.2\bin\jimage.dll
Event: 1.240 Loaded shared library C:\Users\ericb\AppData\Local\Temp\lwjglericb\3.3.1-build-7\lwjgl.dll

Deoptimization events (6 events):
Event: 1.023 Thread 0x000001d18899bb20 Uncommon trap: trap_request=0xffffff45 fr.pc=0x000001d199d109c8 relative=0x00000000000000c8
Event: 1.023 Thread 0x000001d18899bb20 Uncommon trap: reason=unstable_if action=reinterpret pc=0x000001d199d109c8 method=java.lang.String.isLatin1()Z @ 10 c2
Event: 1.023 Thread 0x000001d18899bb20 DEOPT PACKING pc=0x000001d199d109c8 sp=0x00000009c59ff020
Event: 1.023 Thread 0x000001d18899bb20 DEOPT UNPACKING pc=0x000001d1997c9d22 sp=0x00000009c59fef70 mode 2
Event: 1.315 Thread 0x000001d18899bb20 DEOPT PACKING pc=0x000001d19225215a sp=0x00000009c59fc7c0
Event: 1.315 Thread 0x000001d18899bb20 DEOPT UNPACKING pc=0x000001d1997ca4c2 sp=0x00000009c59fbbe0 mode 0

Classes loaded (20 events):
Event: 1.308 Loading class java/nio/BufferUnderflowException
Event: 1.308 Loading class java/nio/BufferUnderflowException done
Event: 1.308 Loading class org/lwjgl/system/MemoryStack
Event: 1.308 Loading class org/lwjgl/system/MemoryStack done
Event: 1.310 Loading class java/lang/IndexOutOfBoundsException
Event: 1.310 Loading class java/lang/IndexOutOfBoundsException done
Event: 1.310 Loading class org/lwjgl/system/MemoryStack$DebugMemoryStack
Event: 1.310 Loading class org/lwjgl/system/MemoryStack$DebugMemoryStack done
Event: 1.312 Loading class org/lwjgl/system/MemoryStack
Event: 1.312 Loading class org/lwjgl/system/MemoryStack done
Event: 1.312 Loading class org/lwjgl/system/MemoryStack
Event: 1.312 Loading class org/lwjgl/system/MemoryStack done
Event: 1.313 Loading class org/lwjgl/BufferUtils
Event: 1.313 Loading class org/lwjgl/BufferUtils done
Event: 1.314 Loading class org/lwjgl/system/windows/WinBase
Event: 1.314 Loading class org/lwjgl/system/windows/WinBase done
Event: 1.316 Loading class org/lwjgl/system/ThreadLocalUtil
Event: 1.316 Loading class org/lwjgl/system/ThreadLocalUtil done
Event: 1.320 Loading class org/lwjgl/glfw/GLFW$Functions
Event: 1.320 Loading class org/lwjgl/glfw/GLFW$Functions done

Classes unloaded (0 events):
No events

Classes redefined (0 events):
No events

Internal exceptions (19 events):
Event: 0.991 Thread 0x000001d18899bb20 Exception <a 'java/lang/NoSuchMethodError'{0x00000007124b6258}: 'void java.lang.invoke.DirectMethodHandle$Holder.invokeStatic(java.lang.Object, java.lang.Object, java.lang.Object)'> (0x00000007124b6258) 
thrown [s\open\src\hotspot\share\interpreter\linkResolver.cpp, line 773]
Event: 1.002 Thread 0x000001d18899bb20 Exception <a 'java/lang/NoSuchMethodError'{0x00000007124cd760}: 'java.lang.Object java.lang.invoke.Invokers$Holder.invokeExact_MT(java.lang.Object, java.lang.Object, java.lang.Object, java.lang.Object, java.lang.Object)'> (0x00000007124cd760) 
thrown [s\open\src\hotspot\share\interpreter\linkResolver.cpp, line 773]
Event: 1.156 Thread 0x000001d18899bb20 Exception <a 'java/lang/NoSuchMethodError'{0x000000071239c590}: 'void java.lang.invoke.DirectMethodHandle$Holder.invokeStatic(java.lang.Object, java.lang.Object)'> (0x000000071239c590) 
thrown [s\open\src\hotspot\share\interpreter\linkResolver.cpp, line 773]
Event: 1.158 Thread 0x000001d18899bb20 Exception <a 'java/lang/NoSuchMethodError'{0x00000007123a6b68}: 'void java.lang.System.load(java.lang.String, java.lang.Class)'> (0x00000007123a6b68) 
thrown [s\open\src\hotspot\share\interpreter\linkResolver.cpp, line 773]
Event: 1.159 Thread 0x000001d18899bb20 Exception <a 'java/lang/NoSuchMethodError'{0x00000007123a7538}: 'void java.lang.invoke.DirectMethodHandle$Holder.invokeSpecial(java.lang.Object, java.lang.Object, java.lang.Object)'> (0x00000007123a7538) 
thrown [s\open\src\hotspot\share\interpreter\linkResolver.cpp, line 773]
Event: 1.164 Thread 0x000001d18899bb20 Exception <a 'java/lang/NoSuchMethodError'{0x00000007123bb2d0}: 'java.lang.Object java.lang.invoke.DirectMethodHandle$Holder.invokeStatic(java.lang.Object, java.lang.Object, int)'> (0x00000007123bb2d0) 
thrown [s\open\src\hotspot\share\interpreter\linkResolver.cpp, line 773]
Event: 1.166 Thread 0x000001d18899bb20 Exception <a 'java/lang/NoSuchMethodError'{0x00000007123c67d0}: 'void java.lang.invoke.DelegatingMethodHandle$Holder.delegate(java.lang.Object, java.lang.Object, int, java.lang.Object)'> (0x00000007123c67d0) 
thrown [s\open\src\hotspot\share\interpreter\linkResolver.cpp, line 773]
Event: 1.167 Thread 0x000001d18899bb20 Exception <a 'java/lang/NoSuchMethodError'{0x00000007123ca4c8}: 'int java.lang.invoke.DirectMethodHandle$Holder.invokeSpecial(java.lang.Object, java.lang.Object, java.lang.Object)'> (0x00000007123ca4c8) 
thrown [s\open\src\hotspot\share\interpreter\linkResolver.cpp, line 773]
Event: 1.177 Thread 0x000001d18899bb20 Exception <a 'java/lang/NoSuchMethodError'{0x00000007123e69f0}: 'void java.lang.System.loadLibrary(java.lang.String, java.lang.Class)'> (0x00000007123e69f0) 
thrown [s\open\src\hotspot\share\interpreter\linkResolver.cpp, line 773]
Event: 1.237 Thread 0x000001d18899bb20 Exception <a 'sun/nio/fs/WindowsException'{0x00000007120a86e0}> (0x00000007120a86e0) 
thrown [s\open\src\hotspot\share\prims\jni.cpp, line 519]
Event: 1.237 Thread 0x000001d18899bb20 Exception <a 'sun/nio/fs/WindowsException'{0x00000007120a9ce8}> (0x00000007120a9ce8) 
thrown [s\open\src\hotspot\share\prims\jni.cpp, line 519]
Event: 1.263 Thread 0x000001d18899bb20 Exception <a 'sun/nio/fs/WindowsException'{0x00000007120dc3a0}> (0x00000007120dc3a0) 
thrown [s\open\src\hotspot\share\prims\jni.cpp, line 519]
Event: 1.264 Thread 0x000001d18899bb20 Exception <a 'sun/nio/fs/WindowsException'{0x00000007120dc700}> (0x00000007120dc700) 
thrown [s\open\src\hotspot\share\prims\jni.cpp, line 519]
Event: 1.292 Thread 0x000001d18899bb20 Exception <a 'java/lang/NoSuchMethodError'{0x000000071214a2c0}: 'int java.lang.invoke.DirectMethodHandle$Holder.invokeStaticInit(java.lang.Object, java.lang.Object, int, long)'> (0x000000071214a2c0) 
thrown [s\open\src\hotspot\share\interpreter\linkResolver.cpp, line 773]
Event: 1.297 Thread 0x000001d18899bb20 Exception <a 'java/lang/NoSuchMethodError'{0x000000071214f8f8}: 'java.lang.Object java.lang.invoke.DirectMethodHandle$Holder.newInvokeSpecial(java.lang.Object, java.lang.Object, int)'> (0x000000071214f8f8) 
thrown [s\open\src\hotspot\share\interpreter\linkResolver.cpp, line 773]
Event: 1.301 Thread 0x000001d18899bb20 Exception <a 'java/lang/NoSuchMethodError'{0x00000007121631b0}: 'int java.lang.invoke.DirectMethodHandle$Holder.invokeStaticInit(java.lang.Object, java.lang.Object, long, long)'> (0x00000007121631b0) 
thrown [s\open\src\hotspot\share\interpreter\linkResolver.cpp, line 773]
Event: 1.303 Thread 0x000001d18899bb20 Exception <a 'java/lang/NoSuchMethodError'{0x0000000712169298}: 'java.lang.Object java.lang.invoke.DirectMethodHandle$Holder.newInvokeSpecial(java.lang.Object, java.lang.Object, long)'> (0x0000000712169298) 
thrown [s\open\src\hotspot\share\interpreter\linkResolver.cpp, line 773]
Event: 1.304 Thread 0x000001d18899bb20 Exception <a 'java/lang/NoSuchMethodError'{0x000000071216d050}: 'java.lang.Object java.lang.invoke.Invokers$Holder.linkToTargetMethod(java.lang.Object, long, java.lang.Object)'> (0x000000071216d050) 
thrown [s\open\src\hotspot\share\interpreter\linkResolver.cpp, line 773]
Event: 1.305 Thread 0x000001d18899bb20 Exception <a 'java/lang/NoSuchMethodError'{0x0000000712174088}: 'int java.lang.invoke.DirectMethodHandle$Holder.invokeStaticInit(java.lang.Object, java.lang.Object, java.lang.Object, long)'> (0x0000000712174088) 
thrown [s\open\src\hotspot\share\interpreter\linkResolver.cpp, line 773]

VM Operations (4 events):
Event: 0.983 Executing VM operation: ChangeBreakpoints
Event: 0.983 Executing VM operation: ChangeBreakpoints done
Event: 0.985 Executing VM operation: ChangeBreakpoints
Event: 0.985 Executing VM operation: ChangeBreakpoints done

Events (14 events):
Event: 0.048 Thread 0x000001d18899bb20 Thread added: 0x000001d18899bb20
Event: 0.063 Thread 0x000001d1aa235280 Thread added: 0x000001d1aa235280
Event: 0.063 Thread 0x000001d1aa236080 Thread added: 0x000001d1aa236080
Event: 0.064 Thread 0x000001d1aa23b360 Thread added: 0x000001d1aa23b360
Event: 0.064 Thread 0x000001d1ef5001b0 Thread added: 0x000001d1ef5001b0
Event: 0.064 Thread 0x000001d1ef501380 Thread added: 0x000001d1ef501380
Event: 0.064 Thread 0x000001d1ef501cc0 Thread added: 0x000001d1ef501cc0
Event: 0.064 Thread 0x000001d1ef50ce90 Thread added: 0x000001d1ef50ce90
Event: 0.064 Thread 0x000001d1ef5330d0 Thread added: 0x000001d1ef5330d0
Event: 0.101 Thread 0x000001d1ef646940 Thread added: 0x000001d1ef646940
Event: 0.133 Thread 0x000001d1ef6caec0 Thread added: 0x000001d1ef6caec0
Event: 0.133 Thread 0x000001d1ef6cbf30 Thread added: 0x000001d1ef6cbf30
Event: 0.133 Thread 0x000001d1ef6cc490 Thread added: 0x000001d1ef6cc490
Event: 1.018 Thread 0x000001d1ef71a630 Thread added: 0x000001d1ef71a630


Dynamic libraries:
0x00007ff6b0df0000 - 0x00007ff6b0dfe000 	C:\Users\ericb\.jdks\openjdk-20.0.2\bin\java.exe
0x00007ffe91850000 - 0x00007ffe91a64000 	C:\Windows\SYSTEM32\ntdll.dll
0x00007ffe8fb10000 - 0x00007ffe8fbd4000 	C:\Windows\System32\KERNEL32.DLL
0x00007ffe8f230000 - 0x00007ffe8f5d4000 	C:\Windows\System32\KERNELBASE.dll
0x00007ffe8eca0000 - 0x00007ffe8edb1000 	C:\Windows\System32\ucrtbase.dll
0x00007ffe80330000 - 0x00007ffe8034b000 	C:\Users\ericb\.jdks\openjdk-20.0.2\bin\VCRUNTIME140.dll
0x00007ffe80310000 - 0x00007ffe80327000 	C:\Users\ericb\.jdks\openjdk-20.0.2\bin\jli.dll
0x00007ffe91650000 - 0x00007ffe917fe000 	C:\Windows\System32\USER32.dll
0x00007ffe8f0d0000 - 0x00007ffe8f0f6000 	C:\Windows\System32\win32u.dll
0x00007ffe91620000 - 0x00007ffe91649000 	C:\Windows\System32\GDI32.dll
0x00007ffe83860000 - 0x00007ffe83af3000 	C:\Windows\WinSxS\amd64_microsoft.windows.common-controls_6595b64144ccf1df_6.0.22621.2215_none_270d72677387dfc3\COMCTL32.dll
0x00007ffe8ef30000 - 0x00007ffe8f048000 	C:\Windows\System32\gdi32full.dll
0x00007ffe8ec00000 - 0x00007ffe8ec9a000 	C:\Windows\System32\msvcp_win.dll
0x00007ffe904d0000 - 0x00007ffe90577000 	C:\Windows\System32\msvcrt.dll
0x00007ffe90390000 - 0x00007ffe903c1000 	C:\Windows\System32\IMM32.DLL
0x00007ffe80300000 - 0x00007ffe8030c000 	C:\Users\ericb\.jdks\openjdk-20.0.2\bin\vcruntime140_1.dll
0x00007ffe80270000 - 0x00007ffe802fe000 	C:\Users\ericb\.jdks\openjdk-20.0.2\bin\msvcp140.dll
0x00007ffe20cb0000 - 0x00007ffe21948000 	C:\Users\ericb\.jdks\openjdk-20.0.2\bin\server\jvm.dll
0x00007ffe91200000 - 0x00007ffe912b0000 	C:\Windows\System32\ADVAPI32.dll
0x00007ffe914f0000 - 0x00007ffe91596000 	C:\Windows\System32\sechost.dll
0x00007ffe91090000 - 0x00007ffe911a7000 	C:\Windows\System32\RPCRT4.dll
0x00007ffe7f730000 - 0x00007ffe7f739000 	C:\Windows\SYSTEM32\WSOCK32.dll
0x00007ffe85cc0000 - 0x00007ffe85cf4000 	C:\Windows\SYSTEM32\WINMM.dll
0x00007ffe88000000 - 0x00007ffe8800a000 	C:\Windows\SYSTEM32\VERSION.dll
0x00007ffe915a0000 - 0x00007ffe91611000 	C:\Windows\System32\WS2_32.dll
0x00007ffe8dcc0000 - 0x00007ffe8dcd8000 	C:\Windows\SYSTEM32\kernel.appcore.dll
0x00007ffe80260000 - 0x00007ffe8026a000 	C:\Users\ericb\.jdks\openjdk-20.0.2\bin\jimage.dll
0x00007ffe89160000 - 0x00007ffe8938e000 	C:\Windows\SYSTEM32\DBGHELP.DLL
0x00007ffe8fcc0000 - 0x00007ffe9004a000 	C:\Windows\System32\combase.dll
0x00007ffe913b0000 - 0x00007ffe91487000 	C:\Windows\System32\OLEAUT32.dll
0x00007ffe80e10000 - 0x00007ffe80e42000 	C:\Windows\SYSTEM32\dbgcore.DLL
0x00007ffe8f050000 - 0x00007ffe8f0ca000 	C:\Windows\System32\bcryptPrimitives.dll
0x00007ffe8b800000 - 0x00007ffe8b83c000 	C:\Users\ericb\.jdks\openjdk-20.0.2\bin\jdwp.dll
0x00007ffe8bc60000 - 0x00007ffe8bc6e000 	C:\Users\ericb\.jdks\openjdk-20.0.2\bin\instrument.dll
0x00007ffe79280000 - 0x00007ffe792a6000 	C:\Users\ericb\.jdks\openjdk-20.0.2\bin\java.dll
0x00007ffe7f950000 - 0x00007ffe7f968000 	C:\Users\ericb\.jdks\openjdk-20.0.2\bin\zip.dll
0x00007ffe7f990000 - 0x00007ffe7fa67000 	C:\Users\ericb\.jdks\openjdk-20.0.2\bin\jsvml.dll
0x00007ffe90820000 - 0x00007ffe91043000 	C:\Windows\System32\SHELL32.dll
0x00007ffe8cb50000 - 0x00007ffe8d43a000 	C:\Windows\SYSTEM32\windows.storage.dll
0x00007ffe8ca10000 - 0x00007ffe8cb4e000 	C:\Windows\SYSTEM32\wintypes.dll
0x00007ffe903d0000 - 0x00007ffe904c3000 	C:\Windows\System32\SHCORE.dll
0x00007ffe91490000 - 0x00007ffe914ee000 	C:\Windows\System32\shlwapi.dll
0x00007ffe8eb30000 - 0x00007ffe8eb56000 	C:\Windows\SYSTEM32\profapi.dll
0x00007ffe880c0000 - 0x00007ffe880cc000 	C:\Users\ericb\.jdks\openjdk-20.0.2\bin\dt_socket.dll
0x00007ffe8d710000 - 0x00007ffe8d73d000 	C:\Windows\SYSTEM32\IPHLPAPI.DLL
0x00007ffe8e1c0000 - 0x00007ffe8e229000 	C:\Windows\system32\mswsock.dll
0x00007ffe80240000 - 0x00007ffe80253000 	C:\Users\ericb\.jdks\openjdk-20.0.2\bin\net.dll
0x00007ffe88c70000 - 0x00007ffe88da7000 	C:\Windows\SYSTEM32\WINHTTP.dll
0x00007ffe7f970000 - 0x00007ffe7f986000 	C:\Users\ericb\.jdks\openjdk-20.0.2\bin\nio.dll
0x00007ffe87900000 - 0x00007ffe87975000 	C:\Users\ericb\AppData\Local\Temp\lwjglericb\3.3.1-build-7\lwjgl.dll
0x00007ffe87890000 - 0x00007ffe878f1000 	C:\Users\ericb\AppData\Local\Temp\lwjglericb\3.3.1-build-7\glfw.dll

dbghelp: loaded successfully - version: 4.0.5 - missing functions: none
symbol engine: initialized successfully - sym options: 0x614 - pdb path: .;C:\Users\ericb\.jdks\openjdk-20.0.2\bin;C:\Windows\SYSTEM32;C:\Windows\WinSxS\amd64_microsoft.windows.common-controls_6595b64144ccf1df_6.0.22621.2215_none_270d72677387dfc3;C:\Users\ericb\.jdks\openjdk-20.0.2\bin\server;C:\Users\ericb\AppData\Local\Temp\lwjglericb\3.3.1-build-7

VM Arguments:
jvm_args: -agentlib:jdwp=transport=dt_socket,address=127.0.0.1:52491,suspend=y,server=n -javaagent:C:\Users\ericb\AppData\Local\JetBrains\IdeaIC2023.2\captureAgent\debugger-agent.jar -Dfile.encoding=UTF-8 -Dsun.stdout.encoding=UTF-8 -Dsun.stderr.encoding=UTF-8 
java_command: ShadowDance
java_class_path (initial): C:\Users\ericb\ecberg-project-2\target\classes;C:\Users\ericb\.m2\repository\org\lwjgl\lwjgl\3.3.1\lwjgl-3.3.1.jar;C:\Users\ericb\.m2\repository\org\lwjgl\lwjgl-assimp\3.3.1\lwjgl-assimp-3.3.1.jar;C:\Users\ericb\.m2\repository\org\lwjgl\lwjgl-glfw\3.3.1\lwjgl-glfw-3.3.1.jar;C:\Users\ericb\.m2\repository\org\lwjgl\lwjgl-openal\3.3.1\lwjgl-openal-3.3.1.jar;C:\Users\ericb\.m2\repository\org\lwjgl\lwjgl-opengl\3.3.1\lwjgl-opengl-3.3.1.jar;C:\Users\ericb\.m2\repository\org\lwjgl\lwjgl-stb\3.3.1\lwjgl-stb-3.3.1.jar;C:\Users\ericb\.m2\repository\org\lwjgl\lwjgl\3.3.1\lwjgl-3.3.1-natives-windows.jar;C:\Users\ericb\.m2\repository\org\lwjgl\lwjgl-assimp\3.3.1\lwjgl-assimp-3.3.1-natives-windows.jar;C:\Users\ericb\.m2\repository\org\lwjgl\lwjgl-glfw\3.3.1\lwjgl-glfw-3.3.1-natives-windows.jar;C:\Users\ericb\.m2\repository\org\lwjgl\lwjgl-openal\3.3.1\lwjgl-openal-3.3.1-natives-windows.jar;C:\Users\ericb\.m2\repository\org\lwjgl\lwjgl-opengl\3.3.1\lwjgl-opengl-3.3.1-natives-windows.jar;C:\Users\ericb\.m2\repository\org\lwjgl\lwjgl-stb\3.3.1\lwjgl-stb-3.3.1-natives-windows.jar;C:\Users\ericb\.m2\repository\io\github\eleanor-em\bagel\1.9.3\bagel-1.9.3.jar;C:\Program Files\JetBrains\IntelliJ IDEA Community Edition 2023.2\lib\idea_rt.jar
Launcher Type: SUN_STANDARD

[Global flags]
     intx CICompilerCount                          = 4                                         {product} {ergonomic}
     uint ConcGCThreads                            = 3                                         {product} {ergonomic}
     uint G1ConcRefinementThreads                  = 10                                        {product} {ergonomic}
   size_t G1HeapRegionSize                         = 2097152                                   {product} {ergonomic}
    uintx GCDrainStackTargetSize                   = 64                                        {product} {ergonomic}
   size_t InitialHeapSize                          = 266338304                                 {product} {ergonomic}
   size_t MarkStackSize                            = 4194304                                   {product} {ergonomic}
   size_t MaxHeapSize                              = 4250927104                                {product} {ergonomic}
   size_t MaxNewSize                               = 2550136832                                {product} {ergonomic}
   size_t MinHeapDeltaBytes                        = 2097152                                   {product} {ergonomic}
   size_t MinHeapSize                              = 8388608                                   {product} {ergonomic}
    uintx NonNMethodCodeHeapSize                   = 5839372                                {pd product} {ergonomic}
    uintx NonProfiledCodeHeapSize                  = 122909434                              {pd product} {ergonomic}
    uintx ProfiledCodeHeapSize                     = 122909434                              {pd product} {ergonomic}
    uintx ReservedCodeCacheSize                    = 251658240                              {pd product} {ergonomic}
     bool SegmentedCodeCache                       = true                                      {product} {ergonomic}
   size_t SoftMaxHeapSize                          = 4250927104                             {manageable} {ergonomic}
     bool UseCompressedClassPointers               = true                           {product lp64_product} {ergonomic}
     bool UseCompressedOops                        = true                           {product lp64_product} {ergonomic}
     bool UseG1GC                                  = true                                      {product} {ergonomic}
     bool UseLargePagesIndividualAllocation        = false                                  {pd product} {ergonomic}

Logging:
Log output configuration:
 #0: stdout all=warning uptime,level,tags foldmultilines=false
 #1: stderr all=off uptime,level,tags foldmultilines=false

Environment Variables:
PATH=C:\Windows\system32;C:\Windows;C:\Windows\System32\Wbem;C:\Windows\System32\WindowsPowerShell\v1.0\;C:\Windows\System32\OpenSSH\;C:\Program Files\Git\cmd;C:\Users\ericb\AppData\Local\Microsoft\WindowsApps;;C:\Users\ericb\AppData\Local\Programs\Microsoft VS Code\bin
USERNAME=ericb
OS=Windows_NT
PROCESSOR_IDENTIFIER=Intel64 Family 6 Model 154 Stepping 4, GenuineIntel
TMP=C:\Users\ericb\AppData\Local\Temp
TEMP=C:\Users\ericb\AppData\Local\Temp




---------------  S Y S T E M  ---------------

OS:
 Windows 11 , 64 bit Build 22621 (10.0.22621.2215)
OS uptime: 2 days 0:31 hours
Hyper-V role detected

CPU: total 12 (initial active 12) (6 cores per cpu, 2 threads per core) family 6 model 154 stepping 4 microcode 0x420, cx8, cmov, fxsr, ht, mmx, 3dnowpref, sse, sse2, sse3, ssse3, sse4.1, sse4.2, popcnt, lzcnt, tsc, tscinvbit, avx, avx2, aes, erms, clmul, bmi1, bmi2, adx, sha, fma, vzeroupper, clflush, clflushopt, clwb, hv, serialize, rdtscp, rdpid, fsrm, f16c, cet_ibt, cet_ss

Memory: 4k page, system-wide physical 16209M (8549M free)
TotalPageFile size 17361M (AvailPageFile size 7461M)
current process WorkingSet (physical memory assigned to process): 48M, peak: 48M
current process commit charge ("private bytes"): 347M, peak: 347M

vm_info: OpenJDK 64-Bit Server VM (20.0.2+9-78) for windows-amd64 JRE (20.0.2+9-78), built on 2023-06-14T10:08:48Z by "mach5one" with MS VC++ 17.1 (VS2022)

END.
