#
# A fatal error has been detected by the Java Runtime Environment:
#
#  EXCEPTION_ACCESS_VIOLATION (0xc0000005) at pc=0x0000000000000000, pid=1684, tid=20468
#
# JRE version: OpenJDK Runtime Environment (20.0.2+9) (build 20.0.2+9-78)
# Java VM: OpenJDK 64-Bit Server VM (20.0.2+9-78, mixed mode, sharing, tiered, compressed oops, compressed class ptrs, g1 gc, windows-amd64)
# Problematic frame:
# C  [jdwp.dll+0x1611f]
#
# No core dump will be written. Minidumps are not enabled by default on client versions of Windows
#
# If you would like to submit a bug report, please visit:
#   https://bugreport.java.com/bugreport/crash.jsp
# The crash happened outside the Java Virtual Machine in native code.
# See problematic frame for where to report the bug.
#

---------------  S U M M A R Y ------------

Command Line: -agentlib:jdwp=transport=dt_socket,address=127.0.0.1:52165,suspend=y,server=n -javaagent:C:\Users\ericb\AppData\Local\JetBrains\IdeaIC2023.2\captureAgent\debugger-agent.jar -Dfile.encoding=UTF-8 -Dsun.stdout.encoding=UTF-8 -Dsun.stderr.encoding=UTF-8 ShadowDance

Host: 12th Gen Intel(R) Core(TM) i7-1255U, 12 cores, 15G,  Windows 11 , 64 bit Build 22621 (10.0.22621.2215)
Time: Sat Sep 23 23:04:34 2023 AUS Eastern Standard Time elapsed time: 1.458784 seconds (0d 0h 0m 1s)

---------------  T H R E A D  ---------------

Current thread (0x0000019c5b5a9220):  JavaThread "main" [_thread_in_native, id=20468, stack(0x000000854c300000,0x000000854c400000)]

Stack: [0x000000854c300000,0x000000854c400000],  sp=0x000000854c3fe320,  free space=1016k
Native frames: (J=compiled Java code, j=interpreted, Vv=VM code, C=native code)

Java frames: (J=compiled Java code, j=interpreted, Vv=VM code)
j  org.lwjgl.glfw.GLFW.glfwInit()Z+0
j  bagel.AbstractGame.<clinit>()V+19
v  ~StubRoutines::call_stub 0x0000019c6aba100d

siginfo: EXCEPTION_ACCESS_VIOLATION (0xc0000005), data execution prevention violation at address 0x0000000000000000


Registers:
RAX=0x0000019c7f56a3b0, RBX=0x0000019c7af2f0f0, RCX=0x0000019c5b5a9500, RDX=0x0000019c7af2f0f0
RSP=0x000000854c3fe318, RBP=0x0000000000000002, RSI=0x000000854c3fe3c0, RDI=0x0000019c5b5a9500
R8 =0x0000000000010002, R9 =0x0000000000000000, R10=0x00007ff9a7750000, R11=0x000000854c3fe2e8
R12=0x0000000000000007, R13=0x0000019c594cedb0, R14=0x00007ff99a2f0300, R15=0x0000000000000000
RIP=0x0000000000000000, EFLAGS=0x0000000000010202


Register to memory mapping:

RIP=0x0 is NULL
RAX=0x0000019c7f56a3b0 points into unknown readable memory: 0x0000000000000000 | 00 00 00 00 00 00 00 00
RBX=0x0000019c7af2f0f0 points into unknown readable memory: 0x0000000712609a80 | 80 9a 60 12 07 00 00 00
RCX=0x0000019c5b5a9500 points into unknown readable memory: 0x0000019c7f56a3b0 | b0 a3 56 7f 9c 01 00 00
RDX=0x0000019c7af2f0f0 points into unknown readable memory: 0x0000000712609a80 | 80 9a 60 12 07 00 00 00
RSP=0x000000854c3fe318 is pointing into the stack for thread: 0x0000019c5b5a9220
RBP=0x0000000000000002 is an unknown value
RSI=0x000000854c3fe3c0 is pointing into the stack for thread: 0x0000019c5b5a9220
RDI=0x0000019c5b5a9500 points into unknown readable memory: 0x0000019c7f56a3b0 | b0 a3 56 7f 9c 01 00 00
R8 =0x0000000000010002 is an unknown value
R9 =0x0 is NULL
R10=0x00007ff9a7750000 VCRUNTIME140.dll
R11=0x000000854c3fe2e8 is pointing into the stack for thread: 0x0000019c5b5a9220
R12=0x0000000000000007 is an unknown value
R13=0x0000019c594cedb0 points into unknown readable memory: 0x00007ff9541befe0 | e0 ef 1b 54 f9 7f 00 00
R14=0x00007ff99a2f0300 jdwp.dll
R15=0x0 is NULL


Top of Stack: (sp=0x000000854c3fe318)
0x000000854c3fe318:   00007ff99a2d611f 0000019c7af2f0f0
0x000000854c3fe328:   000000854c3fe3c0 0000000000000000
0x000000854c3fe338:   0000000000000000 00007ff9541b30b0
0x000000854c3fe348:   0000000000004ff4 0000019c593eee98
0x000000854c3fe358:   00007ff99a2f0348 0000019c7af2f0f0
0x000000854c3fe368:   00007ff99a2d279f 0000019c7af2f0f0
0x000000854c3fe378:   0000000000000002 0000019c5b5a9500
0x000000854c3fe388:   0000019c7af2f0f8 000000854c3fe520
0x000000854c3fe398:   00007ff953c0da2d 0000019c010151bc
0x000000854c3fe3a8:   000000854c3fe520 000000854c3fe520
0x000000854c3fe3b8:   00007ff953d01aef 0000000000000007
0x000000854c3fe3c8:   0000019c7af2f0f0 0000000000000000
0x000000854c3fe3d8:   0000019c7af2f0f8 0000000000000000
0x000000854c3fe3e8:   0000000000000000 0000000000000000
0x000000854c3fe3f8:   0000000000000000 0000000000000000
0x000000854c3fe408:   0000000000000000 0000000000000000
0x000000854c3fe418:   0000019c7af2f0f0 0000019c01015118
0x000000854c3fe428:   00007ff953be94e5 0000019c7af2f0f8
0x000000854c3fe438:   0000019c7f1a5590 0000019c5b5a9220
0x000000854c3fe448:   00007ff953c0ec55 0000019c593eee58
0x000000854c3fe458:   00007ff953a38f26 0000000000000000
0x000000854c3fe468:   0000019c5b5a4e70 0000019c5b5a9220
0x000000854c3fe478:   0000019c0060fcc8 0000019c59403b10
0x000000854c3fe488:   0000019c5b5a9770 0000019c5b5a9780
0x000000854c3fe498:   0000019c5b5a9b58 00000000000003d8
0x000000854c3fe4a8:   0000019c5b5a9220 0000019c5b5a9220
0x000000854c3fe4b8:   0000019c59404310 0000019c5b5a9b60
0x000000854c3fe4c8:   0000019c5b5a9b90 0000019c5b5a9c48
0x000000854c3fe4d8:   00000000000000d8 000000854c3fe4f0
0x000000854c3fe4e8:   000000854c3fe620 0000019c5b5a9220
0x000000854c3fe4f8:   0000019c59404310 0000019c5b5a9b60
0x000000854c3fe508:   0000019c5b5a9b90 0000019c5b5a9c48 

Instructions: (pc=0x00007ff99a2d611f)
0x00007ff99a2d601f:   2c 41 b8 61 02 00 00 48 8d 0d 6b 6f 01 00 48 8b
0x00007ff99a2d602f:   d3 e8 cb 50 00 00 41 8b cc e8 33 a0 ff ff 48 8b
0x00007ff99a2d603f:   d0 48 8d 0d 49 a4 01 00 e8 5c 51 00 00 4c 8b 4e
0x00007ff99a2d604f:   28 48 8d 0d 51 a4 01 00 4c 8b 46 20 48 8b 56 08
0x00007ff99a2d605f:   e8 00 0d 01 00 48 8b 05 c5 10 02 00 f6 80 10 02
0x00007ff99a2d606f:   00 00 02 74 28 41 b8 6a 02 00 00 48 8d 0d 83 63
0x00007ff99a2d607f:   01 00 48 8b d3 e8 77 50 00 00 48 8d 15 68 64 01
0x00007ff99a2d608f:   00 48 8d 0d 81 63 01 00 e8 0c 51 00 00 48 8b 07
0x00007ff99a2d609f:   48 8b cf ff 50 78 48 8b 0d 84 10 02 00 4c 8b f8
0x00007ff99a2d60af:   f6 81 10 02 00 00 02 74 28 41 b8 6b 02 00 00 48
0x00007ff99a2d60bf:   8d 0d 3f 63 01 00 48 8b d3 e8 33 50 00 00 48 8d
0x00007ff99a2d60cf:   15 5c 64 01 00 48 8d 0d 3d 63 01 00 e8 c8 50 00
0x00007ff99a2d60df:   00 48 8b 07 48 8b cf ff 90 88 00 00 00 83 3d f9
0x00007ff99a2d60ef:   0b 02 00 00 76 0c e8 6e 5c ff ff 83 25 eb 0b 02
0x00007ff99a2d60ff:   00 00 48 8b 5e 08 48 85 db 74 4b 48 8b 05 1f 10
0x00007ff99a2d610f:   02 00 80 78 13 00 74 0b 48 8b cb e8 a9 06 01 00
0x00007ff99a2d611f:   88 46 10 4d 8b c7 48 8b d6 41 8a ce e8 d8 a0 00
0x00007ff99a2d612f:   00 48 8b e8 48 85 c0 75 25 48 8b cb e8 c4 44 00
0x00007ff99a2d613f:   00 84 c0 0f 84 ea 00 00 00 48 8b d3 41 8a ce e8
0x00007ff99a2d614f:   ad 13 00 00 eb e3 e8 0e 0e 00 00 48 8b e8 4c 8b
0x00007ff99a2d615f:   cd 44 88 74 24 20 45 8b c4 48 8b d6 48 8b cf e8
0x00007ff99a2d616f:   e1 00 00 00 83 3e 14 75 0b 48 8b 05 b1 0f 02 00
0x00007ff99a2d617f:   c6 40 10 01 48 85 db 75 08 48 8b cd e8 ac 53 ff
0x00007ff99a2d618f:   ff 48 8b 05 99 0f 02 00 4d 85 ff 74 43 f6 80 10
0x00007ff99a2d619f:   02 00 00 02 74 2c 41 b8 b3 02 00 00 48 8d 15 96
0x00007ff99a2d61af:   a1 01 00 48 8d 0d 4b 62 01 00 e8 42 4f 00 00 48
0x00007ff99a2d61bf:   8d 15 db 7d 01 00 48 8d 0d 4c 62 01 00 e8 d7 4f
0x00007ff99a2d61cf:   00 00 48 8b 07 49 8b d7 48 8b cf ff 50 68 eb 41
0x00007ff99a2d61df:   f6 80 10 02 00 00 02 74 2c 41 b8 b5 02 00 00 48
0x00007ff99a2d61ef:   8d 15 53 a1 01 00 48 8d 0d 08 62 01 00 e8 ff 4e
0x00007ff99a2d61ff:   00 00 48 8d 15 28 63 01 00 48 8d 0d 09 62 01 00
0x00007ff99a2d620f:   e8 94 4f 00 00 48 8b 07 48 8b cf ff 90 88 00 00 


Stack slot to memory mapping:
stack at sp + 0 slots: 0x0000019c7af2f0f0 points into unknown readable memory: 0x0000000712609a80 | 80 9a 60 12 07 00 00 00
stack at sp + 1 slots: 0x000000854c3fe3c0 is pointing into the stack for thread: 0x0000019c5b5a9220
stack at sp + 2 slots: 0x0 is NULL
stack at sp + 3 slots: 0x0 is NULL
stack at sp + 4 slots: 0x00007ff9541b30b0 jvm.dll
stack at sp + 5 slots: 0x0000000000004ff4 is an unknown value
stack at sp + 6 slots: 0x0000019c593eee98 points into unknown readable memory: 0x8000000400000001 | 01 00 00 00 04 00 00 80
stack at sp + 7 slots: 0x00007ff99a2f0348 jdwp.dll


---------------  P R O C E S S  ---------------

Threads class SMR info:
_java_thread_list=0x0000019c7f2b9510, length=14, elements={
0x0000019c5b5a9220, 0x0000019c7af51580, 0x0000019c7af520c0, 0x0000019c7af56fb0,
0x0000019c7af5be20, 0x0000019c7af5cac0, 0x0000019c7af5d400, 0x0000019c7af60080,
0x0000019c7af65f10, 0x0000019c7af197a0, 0x0000019c7f26f820, 0x0000019c7f2a3f80,
0x0000019c7f2a6a70, 0x0000019c7f3306f0
}

Java Threads: ( => current thread )
=>0x0000019c5b5a9220 JavaThread "main" [_thread_in_native, id=20468, stack(0x000000854c300000,0x000000854c400000)]
  0x0000019c7af51580 JavaThread "Reference Handler" daemon [_thread_blocked, id=15436, stack(0x000000854ca00000,0x000000854cb00000)]
  0x0000019c7af520c0 JavaThread "Finalizer" daemon [_thread_blocked, id=348, stack(0x000000854cb00000,0x000000854cc00000)]
  0x0000019c7af56fb0 JavaThread "Signal Dispatcher" daemon [_thread_blocked, id=392, stack(0x000000854cc00000,0x000000854cd00000)]
  0x0000019c7af5be20 JavaThread "Attach Listener" daemon [_thread_blocked, id=11996, stack(0x000000854cd00000,0x000000854ce00000)]
  0x0000019c7af5cac0 JavaThread "Service Thread" daemon [_thread_blocked, id=9712, stack(0x000000854ce00000,0x000000854cf00000)]
  0x0000019c7af5d400 JavaThread "Monitor Deflation Thread" daemon [_thread_blocked, id=18056, stack(0x000000854cf00000,0x000000854d000000)]
  0x0000019c7af60080 JavaThread "C2 CompilerThread0" daemon [_thread_blocked, id=11816, stack(0x000000854d000000,0x000000854d100000)]
  0x0000019c7af65f10 JavaThread "C1 CompilerThread0" daemon [_thread_blocked, id=11036, stack(0x000000854d100000,0x000000854d200000)]
  0x0000019c7af197a0 JavaThread "Common-Cleaner" daemon [_thread_blocked, id=10588, stack(0x000000854d200000,0x000000854d300000)]
  0x0000019c7f26f820 JavaThread "JDWP Transport Listener: dt_socket" daemon [_thread_blocked, id=15652, stack(0x000000854d300000,0x000000854d400000)]
  0x0000019c7f2a3f80 JavaThread "JDWP Event Helper Thread" daemon [_thread_blocked, id=1528, stack(0x000000854d400000,0x000000854d500000)]
  0x0000019c7f2a6a70 JavaThread "JDWP Command Reader" daemon [_thread_in_native, id=11244, stack(0x000000854d500000,0x000000854d600000)]
  0x0000019c7f3306f0 JavaThread "Notification Thread" daemon [_thread_blocked, id=4748, stack(0x000000854d600000,0x000000854d700000)]

Other Threads:
  0x0000019c7af2d990 VMThread "VM Thread" [stack: 0x000000854c900000,0x000000854ca00000] [id=17436]
  0x0000019c7f347420 WatcherThread "VM Periodic Task Thread" [stack: 0x000000854d700000,0x000000854d800000] [id=11232]
  0x0000019c5b61aab0 WorkerThread "GC Thread#0" [stack: 0x000000854c400000,0x000000854c500000] [id=14120]
  0x0000019c5b62b8b0 ConcurrentGCThread "G1 Main Marker" [stack: 0x000000854c500000,0x000000854c600000] [id=19024]
  0x0000019c5b62c2e0 WorkerThread "G1 Conc#0" [stack: 0x000000854c600000,0x000000854c700000] [id=20176]
  0x0000019c5b66ea60 ConcurrentGCThread "G1 Refine#0" [stack: 0x000000854c700000,0x000000854c800000] [id=16144]
  0x0000019c7ade96c0 ConcurrentGCThread "G1 Service" [stack: 0x000000854c800000,0x000000854c900000] [id=4916]

Threads with active compile tasks:

VM state: not at safepoint (normal execution)

VM Mutex/Monitor currently owned by a thread: None

Heap address: 0x0000000702a00000, size: 4054 MB, Compressed Oops mode: Zero based, Oop shift amount: 3

CDS archive(s) mapped at: [0x0000019c00000000-0x0000019c00c60000-0x0000019c00c60000), size 12976128, SharedBaseAddress: 0x0000019c00000000, ArchiveRelocationMode: 1.
Compressed class space mapped at: 0x0000019c01000000-0x0000019c41000000, reserved size: 1073741824
Narrow klass base: 0x0000019c00000000, Narrow klass shift: 0, Narrow klass range: 0x100000000

GC Precious Log:
 CardTable entry size: 512
 Card Set container configuration: InlinePtr #cards 4 size 8 Array Of Cards #cards 16 size 48 Howl #buckets 8 coarsen threshold 3686 Howl Bitmap #cards 512 size 80 coarsen threshold 460 Card regions per heap region 1 cards per card region 4096
 CPUs: 12 total, 12 available
 Memory: 16209M
 Large Page Support: Disabled
 NUMA Support: Disabled
 Compressed Oops: Enabled (Zero based)
 Heap Region Size: 2M
 Heap Min Capacity: 8M
 Heap Initial Capacity: 254M
 Heap Max Capacity: 4054M
 Pre-touch: Disabled
 Parallel Workers: 10
 Concurrent Workers: 3
 Concurrent Refinement Workers: 10
 Periodic GC: Disabled

Heap:
 garbage-first heap   total 260096K, used 6144K [0x0000000702a00000, 0x0000000800000000)
  region size 2048K, 4 young (8192K), 0 survivors (0K)
 Metaspace       used 1906K, committed 2112K, reserved 1114112K
  class space    used 151K, committed 256K, reserved 1048576K

Heap Regions: E=young(eden), S=young(survivor), O=old, HS=humongous(starts), HC=humongous(continues), CS=collection set, F=free, OA=open archive, CA=closed archive, TAMS=top-at-mark-start, PB=parsable bottom
|   0|0x0000000702a00000, 0x0000000702a00000, 0x0000000702c00000|  0%| F|  |TAMS 0x0000000702a00000| PB 0x0000000702a00000| Untracked 
|   1|0x0000000702c00000, 0x0000000702c00000, 0x0000000702e00000|  0%| F|  |TAMS 0x0000000702c00000| PB 0x0000000702c00000| Untracked 
|   2|0x0000000702e00000, 0x0000000702e00000, 0x0000000703000000|  0%| F|  |TAMS 0x0000000702e00000| PB 0x0000000702e00000| Untracked 
|   3|0x0000000703000000, 0x0000000703000000, 0x0000000703200000|  0%| F|  |TAMS 0x0000000703000000| PB 0x0000000703000000| Untracked 
|   4|0x0000000703200000, 0x0000000703200000, 0x0000000703400000|  0%| F|  |TAMS 0x0000000703200000| PB 0x0000000703200000| Untracked 
|   5|0x0000000703400000, 0x0000000703400000, 0x0000000703600000|  0%| F|  |TAMS 0x0000000703400000| PB 0x0000000703400000| Untracked 
|   6|0x0000000703600000, 0x0000000703600000, 0x0000000703800000|  0%| F|  |TAMS 0x0000000703600000| PB 0x0000000703600000| Untracked 
|   7|0x0000000703800000, 0x0000000703800000, 0x0000000703a00000|  0%| F|  |TAMS 0x0000000703800000| PB 0x0000000703800000| Untracked 
|   8|0x0000000703a00000, 0x0000000703a00000, 0x0000000703c00000|  0%| F|  |TAMS 0x0000000703a00000| PB 0x0000000703a00000| Untracked 
|   9|0x0000000703c00000, 0x0000000703c00000, 0x0000000703e00000|  0%| F|  |TAMS 0x0000000703c00000| PB 0x0000000703c00000| Untracked 
|  10|0x0000000703e00000, 0x0000000703e00000, 0x0000000704000000|  0%| F|  |TAMS 0x0000000703e00000| PB 0x0000000703e00000| Untracked 
|  11|0x0000000704000000, 0x0000000704000000, 0x0000000704200000|  0%| F|  |TAMS 0x0000000704000000| PB 0x0000000704000000| Untracked 
|  12|0x0000000704200000, 0x0000000704200000, 0x0000000704400000|  0%| F|  |TAMS 0x0000000704200000| PB 0x0000000704200000| Untracked 
|  13|0x0000000704400000, 0x0000000704400000, 0x0000000704600000|  0%| F|  |TAMS 0x0000000704400000| PB 0x0000000704400000| Untracked 
|  14|0x0000000704600000, 0x0000000704600000, 0x0000000704800000|  0%| F|  |TAMS 0x0000000704600000| PB 0x0000000704600000| Untracked 
|  15|0x0000000704800000, 0x0000000704800000, 0x0000000704a00000|  0%| F|  |TAMS 0x0000000704800000| PB 0x0000000704800000| Untracked 
|  16|0x0000000704a00000, 0x0000000704a00000, 0x0000000704c00000|  0%| F|  |TAMS 0x0000000704a00000| PB 0x0000000704a00000| Untracked 
|  17|0x0000000704c00000, 0x0000000704c00000, 0x0000000704e00000|  0%| F|  |TAMS 0x0000000704c00000| PB 0x0000000704c00000| Untracked 
|  18|0x0000000704e00000, 0x0000000704e00000, 0x0000000705000000|  0%| F|  |TAMS 0x0000000704e00000| PB 0x0000000704e00000| Untracked 
|  19|0x0000000705000000, 0x0000000705000000, 0x0000000705200000|  0%| F|  |TAMS 0x0000000705000000| PB 0x0000000705000000| Untracked 
|  20|0x0000000705200000, 0x0000000705200000, 0x0000000705400000|  0%| F|  |TAMS 0x0000000705200000| PB 0x0000000705200000| Untracked 
|  21|0x0000000705400000, 0x0000000705400000, 0x0000000705600000|  0%| F|  |TAMS 0x0000000705400000| PB 0x0000000705400000| Untracked 
|  22|0x0000000705600000, 0x0000000705600000, 0x0000000705800000|  0%| F|  |TAMS 0x0000000705600000| PB 0x0000000705600000| Untracked 
|  23|0x0000000705800000, 0x0000000705800000, 0x0000000705a00000|  0%| F|  |TAMS 0x0000000705800000| PB 0x0000000705800000| Untracked 
|  24|0x0000000705a00000, 0x0000000705a00000, 0x0000000705c00000|  0%| F|  |TAMS 0x0000000705a00000| PB 0x0000000705a00000| Untracked 
|  25|0x0000000705c00000, 0x0000000705c00000, 0x0000000705e00000|  0%| F|  |TAMS 0x0000000705c00000| PB 0x0000000705c00000| Untracked 
|  26|0x0000000705e00000, 0x0000000705e00000, 0x0000000706000000|  0%| F|  |TAMS 0x0000000705e00000| PB 0x0000000705e00000| Untracked 
|  27|0x0000000706000000, 0x0000000706000000, 0x0000000706200000|  0%| F|  |TAMS 0x0000000706000000| PB 0x0000000706000000| Untracked 
|  28|0x0000000706200000, 0x0000000706200000, 0x0000000706400000|  0%| F|  |TAMS 0x0000000706200000| PB 0x0000000706200000| Untracked 
|  29|0x0000000706400000, 0x0000000706400000, 0x0000000706600000|  0%| F|  |TAMS 0x0000000706400000| PB 0x0000000706400000| Untracked 
|  30|0x0000000706600000, 0x0000000706600000, 0x0000000706800000|  0%| F|  |TAMS 0x0000000706600000| PB 0x0000000706600000| Untracked 
|  31|0x0000000706800000, 0x0000000706800000, 0x0000000706a00000|  0%| F|  |TAMS 0x0000000706800000| PB 0x0000000706800000| Untracked 
|  32|0x0000000706a00000, 0x0000000706a00000, 0x0000000706c00000|  0%| F|  |TAMS 0x0000000706a00000| PB 0x0000000706a00000| Untracked 
|  33|0x0000000706c00000, 0x0000000706c00000, 0x0000000706e00000|  0%| F|  |TAMS 0x0000000706c00000| PB 0x0000000706c00000| Untracked 
|  34|0x0000000706e00000, 0x0000000706e00000, 0x0000000707000000|  0%| F|  |TAMS 0x0000000706e00000| PB 0x0000000706e00000| Untracked 
|  35|0x0000000707000000, 0x0000000707000000, 0x0000000707200000|  0%| F|  |TAMS 0x0000000707000000| PB 0x0000000707000000| Untracked 
|  36|0x0000000707200000, 0x0000000707200000, 0x0000000707400000|  0%| F|  |TAMS 0x0000000707200000| PB 0x0000000707200000| Untracked 
|  37|0x0000000707400000, 0x0000000707400000, 0x0000000707600000|  0%| F|  |TAMS 0x0000000707400000| PB 0x0000000707400000| Untracked 
|  38|0x0000000707600000, 0x0000000707600000, 0x0000000707800000|  0%| F|  |TAMS 0x0000000707600000| PB 0x0000000707600000| Untracked 
|  39|0x0000000707800000, 0x0000000707800000, 0x0000000707a00000|  0%| F|  |TAMS 0x0000000707800000| PB 0x0000000707800000| Untracked 
|  40|0x0000000707a00000, 0x0000000707a00000, 0x0000000707c00000|  0%| F|  |TAMS 0x0000000707a00000| PB 0x0000000707a00000| Untracked 
|  41|0x0000000707c00000, 0x0000000707c00000, 0x0000000707e00000|  0%| F|  |TAMS 0x0000000707c00000| PB 0x0000000707c00000| Untracked 
|  42|0x0000000707e00000, 0x0000000707e00000, 0x0000000708000000|  0%| F|  |TAMS 0x0000000707e00000| PB 0x0000000707e00000| Untracked 
|  43|0x0000000708000000, 0x0000000708000000, 0x0000000708200000|  0%| F|  |TAMS 0x0000000708000000| PB 0x0000000708000000| Untracked 
|  44|0x0000000708200000, 0x0000000708200000, 0x0000000708400000|  0%| F|  |TAMS 0x0000000708200000| PB 0x0000000708200000| Untracked 
|  45|0x0000000708400000, 0x0000000708400000, 0x0000000708600000|  0%| F|  |TAMS 0x0000000708400000| PB 0x0000000708400000| Untracked 
|  46|0x0000000708600000, 0x0000000708600000, 0x0000000708800000|  0%| F|  |TAMS 0x0000000708600000| PB 0x0000000708600000| Untracked 
|  47|0x0000000708800000, 0x0000000708800000, 0x0000000708a00000|  0%| F|  |TAMS 0x0000000708800000| PB 0x0000000708800000| Untracked 
|  48|0x0000000708a00000, 0x0000000708a00000, 0x0000000708c00000|  0%| F|  |TAMS 0x0000000708a00000| PB 0x0000000708a00000| Untracked 
|  49|0x0000000708c00000, 0x0000000708c00000, 0x0000000708e00000|  0%| F|  |TAMS 0x0000000708c00000| PB 0x0000000708c00000| Untracked 
|  50|0x0000000708e00000, 0x0000000708e00000, 0x0000000709000000|  0%| F|  |TAMS 0x0000000708e00000| PB 0x0000000708e00000| Untracked 
|  51|0x0000000709000000, 0x0000000709000000, 0x0000000709200000|  0%| F|  |TAMS 0x0000000709000000| PB 0x0000000709000000| Untracked 
|  52|0x0000000709200000, 0x0000000709200000, 0x0000000709400000|  0%| F|  |TAMS 0x0000000709200000| PB 0x0000000709200000| Untracked 
|  53|0x0000000709400000, 0x0000000709400000, 0x0000000709600000|  0%| F|  |TAMS 0x0000000709400000| PB 0x0000000709400000| Untracked 
|  54|0x0000000709600000, 0x0000000709600000, 0x0000000709800000|  0%| F|  |TAMS 0x0000000709600000| PB 0x0000000709600000| Untracked 
|  55|0x0000000709800000, 0x0000000709800000, 0x0000000709a00000|  0%| F|  |TAMS 0x0000000709800000| PB 0x0000000709800000| Untracked 
|  56|0x0000000709a00000, 0x0000000709a00000, 0x0000000709c00000|  0%| F|  |TAMS 0x0000000709a00000| PB 0x0000000709a00000| Untracked 
|  57|0x0000000709c00000, 0x0000000709c00000, 0x0000000709e00000|  0%| F|  |TAMS 0x0000000709c00000| PB 0x0000000709c00000| Untracked 
|  58|0x0000000709e00000, 0x0000000709e00000, 0x000000070a000000|  0%| F|  |TAMS 0x0000000709e00000| PB 0x0000000709e00000| Untracked 
|  59|0x000000070a000000, 0x000000070a000000, 0x000000070a200000|  0%| F|  |TAMS 0x000000070a000000| PB 0x000000070a000000| Untracked 
|  60|0x000000070a200000, 0x000000070a200000, 0x000000070a400000|  0%| F|  |TAMS 0x000000070a200000| PB 0x000000070a200000| Untracked 
|  61|0x000000070a400000, 0x000000070a400000, 0x000000070a600000|  0%| F|  |TAMS 0x000000070a400000| PB 0x000000070a400000| Untracked 
|  62|0x000000070a600000, 0x000000070a600000, 0x000000070a800000|  0%| F|  |TAMS 0x000000070a600000| PB 0x000000070a600000| Untracked 
|  63|0x000000070a800000, 0x000000070a800000, 0x000000070aa00000|  0%| F|  |TAMS 0x000000070a800000| PB 0x000000070a800000| Untracked 
|  64|0x000000070aa00000, 0x000000070aa00000, 0x000000070ac00000|  0%| F|  |TAMS 0x000000070aa00000| PB 0x000000070aa00000| Untracked 
|  65|0x000000070ac00000, 0x000000070ac00000, 0x000000070ae00000|  0%| F|  |TAMS 0x000000070ac00000| PB 0x000000070ac00000| Untracked 
|  66|0x000000070ae00000, 0x000000070ae00000, 0x000000070b000000|  0%| F|  |TAMS 0x000000070ae00000| PB 0x000000070ae00000| Untracked 
|  67|0x000000070b000000, 0x000000070b000000, 0x000000070b200000|  0%| F|  |TAMS 0x000000070b000000| PB 0x000000070b000000| Untracked 
|  68|0x000000070b200000, 0x000000070b200000, 0x000000070b400000|  0%| F|  |TAMS 0x000000070b200000| PB 0x000000070b200000| Untracked 
|  69|0x000000070b400000, 0x000000070b400000, 0x000000070b600000|  0%| F|  |TAMS 0x000000070b400000| PB 0x000000070b400000| Untracked 
|  70|0x000000070b600000, 0x000000070b600000, 0x000000070b800000|  0%| F|  |TAMS 0x000000070b600000| PB 0x000000070b600000| Untracked 
|  71|0x000000070b800000, 0x000000070b800000, 0x000000070ba00000|  0%| F|  |TAMS 0x000000070b800000| PB 0x000000070b800000| Untracked 
|  72|0x000000070ba00000, 0x000000070ba00000, 0x000000070bc00000|  0%| F|  |TAMS 0x000000070ba00000| PB 0x000000070ba00000| Untracked 
|  73|0x000000070bc00000, 0x000000070bc00000, 0x000000070be00000|  0%| F|  |TAMS 0x000000070bc00000| PB 0x000000070bc00000| Untracked 
|  74|0x000000070be00000, 0x000000070be00000, 0x000000070c000000|  0%| F|  |TAMS 0x000000070be00000| PB 0x000000070be00000| Untracked 
|  75|0x000000070c000000, 0x000000070c000000, 0x000000070c200000|  0%| F|  |TAMS 0x000000070c000000| PB 0x000000070c000000| Untracked 
|  76|0x000000070c200000, 0x000000070c200000, 0x000000070c400000|  0%| F|  |TAMS 0x000000070c200000| PB 0x000000070c200000| Untracked 
|  77|0x000000070c400000, 0x000000070c400000, 0x000000070c600000|  0%| F|  |TAMS 0x000000070c400000| PB 0x000000070c400000| Untracked 
|  78|0x000000070c600000, 0x000000070c600000, 0x000000070c800000|  0%| F|  |TAMS 0x000000070c600000| PB 0x000000070c600000| Untracked 
|  79|0x000000070c800000, 0x000000070c800000, 0x000000070ca00000|  0%| F|  |TAMS 0x000000070c800000| PB 0x000000070c800000| Untracked 
|  80|0x000000070ca00000, 0x000000070ca00000, 0x000000070cc00000|  0%| F|  |TAMS 0x000000070ca00000| PB 0x000000070ca00000| Untracked 
|  81|0x000000070cc00000, 0x000000070cc00000, 0x000000070ce00000|  0%| F|  |TAMS 0x000000070cc00000| PB 0x000000070cc00000| Untracked 
|  82|0x000000070ce00000, 0x000000070ce00000, 0x000000070d000000|  0%| F|  |TAMS 0x000000070ce00000| PB 0x000000070ce00000| Untracked 
|  83|0x000000070d000000, 0x000000070d000000, 0x000000070d200000|  0%| F|  |TAMS 0x000000070d000000| PB 0x000000070d000000| Untracked 
|  84|0x000000070d200000, 0x000000070d200000, 0x000000070d400000|  0%| F|  |TAMS 0x000000070d200000| PB 0x000000070d200000| Untracked 
|  85|0x000000070d400000, 0x000000070d400000, 0x000000070d600000|  0%| F|  |TAMS 0x000000070d400000| PB 0x000000070d400000| Untracked 
|  86|0x000000070d600000, 0x000000070d600000, 0x000000070d800000|  0%| F|  |TAMS 0x000000070d600000| PB 0x000000070d600000| Untracked 
|  87|0x000000070d800000, 0x000000070d800000, 0x000000070da00000|  0%| F|  |TAMS 0x000000070d800000| PB 0x000000070d800000| Untracked 
|  88|0x000000070da00000, 0x000000070da00000, 0x000000070dc00000|  0%| F|  |TAMS 0x000000070da00000| PB 0x000000070da00000| Untracked 
|  89|0x000000070dc00000, 0x000000070dc00000, 0x000000070de00000|  0%| F|  |TAMS 0x000000070dc00000| PB 0x000000070dc00000| Untracked 
|  90|0x000000070de00000, 0x000000070de00000, 0x000000070e000000|  0%| F|  |TAMS 0x000000070de00000| PB 0x000000070de00000| Untracked 
|  91|0x000000070e000000, 0x000000070e000000, 0x000000070e200000|  0%| F|  |TAMS 0x000000070e000000| PB 0x000000070e000000| Untracked 
|  92|0x000000070e200000, 0x000000070e200000, 0x000000070e400000|  0%| F|  |TAMS 0x000000070e200000| PB 0x000000070e200000| Untracked 
|  93|0x000000070e400000, 0x000000070e400000, 0x000000070e600000|  0%| F|  |TAMS 0x000000070e400000| PB 0x000000070e400000| Untracked 
|  94|0x000000070e600000, 0x000000070e600000, 0x000000070e800000|  0%| F|  |TAMS 0x000000070e600000| PB 0x000000070e600000| Untracked 
|  95|0x000000070e800000, 0x000000070e800000, 0x000000070ea00000|  0%| F|  |TAMS 0x000000070e800000| PB 0x000000070e800000| Untracked 
|  96|0x000000070ea00000, 0x000000070ea00000, 0x000000070ec00000|  0%| F|  |TAMS 0x000000070ea00000| PB 0x000000070ea00000| Untracked 
|  97|0x000000070ec00000, 0x000000070ec00000, 0x000000070ee00000|  0%| F|  |TAMS 0x000000070ec00000| PB 0x000000070ec00000| Untracked 
|  98|0x000000070ee00000, 0x000000070ee00000, 0x000000070f000000|  0%| F|  |TAMS 0x000000070ee00000| PB 0x000000070ee00000| Untracked 
|  99|0x000000070f000000, 0x000000070f000000, 0x000000070f200000|  0%| F|  |TAMS 0x000000070f000000| PB 0x000000070f000000| Untracked 
| 100|0x000000070f200000, 0x000000070f200000, 0x000000070f400000|  0%| F|  |TAMS 0x000000070f200000| PB 0x000000070f200000| Untracked 
| 101|0x000000070f400000, 0x000000070f400000, 0x000000070f600000|  0%| F|  |TAMS 0x000000070f400000| PB 0x000000070f400000| Untracked 
| 102|0x000000070f600000, 0x000000070f600000, 0x000000070f800000|  0%| F|  |TAMS 0x000000070f600000| PB 0x000000070f600000| Untracked 
| 103|0x000000070f800000, 0x000000070f800000, 0x000000070fa00000|  0%| F|  |TAMS 0x000000070f800000| PB 0x000000070f800000| Untracked 
| 104|0x000000070fa00000, 0x000000070fa00000, 0x000000070fc00000|  0%| F|  |TAMS 0x000000070fa00000| PB 0x000000070fa00000| Untracked 
| 105|0x000000070fc00000, 0x000000070fc00000, 0x000000070fe00000|  0%| F|  |TAMS 0x000000070fc00000| PB 0x000000070fc00000| Untracked 
| 106|0x000000070fe00000, 0x000000070fe00000, 0x0000000710000000|  0%| F|  |TAMS 0x000000070fe00000| PB 0x000000070fe00000| Untracked 
| 107|0x0000000710000000, 0x0000000710000000, 0x0000000710200000|  0%| F|  |TAMS 0x0000000710000000| PB 0x0000000710000000| Untracked 
| 108|0x0000000710200000, 0x0000000710200000, 0x0000000710400000|  0%| F|  |TAMS 0x0000000710200000| PB 0x0000000710200000| Untracked 
| 109|0x0000000710400000, 0x0000000710400000, 0x0000000710600000|  0%| F|  |TAMS 0x0000000710400000| PB 0x0000000710400000| Untracked 
| 110|0x0000000710600000, 0x0000000710600000, 0x0000000710800000|  0%| F|  |TAMS 0x0000000710600000| PB 0x0000000710600000| Untracked 
| 111|0x0000000710800000, 0x0000000710800000, 0x0000000710a00000|  0%| F|  |TAMS 0x0000000710800000| PB 0x0000000710800000| Untracked 
| 112|0x0000000710a00000, 0x0000000710a00000, 0x0000000710c00000|  0%| F|  |TAMS 0x0000000710a00000| PB 0x0000000710a00000| Untracked 
| 113|0x0000000710c00000, 0x0000000710c00000, 0x0000000710e00000|  0%| F|  |TAMS 0x0000000710c00000| PB 0x0000000710c00000| Untracked 
| 114|0x0000000710e00000, 0x0000000710e00000, 0x0000000711000000|  0%| F|  |TAMS 0x0000000710e00000| PB 0x0000000710e00000| Untracked 
| 115|0x0000000711000000, 0x0000000711000000, 0x0000000711200000|  0%| F|  |TAMS 0x0000000711000000| PB 0x0000000711000000| Untracked 
| 116|0x0000000711200000, 0x0000000711200000, 0x0000000711400000|  0%| F|  |TAMS 0x0000000711200000| PB 0x0000000711200000| Untracked 
| 117|0x0000000711400000, 0x0000000711400000, 0x0000000711600000|  0%| F|  |TAMS 0x0000000711400000| PB 0x0000000711400000| Untracked 
| 118|0x0000000711600000, 0x0000000711600000, 0x0000000711800000|  0%| F|  |TAMS 0x0000000711600000| PB 0x0000000711600000| Untracked 
| 119|0x0000000711800000, 0x0000000711800000, 0x0000000711a00000|  0%| F|  |TAMS 0x0000000711800000| PB 0x0000000711800000| Untracked 
| 120|0x0000000711a00000, 0x0000000711a00000, 0x0000000711c00000|  0%| F|  |TAMS 0x0000000711a00000| PB 0x0000000711a00000| Untracked 
| 121|0x0000000711c00000, 0x0000000711c00000, 0x0000000711e00000|  0%| F|  |TAMS 0x0000000711c00000| PB 0x0000000711c00000| Untracked 
| 122|0x0000000711e00000, 0x0000000711e00000, 0x0000000712000000|  0%| F|  |TAMS 0x0000000711e00000| PB 0x0000000711e00000| Untracked 
| 123|0x0000000712000000, 0x00000007121d88a0, 0x0000000712200000| 92%| E|  |TAMS 0x0000000712000000| PB 0x0000000712000000| Complete 
| 124|0x0000000712200000, 0x0000000712400000, 0x0000000712400000|100%| E|CS|TAMS 0x0000000712200000| PB 0x0000000712200000| Complete 
| 125|0x0000000712400000, 0x0000000712600000, 0x0000000712600000|100%| E|CS|TAMS 0x0000000712400000| PB 0x0000000712400000| Complete 
| 126|0x0000000712600000, 0x0000000712800000, 0x0000000712800000|100%| E|CS|TAMS 0x0000000712600000| PB 0x0000000712600000| Complete 

Card table byte_map: [0x0000019c733b0000,0x0000019c73ba0000] _byte_map_base: 0x0000019c6fb9b000

Marking Bits: (CMBitMap*) 0x0000019c5b61b0e0
 Bits: [0x0000019c74390000, 0x0000019c782e8000)

Polling page: 0x0000019c5ad70000

Metaspace:

Usage:
  Non-class:      1.71 MB used.
      Class:    151.48 KB used.
       Both:      1.86 MB used.

Virtual space:
  Non-class space:       64.00 MB reserved,       1.81 MB (  3%) committed,  1 nodes.
      Class space:        1.00 GB reserved,     256.00 KB ( <1%) committed,  1 nodes.
             Both:        1.06 GB reserved,       2.06 MB ( <1%) committed. 

Chunk freelists:
   Non-Class:  3.42 MB
       Class:  3.67 MB
        Both:  7.09 MB

MaxMetaspaceSize: unlimited
CompressedClassSpaceSize: 1.00 GB
Initial GC threshold: 21.00 MB
Current GC threshold: 21.00 MB
CDS: on
MetaspaceReclaimPolicy: balanced
 - commit_granule_bytes: 65536.
 - commit_granule_words: 8192.
 - virtual_space_node_default_size: 8388608.
 - enlarge_chunks_in_place: 1.
 - new_chunks_are_fully_committed: 0.
 - uncommit_free_chunks: 1.
 - use_allocation_guard: 0.


Internal statistics:

num_allocs_failed_limit: 0.
num_arena_births: 74.
num_arena_deaths: 0.
num_vsnodes_births: 2.
num_vsnodes_deaths: 0.
num_space_committed: 33.
num_space_uncommitted: 0.
num_chunks_returned_to_freelist: 0.
num_chunks_taken_from_freelist: 111.
num_chunk_merges: 0.
num_chunk_splits: 73.
num_chunks_enlarged: 47.
num_inconsistent_stats: 0.

CodeHeap 'non-profiled nmethods': size=120000Kb used=145Kb max_used=145Kb free=119855Kb
 bounds [0x0000019c6b140000, 0x0000019c6b3b0000, 0x0000019c72670000]
CodeHeap 'profiled nmethods': size=120000Kb used=581Kb max_used=581Kb free=119418Kb
 bounds [0x0000019c63670000, 0x0000019c638e0000, 0x0000019c6aba0000]
CodeHeap 'non-nmethods': size=5760Kb used=1454Kb max_used=1467Kb free=4306Kb
 bounds [0x0000019c6aba0000, 0x0000019c6ae10000, 0x0000019c6b140000]
 total_blobs=895 nmethods=458 adapters=348
 compilation: enabled
              stopped_count=0, restarted_count=0
 full_count=0

Compilation events (20 events):
Event: 1.439 Thread 0x0000019c7af65f10  450       3       java.nio.Buffer::limit (65 bytes)
Event: 1.439 Thread 0x0000019c7af65f10 nmethod 450 0x0000019c636ff190 code [0x0000019c636ff340, 0x0000019c636ff620]
Event: 1.445 Thread 0x0000019c7af65f10  451       3       java.lang.StringLatin1::indexOf (36 bytes)
Event: 1.446 Thread 0x0000019c7af65f10 nmethod 451 0x0000019c636ff710 code [0x0000019c636ff8c0, 0x0000019c636ffbd8]
Event: 1.446 Thread 0x0000019c7af60080  452       4       java.util.concurrent.ConcurrentHashMap::tabAt (22 bytes)
Event: 1.447 Thread 0x0000019c7af65f10  453       1       java.security.CodeSource::getLocationNoFragString (5 bytes)
Event: 1.447 Thread 0x0000019c7af65f10 nmethod 453 0x0000019c6b163e10 code [0x0000019c6b163f80, 0x0000019c6b164050]
Event: 1.447 Thread 0x0000019c7af60080 nmethod 452 0x0000019c6b164110 code [0x0000019c6b164280, 0x0000019c6b1642f8]
Event: 1.451 Thread 0x0000019c7af65f10  454       3       jdk.internal.jimage.ImageStringsReader::hashCode (33 bytes)
Event: 1.451 Thread 0x0000019c7af65f10 nmethod 454 0x0000019c636ffd10 code [0x0000019c636ffea0, 0x0000019c63700010]
Event: 1.451 Thread 0x0000019c7af65f10  455       3       java.util.Optional::empty (6 bytes)
Event: 1.451 Thread 0x0000019c7af65f10 nmethod 455 0x0000019c63700110 code [0x0000019c637002a0, 0x0000019c63700398]
Event: 1.451 Thread 0x0000019c7af65f10  456       3       java.lang.StringBuilder::append (8 bytes)
Event: 1.451 Thread 0x0000019c7af65f10 nmethod 456 0x0000019c63700410 code [0x0000019c637005a0, 0x0000019c637006f0]
Event: 1.451 Thread 0x0000019c7af65f10  457       3       java.lang.AbstractStringBuilder::append (55 bytes)
Event: 1.452 Thread 0x0000019c7af65f10 nmethod 457 0x0000019c63700790 code [0x0000019c63700960, 0x0000019c63700ca0]
Event: 1.452 Thread 0x0000019c7af65f10  458       3       java.util.ArrayList::get (15 bytes)
Event: 1.452 Thread 0x0000019c7af65f10 nmethod 458 0x0000019c63700e10 code [0x0000019c63700fc0, 0x0000019c63701220]
Event: 1.452 Thread 0x0000019c7af65f10  459       3       sun.net.util.IPAddressUtil::earlyURLParsing (12 bytes)
Event: 1.452 Thread 0x0000019c7af65f10 nmethod 459 0x0000019c63701390 code [0x0000019c63701520, 0x0000019c63701630]

GC Heap History (0 events):
No events

Dll operation events (9 events):
Event: 0.018 Loaded shared library C:\Users\ericb\.jdks\openjdk-20.0.2\bin\java.dll
Event: 0.020 Loaded shared library C:\Users\ericb\.jdks\openjdk-20.0.2\bin\zip.dll
Event: 0.050 Loaded shared library C:\Users\ericb\.jdks\openjdk-20.0.2\bin\jsvml.dll
Event: 1.053 Loaded shared library C:\Users\ericb\.jdks\openjdk-20.0.2\bin\instrument.dll
Event: 1.137 Loaded shared library C:\Users\ericb\.jdks\openjdk-20.0.2\bin\net.dll
Event: 1.141 Loaded shared library C:\Users\ericb\.jdks\openjdk-20.0.2\bin\nio.dll
Event: 1.166 Loaded shared library C:\Users\ericb\.jdks\openjdk-20.0.2\bin\zip.dll
Event: 1.332 Loaded shared library C:\Users\ericb\.jdks\openjdk-20.0.2\bin\jimage.dll
Event: 1.387 Loaded shared library C:\Users\ericb\AppData\Local\Temp\lwjglericb\3.3.1-build-7\lwjgl.dll

Deoptimization events (10 events):
Event: 1.082 Thread 0x0000019c5b5a9220 Uncommon trap: trap_request=0xffffff45 fr.pc=0x0000019c6b152f70 relative=0x0000000000000070
Event: 1.082 Thread 0x0000019c5b5a9220 Uncommon trap: reason=unstable_if action=reinterpret pc=0x0000019c6b152f70 method=java.lang.String.isLatin1()Z @ 10 c2
Event: 1.082 Thread 0x0000019c5b5a9220 DEOPT PACKING pc=0x0000019c6b152f70 sp=0x000000854c3fe440
Event: 1.082 Thread 0x0000019c5b5a9220 DEOPT UNPACKING pc=0x0000019c6ac09d22 sp=0x000000854c3fe3e0 mode 2
Event: 1.082 Thread 0x0000019c5b5a9220 Uncommon trap: trap_request=0xffffff45 fr.pc=0x0000019c6b1513c8 relative=0x00000000000000c8
Event: 1.082 Thread 0x0000019c5b5a9220 Uncommon trap: reason=unstable_if action=reinterpret pc=0x0000019c6b1513c8 method=java.lang.String.isLatin1()Z @ 10 c2
Event: 1.082 Thread 0x0000019c5b5a9220 DEOPT PACKING pc=0x0000019c6b1513c8 sp=0x000000854c3fee50
Event: 1.082 Thread 0x0000019c5b5a9220 DEOPT UNPACKING pc=0x0000019c6ac09d22 sp=0x000000854c3feda0 mode 2
Event: 1.445 Thread 0x0000019c5b5a9220 DEOPT PACKING pc=0x0000019c6369605a sp=0x000000854c3fc5f0
Event: 1.445 Thread 0x0000019c5b5a9220 DEOPT UNPACKING pc=0x0000019c6ac0a4c2 sp=0x000000854c3fba10 mode 0

Classes loaded (20 events):
Event: 1.440 Loading class java/nio/BufferUnderflowException
Event: 1.440 Loading class java/nio/BufferUnderflowException done
Event: 1.441 Loading class org/lwjgl/system/MemoryStack
Event: 1.441 Loading class org/lwjgl/system/MemoryStack done
Event: 1.442 Loading class java/lang/IndexOutOfBoundsException
Event: 1.443 Loading class java/lang/IndexOutOfBoundsException done
Event: 1.443 Loading class org/lwjgl/system/MemoryStack$DebugMemoryStack
Event: 1.443 Loading class org/lwjgl/system/MemoryStack$DebugMemoryStack done
Event: 1.444 Loading class org/lwjgl/system/MemoryStack
Event: 1.444 Loading class org/lwjgl/system/MemoryStack done
Event: 1.444 Loading class org/lwjgl/system/MemoryStack
Event: 1.444 Loading class org/lwjgl/system/MemoryStack done
Event: 1.444 Loading class org/lwjgl/BufferUtils
Event: 1.444 Loading class org/lwjgl/BufferUtils done
Event: 1.445 Loading class org/lwjgl/system/windows/WinBase
Event: 1.445 Loading class org/lwjgl/system/windows/WinBase done
Event: 1.446 Loading class org/lwjgl/system/ThreadLocalUtil
Event: 1.446 Loading class org/lwjgl/system/ThreadLocalUtil done
Event: 1.452 Loading class org/lwjgl/glfw/GLFW$Functions
Event: 1.452 Loading class org/lwjgl/glfw/GLFW$Functions done

Classes unloaded (0 events):
No events

Classes redefined (0 events):
No events

Internal exceptions (19 events):
Event: 1.055 Thread 0x0000019c5b5a9220 Exception <a 'java/lang/NoSuchMethodError'{0x00000007124b6258}: 'void java.lang.invoke.DirectMethodHandle$Holder.invokeStatic(java.lang.Object, java.lang.Object, java.lang.Object)'> (0x00000007124b6258) 
thrown [s\open\src\hotspot\share\interpreter\linkResolver.cpp, line 773]
Event: 1.064 Thread 0x0000019c5b5a9220 Exception <a 'java/lang/NoSuchMethodError'{0x00000007124cd760}: 'java.lang.Object java.lang.invoke.Invokers$Holder.invokeExact_MT(java.lang.Object, java.lang.Object, java.lang.Object, java.lang.Object, java.lang.Object)'> (0x00000007124cd760) 
thrown [s\open\src\hotspot\share\interpreter\linkResolver.cpp, line 773]
Event: 1.265 Thread 0x0000019c5b5a9220 Exception <a 'java/lang/NoSuchMethodError'{0x000000071239b4c0}: 'void java.lang.invoke.DirectMethodHandle$Holder.invokeStatic(java.lang.Object, java.lang.Object)'> (0x000000071239b4c0) 
thrown [s\open\src\hotspot\share\interpreter\linkResolver.cpp, line 773]
Event: 1.268 Thread 0x0000019c5b5a9220 Exception <a 'java/lang/NoSuchMethodError'{0x00000007123a5a98}: 'void java.lang.System.load(java.lang.String, java.lang.Class)'> (0x00000007123a5a98) 
thrown [s\open\src\hotspot\share\interpreter\linkResolver.cpp, line 773]
Event: 1.269 Thread 0x0000019c5b5a9220 Exception <a 'java/lang/NoSuchMethodError'{0x00000007123a6468}: 'void java.lang.invoke.DirectMethodHandle$Holder.invokeSpecial(java.lang.Object, java.lang.Object, java.lang.Object)'> (0x00000007123a6468) 
thrown [s\open\src\hotspot\share\interpreter\linkResolver.cpp, line 773]
Event: 1.278 Thread 0x0000019c5b5a9220 Exception <a 'java/lang/NoSuchMethodError'{0x00000007123ba200}: 'java.lang.Object java.lang.invoke.DirectMethodHandle$Holder.invokeStatic(java.lang.Object, java.lang.Object, int)'> (0x00000007123ba200) 
thrown [s\open\src\hotspot\share\interpreter\linkResolver.cpp, line 773]
Event: 1.293 Thread 0x0000019c5b5a9220 Exception <a 'java/lang/NoSuchMethodError'{0x00000007123c5700}: 'void java.lang.invoke.DelegatingMethodHandle$Holder.delegate(java.lang.Object, java.lang.Object, int, java.lang.Object)'> (0x00000007123c5700) 
thrown [s\open\src\hotspot\share\interpreter\linkResolver.cpp, line 773]
Event: 1.295 Thread 0x0000019c5b5a9220 Exception <a 'java/lang/NoSuchMethodError'{0x00000007123c9390}: 'int java.lang.invoke.DirectMethodHandle$Holder.invokeSpecial(java.lang.Object, java.lang.Object, java.lang.Object)'> (0x00000007123c9390) 
thrown [s\open\src\hotspot\share\interpreter\linkResolver.cpp, line 773]
Event: 1.308 Thread 0x0000019c5b5a9220 Exception <a 'java/lang/NoSuchMethodError'{0x00000007123e5c68}: 'void java.lang.System.loadLibrary(java.lang.String, java.lang.Class)'> (0x00000007123e5c68) 
thrown [s\open\src\hotspot\share\interpreter\linkResolver.cpp, line 773]
Event: 1.383 Thread 0x0000019c5b5a9220 Exception <a 'sun/nio/fs/WindowsException'{0x00000007120a84d8}> (0x00000007120a84d8) 
thrown [s\open\src\hotspot\share\prims\jni.cpp, line 519]
Event: 1.384 Thread 0x0000019c5b5a9220 Exception <a 'sun/nio/fs/WindowsException'{0x00000007120a9ae0}> (0x00000007120a9ae0) 
thrown [s\open\src\hotspot\share\prims\jni.cpp, line 519]
Event: 1.408 Thread 0x0000019c5b5a9220 Exception <a 'sun/nio/fs/WindowsException'{0x00000007120dc198}> (0x00000007120dc198) 
thrown [s\open\src\hotspot\share\prims\jni.cpp, line 519]
Event: 1.408 Thread 0x0000019c5b5a9220 Exception <a 'sun/nio/fs/WindowsException'{0x00000007120dc4f8}> (0x00000007120dc4f8) 
thrown [s\open\src\hotspot\share\prims\jni.cpp, line 519]
Event: 1.429 Thread 0x0000019c5b5a9220 Exception <a 'java/lang/NoSuchMethodError'{0x000000071214a0b8}: 'int java.lang.invoke.DirectMethodHandle$Holder.invokeStaticInit(java.lang.Object, java.lang.Object, int, long)'> (0x000000071214a0b8) 
thrown [s\open\src\hotspot\share\interpreter\linkResolver.cpp, line 773]
Event: 1.431 Thread 0x0000019c5b5a9220 Exception <a 'java/lang/NoSuchMethodError'{0x000000071214f6f0}: 'java.lang.Object java.lang.invoke.DirectMethodHandle$Holder.newInvokeSpecial(java.lang.Object, java.lang.Object, int)'> (0x000000071214f6f0) 
thrown [s\open\src\hotspot\share\interpreter\linkResolver.cpp, line 773]
Event: 1.435 Thread 0x0000019c5b5a9220 Exception <a 'java/lang/NoSuchMethodError'{0x0000000712162fa8}: 'int java.lang.invoke.DirectMethodHandle$Holder.invokeStaticInit(java.lang.Object, java.lang.Object, long, long)'> (0x0000000712162fa8) 
thrown [s\open\src\hotspot\share\interpreter\linkResolver.cpp, line 773]
Event: 1.436 Thread 0x0000019c5b5a9220 Exception <a 'java/lang/NoSuchMethodError'{0x0000000712169090}: 'java.lang.Object java.lang.invoke.DirectMethodHandle$Holder.newInvokeSpecial(java.lang.Object, java.lang.Object, long)'> (0x0000000712169090) 
thrown [s\open\src\hotspot\share\interpreter\linkResolver.cpp, line 773]
Event: 1.437 Thread 0x0000019c5b5a9220 Exception <a 'java/lang/NoSuchMethodError'{0x000000071216ce48}: 'java.lang.Object java.lang.invoke.Invokers$Holder.linkToTargetMethod(java.lang.Object, long, java.lang.Object)'> (0x000000071216ce48) 
thrown [s\open\src\hotspot\share\interpreter\linkResolver.cpp, line 773]
Event: 1.437 Thread 0x0000019c5b5a9220 Exception <a 'java/lang/NoSuchMethodError'{0x0000000712173e80}: 'int java.lang.invoke.DirectMethodHandle$Holder.invokeStaticInit(java.lang.Object, java.lang.Object, java.lang.Object, long)'> (0x0000000712173e80) 
thrown [s\open\src\hotspot\share\interpreter\linkResolver.cpp, line 773]

VM Operations (4 events):
Event: 1.048 Executing VM operation: ChangeBreakpoints
Event: 1.048 Executing VM operation: ChangeBreakpoints done
Event: 1.049 Executing VM operation: ChangeBreakpoints
Event: 1.049 Executing VM operation: ChangeBreakpoints done

Events (14 events):
Event: 0.050 Thread 0x0000019c5b5a9220 Thread added: 0x0000019c5b5a9220
Event: 0.066 Thread 0x0000019c7af51580 Thread added: 0x0000019c7af51580
Event: 0.066 Thread 0x0000019c7af520c0 Thread added: 0x0000019c7af520c0
Event: 0.067 Thread 0x0000019c7af56fb0 Thread added: 0x0000019c7af56fb0
Event: 0.067 Thread 0x0000019c7af5be20 Thread added: 0x0000019c7af5be20
Event: 0.067 Thread 0x0000019c7af5cac0 Thread added: 0x0000019c7af5cac0
Event: 0.067 Thread 0x0000019c7af5d400 Thread added: 0x0000019c7af5d400
Event: 0.067 Thread 0x0000019c7af60080 Thread added: 0x0000019c7af60080
Event: 0.067 Thread 0x0000019c7af65f10 Thread added: 0x0000019c7af65f10
Event: 0.101 Thread 0x0000019c7af197a0 Thread added: 0x0000019c7af197a0
Event: 0.139 Thread 0x0000019c7f26f820 Thread added: 0x0000019c7f26f820
Event: 0.139 Thread 0x0000019c7f2a3f80 Thread added: 0x0000019c7f2a3f80
Event: 0.140 Thread 0x0000019c7f2a6a70 Thread added: 0x0000019c7f2a6a70
Event: 1.079 Thread 0x0000019c7f3306f0 Thread added: 0x0000019c7f3306f0


Dynamic libraries:
0x00007ff6bd370000 - 0x00007ff6bd37e000 	C:\Users\ericb\.jdks\openjdk-20.0.2\bin\java.exe
0x00007ff9b2410000 - 0x00007ff9b2624000 	C:\Windows\SYSTEM32\ntdll.dll
0x00007ff9b1f80000 - 0x00007ff9b2044000 	C:\Windows\System32\KERNEL32.DLL
0x00007ff9afd50000 - 0x00007ff9b00f4000 	C:\Windows\System32\KERNELBASE.dll
0x00007ff9afbb0000 - 0x00007ff9afcc1000 	C:\Windows\System32\ucrtbase.dll
0x00007ff9a7750000 - 0x00007ff9a776b000 	C:\Users\ericb\.jdks\openjdk-20.0.2\bin\VCRUNTIME140.dll
0x00007ff9a2bd0000 - 0x00007ff9a2be7000 	C:\Users\ericb\.jdks\openjdk-20.0.2\bin\jli.dll
0x00007ff9b1c00000 - 0x00007ff9b1dae000 	C:\Windows\System32\USER32.dll
0x00007ff9af8e0000 - 0x00007ff9af906000 	C:\Windows\System32\win32u.dll
0x00007ff9a2ec0000 - 0x00007ff9a3153000 	C:\Windows\WinSxS\amd64_microsoft.windows.common-controls_6595b64144ccf1df_6.0.22621.2215_none_270d72677387dfc3\COMCTL32.dll
0x00007ff9b22f0000 - 0x00007ff9b2319000 	C:\Windows\System32\GDI32.dll
0x00007ff9b2320000 - 0x00007ff9b23c7000 	C:\Windows\System32\msvcrt.dll
0x00007ff9af7c0000 - 0x00007ff9af8d8000 	C:\Windows\System32\gdi32full.dll
0x00007ff9b0100000 - 0x00007ff9b019a000 	C:\Windows\System32\msvcp_win.dll
0x00007ff9b1590000 - 0x00007ff9b15c1000 	C:\Windows\System32\IMM32.DLL
0x00007ff9a31f0000 - 0x00007ff9a31fc000 	C:\Users\ericb\.jdks\openjdk-20.0.2\bin\vcruntime140_1.dll
0x00007ff9a2b40000 - 0x00007ff9a2bce000 	C:\Users\ericb\.jdks\openjdk-20.0.2\bin\msvcp140.dll
0x00007ff953670000 - 0x00007ff954308000 	C:\Users\ericb\.jdks\openjdk-20.0.2\bin\server\jvm.dll
0x00007ff9b14e0000 - 0x00007ff9b1590000 	C:\Windows\System32\ADVAPI32.dll
0x00007ff9b0fb0000 - 0x00007ff9b1056000 	C:\Windows\System32\sechost.dll
0x00007ff9b1e60000 - 0x00007ff9b1f77000 	C:\Windows\System32\RPCRT4.dll
0x00007ff9a9450000 - 0x00007ff9a9459000 	C:\Windows\SYSTEM32\WSOCK32.dll
0x00007ff9b20e0000 - 0x00007ff9b2151000 	C:\Windows\System32\WS2_32.dll
0x00007ff9a29b0000 - 0x00007ff9a29ba000 	C:\Windows\SYSTEM32\VERSION.dll
0x00007ff9a6710000 - 0x00007ff9a6744000 	C:\Windows\SYSTEM32\WINMM.dll
0x00007ff9ae8e0000 - 0x00007ff9ae8f8000 	C:\Windows\SYSTEM32\kernel.appcore.dll
0x00007ff9a2b30000 - 0x00007ff9a2b3a000 	C:\Users\ericb\.jdks\openjdk-20.0.2\bin\jimage.dll
0x00007ff9acb20000 - 0x00007ff9acd4e000 	C:\Windows\SYSTEM32\DBGHELP.DLL
0x00007ff9b17e0000 - 0x00007ff9b1b6a000 	C:\Windows\System32\combase.dll
0x00007ff9b04e0000 - 0x00007ff9b05b7000 	C:\Windows\System32\OLEAUT32.dll
0x00007ff9a2c30000 - 0x00007ff9a2c62000 	C:\Windows\SYSTEM32\dbgcore.DLL
0x00007ff9afcd0000 - 0x00007ff9afd4a000 	C:\Windows\System32\bcryptPrimitives.dll
0x00007ff99a2c0000 - 0x00007ff99a2fc000 	C:\Users\ericb\.jdks\openjdk-20.0.2\bin\jdwp.dll
0x00007ff9a0d00000 - 0x00007ff9a0d0e000 	C:\Users\ericb\.jdks\openjdk-20.0.2\bin\instrument.dll
0x00007ff9a2b00000 - 0x00007ff9a2b26000 	C:\Users\ericb\.jdks\openjdk-20.0.2\bin\java.dll
0x00007ff9a0d20000 - 0x00007ff9a0d38000 	C:\Users\ericb\.jdks\openjdk-20.0.2\bin\zip.dll
0x00007ff9a0d60000 - 0x00007ff9a0e37000 	C:\Users\ericb\.jdks\openjdk-20.0.2\bin\jsvml.dll
0x00007ff9b0780000 - 0x00007ff9b0fa3000 	C:\Windows\System32\SHELL32.dll
0x00007ff9ad710000 - 0x00007ff9adffa000 	C:\Windows\SYSTEM32\windows.storage.dll
0x00007ff9ad5d0000 - 0x00007ff9ad70e000 	C:\Windows\SYSTEM32\wintypes.dll
0x00007ff9b03b0000 - 0x00007ff9b04a3000 	C:\Windows\System32\SHCORE.dll
0x00007ff9b1780000 - 0x00007ff9b17de000 	C:\Windows\System32\shlwapi.dll
0x00007ff9af6f0000 - 0x00007ff9af716000 	C:\Windows\SYSTEM32\profapi.dll
0x00007ff99fe20000 - 0x00007ff99fe2c000 	C:\Users\ericb\.jdks\openjdk-20.0.2\bin\dt_socket.dll
0x00007ff9ae2d0000 - 0x00007ff9ae2fd000 	C:\Windows\SYSTEM32\IPHLPAPI.DLL
0x00007ff9aed80000 - 0x00007ff9aede9000 	C:\Windows\system32\mswsock.dll
0x00007ff9a2ad0000 - 0x00007ff9a2ae3000 	C:\Users\ericb\.jdks\openjdk-20.0.2\bin\net.dll
0x00007ff9a8e30000 - 0x00007ff9a8f67000 	C:\Windows\SYSTEM32\WINHTTP.dll
0x00007ff9a0d40000 - 0x00007ff9a0d56000 	C:\Users\ericb\.jdks\openjdk-20.0.2\bin\nio.dll
0x00007ff996e30000 - 0x00007ff996ea5000 	C:\Users\ericb\AppData\Local\Temp\lwjglericb\3.3.1-build-7\lwjgl.dll
0x00007ff996dc0000 - 0x00007ff996e21000 	C:\Users\ericb\AppData\Local\Temp\lwjglericb\3.3.1-build-7\glfw.dll

dbghelp: loaded successfully - version: 4.0.5 - missing functions: none
symbol engine: initialized successfully - sym options: 0x614 - pdb path: .;C:\Users\ericb\.jdks\openjdk-20.0.2\bin;C:\Windows\SYSTEM32;C:\Windows\WinSxS\amd64_microsoft.windows.common-controls_6595b64144ccf1df_6.0.22621.2215_none_270d72677387dfc3;C:\Users\ericb\.jdks\openjdk-20.0.2\bin\server;C:\Users\ericb\AppData\Local\Temp\lwjglericb\3.3.1-build-7

VM Arguments:
jvm_args: -agentlib:jdwp=transport=dt_socket,address=127.0.0.1:52165,suspend=y,server=n -javaagent:C:\Users\ericb\AppData\Local\JetBrains\IdeaIC2023.2\captureAgent\debugger-agent.jar -Dfile.encoding=UTF-8 -Dsun.stdout.encoding=UTF-8 -Dsun.stderr.encoding=UTF-8 
java_command: ShadowDance
java_class_path (initial): C:\Users\ericb\ecberg-project-2\target\classes;C:\Users\ericb\.m2\repository\org\lwjgl\lwjgl\3.3.1\lwjgl-3.3.1.jar;C:\Users\ericb\.m2\repository\org\lwjgl\lwjgl-assimp\3.3.1\lwjgl-assimp-3.3.1.jar;C:\Users\ericb\.m2\repository\org\lwjgl\lwjgl-glfw\3.3.1\lwjgl-glfw-3.3.1.jar;C:\Users\ericb\.m2\repository\org\lwjgl\lwjgl-openal\3.3.1\lwjgl-openal-3.3.1.jar;C:\Users\ericb\.m2\repository\org\lwjgl\lwjgl-opengl\3.3.1\lwjgl-opengl-3.3.1.jar;C:\Users\ericb\.m2\repository\org\lwjgl\lwjgl-stb\3.3.1\lwjgl-stb-3.3.1.jar;C:\Users\ericb\.m2\repository\org\lwjgl\lwjgl\3.3.1\lwjgl-3.3.1-natives-windows.jar;C:\Users\ericb\.m2\repository\org\lwjgl\lwjgl-assimp\3.3.1\lwjgl-assimp-3.3.1-natives-windows.jar;C:\Users\ericb\.m2\repository\org\lwjgl\lwjgl-glfw\3.3.1\lwjgl-glfw-3.3.1-natives-windows.jar;C:\Users\ericb\.m2\repository\org\lwjgl\lwjgl-openal\3.3.1\lwjgl-openal-3.3.1-natives-windows.jar;C:\Users\ericb\.m2\repository\org\lwjgl\lwjgl-opengl\3.3.1\lwjgl-opengl-3.3.1-natives-windows.jar;C:\Users\ericb\.m2\repository\org\lwjgl\lwjgl-stb\3.3.1\lwjgl-stb-3.3.1-natives-windows.jar;C:\Users\ericb\.m2\repository\io\github\eleanor-em\bagel\1.9.3\bagel-1.9.3.jar;C:\Program Files\JetBrains\IntelliJ IDEA Community Edition 2023.2\lib\idea_rt.jar
Launcher Type: SUN_STANDARD

[Global flags]
     intx CICompilerCount                          = 4                                         {product} {ergonomic}
     uint ConcGCThreads                            = 3                                         {product} {ergonomic}
     uint G1ConcRefinementThreads                  = 10                                        {product} {ergonomic}
   size_t G1HeapRegionSize                         = 2097152                                   {product} {ergonomic}
    uintx GCDrainStackTargetSize                   = 64                                        {product} {ergonomic}
   size_t InitialHeapSize                          = 266338304                                 {product} {ergonomic}
   size_t MarkStackSize                            = 4194304                                   {product} {ergonomic}
   size_t MaxHeapSize                              = 4250927104                                {product} {ergonomic}
   size_t MaxNewSize                               = 2550136832                                {product} {ergonomic}
   size_t MinHeapDeltaBytes                        = 2097152                                   {product} {ergonomic}
   size_t MinHeapSize                              = 8388608                                   {product} {ergonomic}
    uintx NonNMethodCodeHeapSize                   = 5839372                                {pd product} {ergonomic}
    uintx NonProfiledCodeHeapSize                  = 122909434                              {pd product} {ergonomic}
    uintx ProfiledCodeHeapSize                     = 122909434                              {pd product} {ergonomic}
    uintx ReservedCodeCacheSize                    = 251658240                              {pd product} {ergonomic}
     bool SegmentedCodeCache                       = true                                      {product} {ergonomic}
   size_t SoftMaxHeapSize                          = 4250927104                             {manageable} {ergonomic}
     bool UseCompressedClassPointers               = true                           {product lp64_product} {ergonomic}
     bool UseCompressedOops                        = true                           {product lp64_product} {ergonomic}
     bool UseG1GC                                  = true                                      {product} {ergonomic}
     bool UseLargePagesIndividualAllocation        = false                                  {pd product} {ergonomic}

Logging:
Log output configuration:
 #0: stdout all=warning uptime,level,tags foldmultilines=false
 #1: stderr all=off uptime,level,tags foldmultilines=false

Environment Variables:
PATH=C:\Windows\system32;C:\Windows;C:\Windows\System32\Wbem;C:\Windows\System32\WindowsPowerShell\v1.0\;C:\Windows\System32\OpenSSH\;C:\Program Files\Git\cmd;C:\Users\ericb\AppData\Local\Microsoft\WindowsApps;;C:\Users\ericb\AppData\Local\Programs\Microsoft VS Code\bin
USERNAME=ericb
OS=Windows_NT
PROCESSOR_IDENTIFIER=Intel64 Family 6 Model 154 Stepping 4, GenuineIntel
TMP=C:\Users\ericb\AppData\Local\Temp
TEMP=C:\Users\ericb\AppData\Local\Temp




---------------  S Y S T E M  ---------------

OS:
 Windows 11 , 64 bit Build 22621 (10.0.22621.2215)
OS uptime: 7 days 4:24 hours
Hyper-V role detected

CPU: total 12 (initial active 12) (6 cores per cpu, 2 threads per core) family 6 model 154 stepping 4 microcode 0x420, cx8, cmov, fxsr, ht, mmx, 3dnowpref, sse, sse2, sse3, ssse3, sse4.1, sse4.2, popcnt, lzcnt, tsc, tscinvbit, avx, avx2, aes, erms, clmul, bmi1, bmi2, adx, sha, fma, vzeroupper, clflush, clflushopt, clwb, hv, serialize, rdtscp, rdpid, fsrm, f16c, cet_ibt, cet_ss

Memory: 4k page, system-wide physical 16209M (6579M free)
TotalPageFile size 17233M (AvailPageFile size 2455M)
current process WorkingSet (physical memory assigned to process): 47M, peak: 47M
current process commit charge ("private bytes"): 346M, peak: 346M

vm_info: OpenJDK 64-Bit Server VM (20.0.2+9-78) for windows-amd64 JRE (20.0.2+9-78), built on 2023-06-14T10:08:48Z by "mach5one" with MS VC++ 17.1 (VS2022)

END.
