#
# A fatal error has been detected by the Java Runtime Environment:
#
#  EXCEPTION_ACCESS_VIOLATION (0xc0000005) at pc=0x00007ff939077a12, pid=1784, tid=16320
#
# JRE version: OpenJDK Runtime Environment (20.0.2+9) (build 20.0.2+9-78)
# Java VM: OpenJDK 64-Bit Server VM (20.0.2+9-78, mixed mode, sharing, tiered, compressed oops, compressed class ptrs, g1 gc, windows-amd64)
# Problematic frame:
# C  [igxelpicd64.dll+0xa7a12]
#
# No core dump will be written. Minidumps are not enabled by default on client versions of Windows
#
# If you would like to submit a bug report, please visit:
#   https://bugreport.java.com/bugreport/crash.jsp
#

---------------  S U M M A R Y ------------

Command Line: -javaagent:C:\Program Files\JetBrains\IntelliJ IDEA Community Edition 2023.2\lib\idea_rt.jar=60769:C:\Program Files\JetBrains\IntelliJ IDEA Community Edition 2023.2\bin -Dfile.encoding=UTF-8 -Dsun.stdout.encoding=UTF-8 -Dsun.stderr.encoding=UTF-8 ShadowDance

Host: 12th Gen Intel(R) Core(TM) i7-1255U, 12 cores, 15G,  Windows 11 , 64 bit Build 22621 (10.0.22621.2215)
Time: Wed Sep 20 22:03:57 2023 AUS Eastern Standard Time elapsed time: 1.970677 seconds (0d 0h 0m 1s)

---------------  T H R E A D  ---------------

Current thread (0x000001d51520c660):  VMThread "VM Thread" [stack: 0x0000008d6fd00000,0x0000008d6fe00000] [id=16320]

Stack: [0x0000008d6fd00000,0x0000008d6fe00000],  sp=0x0000008d6fdfe2a0,  free space=1016k
Native frames: (J=compiled Java code, j=interpreted, Vv=VM code, C=native code)
C  [igxelpicd64.dll+0xa7a12]


siginfo: EXCEPTION_ACCESS_VIOLATION (0xc0000005), reading address 0x0000000000035898


Registers:
RAX=0x000001d5669a5eb0, RBX=0x000001d5669a5d60, RCX=0x0000000000000000, RDX=0x00000000fffffff1
RSP=0x0000008d6fdfe2a0, RBP=0x0000000000000000, RSI=0x000001d5669a6330, RDI=0x000001d55aa8bff0
R8 =0x0000000000000014, R9 =0x0000000000000001, R10=0x0000000000000000, R11=0x0000000000000246
R12=0x000001d55ad71800, R13=0x000001d566734f80, R14=0x000000000000f400, R15=0x0000000000000016
RIP=0x00007ff939077a12, EFLAGS=0x0000000000010202


Register to memory mapping:

RIP=0x00007ff939077a12 igxelpicd64.dll
RAX=0x000001d5669a5eb0 points into unknown readable memory: 0x000000000000f42e | 2e f4 00 00 00 00 00 00
RBX=0x000001d5669a5d60 points into unknown readable memory: 0x000001d55a94c460 | 60 c4 94 5a d5 01 00 00
RCX=0x0 is NULL
RDX=0x00000000fffffff1 is an unknown value
RSP=0x0000008d6fdfe2a0 points into unknown readable memory: 0x000001d55a8f71e0 | e0 71 8f 5a d5 01 00 00
RBP=0x0 is NULL
RSI=0x000001d5669a6330 points into unknown readable memory: 0x000001d566734f80 | 80 4f 73 66 d5 01 00 00
RDI=0x000001d55aa8bff0 points into unknown readable memory: 0x000001d55addb500 | 00 b5 dd 5a d5 01 00 00
R8 =0x0000000000000014 is an unknown value
R9 =0x0000000000000001 is an unknown value
R10=0x0 is NULL
R11=0x0000000000000246 is an unknown value
R12=0x000001d55ad71800 points into unknown readable memory: 0x000001d55ad71490 | 90 14 d7 5a d5 01 00 00
R13=0x000001d566734f80 points into unknown readable memory: 0x000001d55a94c460 | 60 c4 94 5a d5 01 00 00
R14=0x000000000000f400 is an unknown value
R15=0x0000000000000016 is an unknown value


Top of Stack: (sp=0x0000008d6fdfe2a0)
0x0000008d6fdfe2a0:   000001d55a8f71e0 0000000000000000
0x0000008d6fdfe2b0:   015792aa022f2faa 00007ff9b24b2d94
0x0000008d6fdfe2c0:   028b37ab028ef8aa 022bf4ab01c99fab
0x0000008d6fdfe2d0:   01d979ac021c4dac 00bf73ad01b82dad
0x0000008d6fdfe2e0:   000000000000000f 000000000000f42f
0x0000008d6fdfe2f0:   0000740416a00000 000001d55ad71858
0x0000008d6fdfe300:   0000000000000000 0000000000000000
0x0000008d6fdfe310:   0000008d6fdfe420 00007ff93905d5bf
0x0000008d6fdfe320:   000001d55a8f71e0 000001d55aa8bff0
0x0000008d6fdfe330:   01ae79b900f31a00 0277fab9022ab900
0x0000008d6fdfe340:   0000008d00000ab8 02a6f9ba00000000
0x0000008d6fdfe350:   0000000000000000 008b8ebb02168ebb
0x0000008d6fdfe360:   00b46ebc022bf4bb 025e8dbc025b89bc
0x0000008d6fdfe370:   0294d4bc012ad2bc 028aafbe008f38bd
0x0000008d6fdfe380:   024667bf01e90cbf 00842bc0009a07c0
0x0000008d6fdfe390:   00ad46c0028e3ac0 01dc0ac201f1bcc1
0x0000008d6fdfe3a0:   021615c200b213c2 01e4dec201fd8bc2
0x0000008d6fdfe3b0:   025d44c300a33ec3 000001d55ad3c900
0x0000008d6fdfe3c0:   000001d55e220000 0000000000000060
0x0000008d6fdfe3d0:   0000740416a00000 0000000000000ab8
0x0000008d6fdfe3e0:   0000000000000000 4000250000000001
0x0000008d6fdfe3f0:   0000000000000000 0000000000000000
0x0000008d6fdfe400:   0000000000000000 0000000000000000
0x0000008d6fdfe410:   0000000000000000 0000000000000000
0x0000008d6fdfe420:   0000000000000000 0000000000000000
0x0000008d6fdfe430:   0000000000000000 0000000000000000
0x0000008d6fdfe440:   0000000000000000 0000000000000000
0x0000008d6fdfe450:   0000000000000000 0000000000000000
0x0000008d6fdfe460:   0000000000000000 0000000000000000
0x0000008d6fdfe470:   0000000000000000 0000000000000000
0x0000008d6fdfe480:   0000000000000000 0000000000000000
0x0000008d6fdfe490:   0000000000000000 0000000000000000 

Instructions: (pc=0x00007ff939077a12)
0x00007ff939077912:   8b fa 48 8b e9 48 8b 1d a2 c5 f1 00 48 89 58 08
0x00007ff939077922:   48 8b cb ff 15 fd 48 a9 00 90 4c 8b af 78 02 00
0x00007ff939077932:   00 48 8b 05 26 6a e1 00 44 8b b8 a0 0b 00 00 45
0x00007ff939077942:   33 d2 45 8a f2 4c 89 97 78 02 00 00 44 89 97 80
0x00007ff939077952:   02 00 00 4c 89 97 a0 02 00 00 4c 89 97 88 02 00
0x00007ff939077962:   00 48 85 ed 75 38 8b 35 32 9f f1 00 65 48 8b 04
0x00007ff939077972:   25 58 00 00 00 b9 14 00 00 00 48 8b 04 f0 44 38
0x00007ff939077982:   14 01 0f 84 56 a3 94 00 65 48 8b 04 25 58 00 00
0x00007ff939077992:   00 bd 20 00 00 00 48 8b 04 f0 48 8b 2c 28 48 3b
0x00007ff9390779a2:   2d 89 ac f1 00 45 0f 44 fa 4d 85 ed 0f 84 2b 01
0x00007ff9390779b2:   00 00 44 8a a4 24 90 00 00 00 49 8b dd 49 8d b5
0x00007ff9390779c2:   d0 05 00 00 4c 8b 2e 45 84 e4 0f 85 39 03 00 00
0x00007ff9390779d2:   44 8b 8f c8 01 00 00 48 8b 05 80 69 e1 00 83 b8
0x00007ff9390779e2:   70 03 00 00 02 75 36 41 8d 51 f0 41 83 f9 10 0f
0x00007ff9390779f2:   83 2d 01 00 00 4a 8d 04 cd 21 00 00 00 49 03 c1
0x00007ff939077a02:   48 8d 04 c3 48 85 c0 0f 85 03 01 00 00 49 8b ca
0x00007ff939077a12:   48 3b 8d 98 58 03 00 0f 87 ce a2 94 00 48 8d 93
0x00007ff939077a22:   08 01 00 00 4c 39 93 48 06 00 00 0f 85 39 a4 94
0x00007ff939077a32:   00 44 8b 9f c8 01 00 00 48 8b 87 e0 01 00 00 4c
0x00007ff939077a42:   8b 10 44 8b 87 c8 01 00 00 41 83 f8 10 0f 83 fc
0x00007ff939077a52:   00 00 00 4b 8d 0c c0 48 8d 04 ca 48 85 c0 0f 85
0x00007ff939077a62:   b5 00 00 00 33 c9 49 3b ca 0f 86 11 01 00 00 45
0x00007ff939077a72:   33 d2 48 8b 87 78 02 00 00 48 89 06 48 89 9f 78
0x00007ff939077a82:   02 00 00 ff 87 80 02 00 00 48 8b 43 08 48 8b 88
0x00007ff939077a92:   18 01 00 00 48 81 e1 00 00 ff ff 48 81 c1 00 00
0x00007ff939077aa2:   01 00 48 01 8f 88 02 00 00 48 8b 43 08 48 8b 88
0x00007ff939077ab2:   18 01 00 00 48 01 8f a0 02 00 00 4d 85 ed 0f 85
0x00007ff939077ac2:   f6 fe ff ff 45 84 f6 44 8a a4 24 98 00 00 00 0f
0x00007ff939077ad2:   85 e1 a3 94 00 48 8b 9c 24 80 00 00 00 48 8b cf
0x00007ff939077ae2:   45 84 e4 0f 85 30 02 00 00 e8 d0 fa ff ff 90 48
0x00007ff939077af2:   8b cb 48 8b 9c 24 88 00 00 00 48 83 c4 40 41 5f
0x00007ff939077b02:   41 5e 41 5d 41 5c 5f 5e 5d 48 ff 25 0e 47 a9 00 


Stack slot to memory mapping:
stack at sp + 0 slots: 0x000001d55a8f71e0 points into unknown readable memory: 0xffffffffffffffff | ff ff ff ff ff ff ff ff
stack at sp + 1 slots: 0x0 is NULL
stack at sp + 2 slots: 0x015792aa022f2faa is an unknown value
stack at sp + 3 slots: 0x00007ff9b24b2d94 ntdll.dll
stack at sp + 4 slots: 0x028b37ab028ef8aa is an unknown value
stack at sp + 5 slots: 0x022bf4ab01c99fab is an unknown value
stack at sp + 6 slots: 0x01d979ac021c4dac is an unknown value
stack at sp + 7 slots: 0x00bf73ad01b82dad is an unknown value

VM_Operation (0x0000008d6f7fef60): Exit, mode: safepoint, requested by thread 0x000001d5757bddd0


---------------  P R O C E S S  ---------------

Threads class SMR info:
_java_thread_list=0x000001d5666bd270, length=12, elements={
0x000001d5757bddd0, 0x000001d51522af20, 0x000001d51522b960, 0x000001d51522ead0,
0x000001d51522f610, 0x000001d5152324a0, 0x000001d515234330, 0x000001d515238500,
0x000001d5152391e0, 0x000001d55a4ecb40, 0x000001d55a4ebb50, 0x000001d55a4ec5f0
}

Java Threads: ( => current thread )
  0x000001d5757bddd0 JavaThread "main" [_thread_blocked, id=13016, stack(0x0000008d6f700000,0x0000008d6f800000)]
  0x000001d51522af20 JavaThread "Reference Handler" daemon [_thread_blocked, id=15480, stack(0x0000008d6fe00000,0x0000008d6ff00000)]
  0x000001d51522b960 JavaThread "Finalizer" daemon [_thread_blocked, id=6712, stack(0x0000008d6ff00000,0x0000008d70000000)]
  0x000001d51522ead0 JavaThread "Signal Dispatcher" daemon [_thread_blocked, id=9212, stack(0x0000008d70000000,0x0000008d70100000)]
  0x000001d51522f610 JavaThread "Attach Listener" daemon [_thread_blocked, id=18396, stack(0x0000008d70100000,0x0000008d70200000)]
  0x000001d5152324a0 JavaThread "Service Thread" daemon [_thread_blocked, id=12784, stack(0x0000008d70200000,0x0000008d70300000)]
  0x000001d515234330 JavaThread "Monitor Deflation Thread" daemon [_thread_blocked, id=18484, stack(0x0000008d70300000,0x0000008d70400000)]
  0x000001d515238500 JavaThread "C2 CompilerThread0" daemon [_thread_blocked, id=19664, stack(0x0000008d70400000,0x0000008d70500000)]
  0x000001d5152391e0 JavaThread "C1 CompilerThread0" daemon [_thread_blocked, id=9412, stack(0x0000008d70500000,0x0000008d70600000)]
  0x000001d55a4ecb40 JavaThread "Common-Cleaner" daemon [_thread_blocked, id=15860, stack(0x0000008d70600000,0x0000008d70700000)]
  0x000001d55a4ebb50 JavaThread "Monitor Ctrl-Break" daemon [_thread_in_native, id=19248, stack(0x0000008d70700000,0x0000008d70800000)]
  0x000001d55a4ec5f0 JavaThread "Notification Thread" daemon [_thread_blocked, id=15840, stack(0x0000008d70800000,0x0000008d70900000)]

Other Threads:
=>0x000001d51520c660 VMThread "VM Thread" [stack: 0x0000008d6fd00000,0x0000008d6fe00000] [id=16320]
  0x000001d57582a290 WorkerThread "GC Thread#0" [stack: 0x0000008d6f800000,0x0000008d6f900000] [id=5728]
  0x000001d57583aef0 ConcurrentGCThread "G1 Main Marker" terminated
  0x000001d57583bac0 WorkerThread "G1 Conc#0" [stack: 0x0000008d6fa00000,0x0000008d6fb00000] [id=20100]
  0x000001d5150cc180 ConcurrentGCThread "G1 Refine#0" terminated
  0x000001d5150ccc20 ConcurrentGCThread "G1 Service" terminated

Threads with active compile tasks:

VM state: at safepoint (shutting down)

VM Mutex/Monitor currently owned by a thread:  ([mutex/lock_event])
[0x000001d5757baa30] Threads_lock - owner thread: 0x000001d51520c660
[0x000001d5757bb180] Heap_lock - owner thread: 0x000001d5757bddd0

Heap address: 0x0000000702a00000, size: 4054 MB, Compressed Oops mode: Zero based, Oop shift amount: 3

CDS archive(s) mapped at: [0x000001d515400000-0x000001d516060000-0x000001d516060000), size 12976128, SharedBaseAddress: 0x000001d515400000, ArchiveRelocationMode: 1.
Compressed class space mapped at: 0x000001d516400000-0x000001d556400000, reserved size: 1073741824
Narrow klass base: 0x000001d515400000, Narrow klass shift: 0, Narrow klass range: 0x100000000

GC Precious Log:
 CardTable entry size: 512
 Card Set container configuration: InlinePtr #cards 4 size 8 Array Of Cards #cards 16 size 48 Howl #buckets 8 coarsen threshold 3686 Howl Bitmap #cards 512 size 80 coarsen threshold 460 Card regions per heap region 1 cards per card region 4096
 CPUs: 12 total, 12 available
 Memory: 16209M
 Large Page Support: Disabled
 NUMA Support: Disabled
 Compressed Oops: Enabled (Zero based)
 Heap Region Size: 2M
 Heap Min Capacity: 8M
 Heap Initial Capacity: 254M
 Heap Max Capacity: 4054M
 Pre-touch: Disabled
 Parallel Workers: 10
 Concurrent Workers: 3
 Concurrent Refinement Workers: 10
 Periodic GC: Disabled

Heap:
 garbage-first heap   total 260096K, used 12288K [0x0000000702a00000, 0x0000000800000000)
  region size 2048K, 7 young (14336K), 0 survivors (0K)
 Metaspace       used 4810K, committed 5120K, reserved 1114112K
  class space    used 301K, committed 448K, reserved 1048576K

Heap Regions: E=young(eden), S=young(survivor), O=old, HS=humongous(starts), HC=humongous(continues), CS=collection set, F=free, OA=open archive, CA=closed archive, TAMS=top-at-mark-start, PB=parsable bottom
|   0|0x0000000702a00000, 0x0000000702a00000, 0x0000000702c00000|  0%| F|  |TAMS 0x0000000702a00000| PB 0x0000000702a00000| Untracked 
|   1|0x0000000702c00000, 0x0000000702c00000, 0x0000000702e00000|  0%| F|  |TAMS 0x0000000702c00000| PB 0x0000000702c00000| Untracked 
|   2|0x0000000702e00000, 0x0000000702e00000, 0x0000000703000000|  0%| F|  |TAMS 0x0000000702e00000| PB 0x0000000702e00000| Untracked 
|   3|0x0000000703000000, 0x0000000703000000, 0x0000000703200000|  0%| F|  |TAMS 0x0000000703000000| PB 0x0000000703000000| Untracked 
|   4|0x0000000703200000, 0x0000000703200000, 0x0000000703400000|  0%| F|  |TAMS 0x0000000703200000| PB 0x0000000703200000| Untracked 
|   5|0x0000000703400000, 0x0000000703400000, 0x0000000703600000|  0%| F|  |TAMS 0x0000000703400000| PB 0x0000000703400000| Untracked 
|   6|0x0000000703600000, 0x0000000703600000, 0x0000000703800000|  0%| F|  |TAMS 0x0000000703600000| PB 0x0000000703600000| Untracked 
|   7|0x0000000703800000, 0x0000000703800000, 0x0000000703a00000|  0%| F|  |TAMS 0x0000000703800000| PB 0x0000000703800000| Untracked 
|   8|0x0000000703a00000, 0x0000000703a00000, 0x0000000703c00000|  0%| F|  |TAMS 0x0000000703a00000| PB 0x0000000703a00000| Untracked 
|   9|0x0000000703c00000, 0x0000000703c00000, 0x0000000703e00000|  0%| F|  |TAMS 0x0000000703c00000| PB 0x0000000703c00000| Untracked 
|  10|0x0000000703e00000, 0x0000000703e00000, 0x0000000704000000|  0%| F|  |TAMS 0x0000000703e00000| PB 0x0000000703e00000| Untracked 
|  11|0x0000000704000000, 0x0000000704000000, 0x0000000704200000|  0%| F|  |TAMS 0x0000000704000000| PB 0x0000000704000000| Untracked 
|  12|0x0000000704200000, 0x0000000704200000, 0x0000000704400000|  0%| F|  |TAMS 0x0000000704200000| PB 0x0000000704200000| Untracked 
|  13|0x0000000704400000, 0x0000000704400000, 0x0000000704600000|  0%| F|  |TAMS 0x0000000704400000| PB 0x0000000704400000| Untracked 
|  14|0x0000000704600000, 0x0000000704600000, 0x0000000704800000|  0%| F|  |TAMS 0x0000000704600000| PB 0x0000000704600000| Untracked 
|  15|0x0000000704800000, 0x0000000704800000, 0x0000000704a00000|  0%| F|  |TAMS 0x0000000704800000| PB 0x0000000704800000| Untracked 
|  16|0x0000000704a00000, 0x0000000704a00000, 0x0000000704c00000|  0%| F|  |TAMS 0x0000000704a00000| PB 0x0000000704a00000| Untracked 
|  17|0x0000000704c00000, 0x0000000704c00000, 0x0000000704e00000|  0%| F|  |TAMS 0x0000000704c00000| PB 0x0000000704c00000| Untracked 
|  18|0x0000000704e00000, 0x0000000704e00000, 0x0000000705000000|  0%| F|  |TAMS 0x0000000704e00000| PB 0x0000000704e00000| Untracked 
|  19|0x0000000705000000, 0x0000000705000000, 0x0000000705200000|  0%| F|  |TAMS 0x0000000705000000| PB 0x0000000705000000| Untracked 
|  20|0x0000000705200000, 0x0000000705200000, 0x0000000705400000|  0%| F|  |TAMS 0x0000000705200000| PB 0x0000000705200000| Untracked 
|  21|0x0000000705400000, 0x0000000705400000, 0x0000000705600000|  0%| F|  |TAMS 0x0000000705400000| PB 0x0000000705400000| Untracked 
|  22|0x0000000705600000, 0x0000000705600000, 0x0000000705800000|  0%| F|  |TAMS 0x0000000705600000| PB 0x0000000705600000| Untracked 
|  23|0x0000000705800000, 0x0000000705800000, 0x0000000705a00000|  0%| F|  |TAMS 0x0000000705800000| PB 0x0000000705800000| Untracked 
|  24|0x0000000705a00000, 0x0000000705a00000, 0x0000000705c00000|  0%| F|  |TAMS 0x0000000705a00000| PB 0x0000000705a00000| Untracked 
|  25|0x0000000705c00000, 0x0000000705c00000, 0x0000000705e00000|  0%| F|  |TAMS 0x0000000705c00000| PB 0x0000000705c00000| Untracked 
|  26|0x0000000705e00000, 0x0000000705e00000, 0x0000000706000000|  0%| F|  |TAMS 0x0000000705e00000| PB 0x0000000705e00000| Untracked 
|  27|0x0000000706000000, 0x0000000706000000, 0x0000000706200000|  0%| F|  |TAMS 0x0000000706000000| PB 0x0000000706000000| Untracked 
|  28|0x0000000706200000, 0x0000000706200000, 0x0000000706400000|  0%| F|  |TAMS 0x0000000706200000| PB 0x0000000706200000| Untracked 
|  29|0x0000000706400000, 0x0000000706400000, 0x0000000706600000|  0%| F|  |TAMS 0x0000000706400000| PB 0x0000000706400000| Untracked 
|  30|0x0000000706600000, 0x0000000706600000, 0x0000000706800000|  0%| F|  |TAMS 0x0000000706600000| PB 0x0000000706600000| Untracked 
|  31|0x0000000706800000, 0x0000000706800000, 0x0000000706a00000|  0%| F|  |TAMS 0x0000000706800000| PB 0x0000000706800000| Untracked 
|  32|0x0000000706a00000, 0x0000000706a00000, 0x0000000706c00000|  0%| F|  |TAMS 0x0000000706a00000| PB 0x0000000706a00000| Untracked 
|  33|0x0000000706c00000, 0x0000000706c00000, 0x0000000706e00000|  0%| F|  |TAMS 0x0000000706c00000| PB 0x0000000706c00000| Untracked 
|  34|0x0000000706e00000, 0x0000000706e00000, 0x0000000707000000|  0%| F|  |TAMS 0x0000000706e00000| PB 0x0000000706e00000| Untracked 
|  35|0x0000000707000000, 0x0000000707000000, 0x0000000707200000|  0%| F|  |TAMS 0x0000000707000000| PB 0x0000000707000000| Untracked 
|  36|0x0000000707200000, 0x0000000707200000, 0x0000000707400000|  0%| F|  |TAMS 0x0000000707200000| PB 0x0000000707200000| Untracked 
|  37|0x0000000707400000, 0x0000000707400000, 0x0000000707600000|  0%| F|  |TAMS 0x0000000707400000| PB 0x0000000707400000| Untracked 
|  38|0x0000000707600000, 0x0000000707600000, 0x0000000707800000|  0%| F|  |TAMS 0x0000000707600000| PB 0x0000000707600000| Untracked 
|  39|0x0000000707800000, 0x0000000707800000, 0x0000000707a00000|  0%| F|  |TAMS 0x0000000707800000| PB 0x0000000707800000| Untracked 
|  40|0x0000000707a00000, 0x0000000707a00000, 0x0000000707c00000|  0%| F|  |TAMS 0x0000000707a00000| PB 0x0000000707a00000| Untracked 
|  41|0x0000000707c00000, 0x0000000707c00000, 0x0000000707e00000|  0%| F|  |TAMS 0x0000000707c00000| PB 0x0000000707c00000| Untracked 
|  42|0x0000000707e00000, 0x0000000707e00000, 0x0000000708000000|  0%| F|  |TAMS 0x0000000707e00000| PB 0x0000000707e00000| Untracked 
|  43|0x0000000708000000, 0x0000000708000000, 0x0000000708200000|  0%| F|  |TAMS 0x0000000708000000| PB 0x0000000708000000| Untracked 
|  44|0x0000000708200000, 0x0000000708200000, 0x0000000708400000|  0%| F|  |TAMS 0x0000000708200000| PB 0x0000000708200000| Untracked 
|  45|0x0000000708400000, 0x0000000708400000, 0x0000000708600000|  0%| F|  |TAMS 0x0000000708400000| PB 0x0000000708400000| Untracked 
|  46|0x0000000708600000, 0x0000000708600000, 0x0000000708800000|  0%| F|  |TAMS 0x0000000708600000| PB 0x0000000708600000| Untracked 
|  47|0x0000000708800000, 0x0000000708800000, 0x0000000708a00000|  0%| F|  |TAMS 0x0000000708800000| PB 0x0000000708800000| Untracked 
|  48|0x0000000708a00000, 0x0000000708a00000, 0x0000000708c00000|  0%| F|  |TAMS 0x0000000708a00000| PB 0x0000000708a00000| Untracked 
|  49|0x0000000708c00000, 0x0000000708c00000, 0x0000000708e00000|  0%| F|  |TAMS 0x0000000708c00000| PB 0x0000000708c00000| Untracked 
|  50|0x0000000708e00000, 0x0000000708e00000, 0x0000000709000000|  0%| F|  |TAMS 0x0000000708e00000| PB 0x0000000708e00000| Untracked 
|  51|0x0000000709000000, 0x0000000709000000, 0x0000000709200000|  0%| F|  |TAMS 0x0000000709000000| PB 0x0000000709000000| Untracked 
|  52|0x0000000709200000, 0x0000000709200000, 0x0000000709400000|  0%| F|  |TAMS 0x0000000709200000| PB 0x0000000709200000| Untracked 
|  53|0x0000000709400000, 0x0000000709400000, 0x0000000709600000|  0%| F|  |TAMS 0x0000000709400000| PB 0x0000000709400000| Untracked 
|  54|0x0000000709600000, 0x0000000709600000, 0x0000000709800000|  0%| F|  |TAMS 0x0000000709600000| PB 0x0000000709600000| Untracked 
|  55|0x0000000709800000, 0x0000000709800000, 0x0000000709a00000|  0%| F|  |TAMS 0x0000000709800000| PB 0x0000000709800000| Untracked 
|  56|0x0000000709a00000, 0x0000000709a00000, 0x0000000709c00000|  0%| F|  |TAMS 0x0000000709a00000| PB 0x0000000709a00000| Untracked 
|  57|0x0000000709c00000, 0x0000000709c00000, 0x0000000709e00000|  0%| F|  |TAMS 0x0000000709c00000| PB 0x0000000709c00000| Untracked 
|  58|0x0000000709e00000, 0x0000000709e00000, 0x000000070a000000|  0%| F|  |TAMS 0x0000000709e00000| PB 0x0000000709e00000| Untracked 
|  59|0x000000070a000000, 0x000000070a000000, 0x000000070a200000|  0%| F|  |TAMS 0x000000070a000000| PB 0x000000070a000000| Untracked 
|  60|0x000000070a200000, 0x000000070a200000, 0x000000070a400000|  0%| F|  |TAMS 0x000000070a200000| PB 0x000000070a200000| Untracked 
|  61|0x000000070a400000, 0x000000070a400000, 0x000000070a600000|  0%| F|  |TAMS 0x000000070a400000| PB 0x000000070a400000| Untracked 
|  62|0x000000070a600000, 0x000000070a600000, 0x000000070a800000|  0%| F|  |TAMS 0x000000070a600000| PB 0x000000070a600000| Untracked 
|  63|0x000000070a800000, 0x000000070a800000, 0x000000070aa00000|  0%| F|  |TAMS 0x000000070a800000| PB 0x000000070a800000| Untracked 
|  64|0x000000070aa00000, 0x000000070aa00000, 0x000000070ac00000|  0%| F|  |TAMS 0x000000070aa00000| PB 0x000000070aa00000| Untracked 
|  65|0x000000070ac00000, 0x000000070ac00000, 0x000000070ae00000|  0%| F|  |TAMS 0x000000070ac00000| PB 0x000000070ac00000| Untracked 
|  66|0x000000070ae00000, 0x000000070ae00000, 0x000000070b000000|  0%| F|  |TAMS 0x000000070ae00000| PB 0x000000070ae00000| Untracked 
|  67|0x000000070b000000, 0x000000070b000000, 0x000000070b200000|  0%| F|  |TAMS 0x000000070b000000| PB 0x000000070b000000| Untracked 
|  68|0x000000070b200000, 0x000000070b200000, 0x000000070b400000|  0%| F|  |TAMS 0x000000070b200000| PB 0x000000070b200000| Untracked 
|  69|0x000000070b400000, 0x000000070b400000, 0x000000070b600000|  0%| F|  |TAMS 0x000000070b400000| PB 0x000000070b400000| Untracked 
|  70|0x000000070b600000, 0x000000070b600000, 0x000000070b800000|  0%| F|  |TAMS 0x000000070b600000| PB 0x000000070b600000| Untracked 
|  71|0x000000070b800000, 0x000000070b800000, 0x000000070ba00000|  0%| F|  |TAMS 0x000000070b800000| PB 0x000000070b800000| Untracked 
|  72|0x000000070ba00000, 0x000000070ba00000, 0x000000070bc00000|  0%| F|  |TAMS 0x000000070ba00000| PB 0x000000070ba00000| Untracked 
|  73|0x000000070bc00000, 0x000000070bc00000, 0x000000070be00000|  0%| F|  |TAMS 0x000000070bc00000| PB 0x000000070bc00000| Untracked 
|  74|0x000000070be00000, 0x000000070be00000, 0x000000070c000000|  0%| F|  |TAMS 0x000000070be00000| PB 0x000000070be00000| Untracked 
|  75|0x000000070c000000, 0x000000070c000000, 0x000000070c200000|  0%| F|  |TAMS 0x000000070c000000| PB 0x000000070c000000| Untracked 
|  76|0x000000070c200000, 0x000000070c200000, 0x000000070c400000|  0%| F|  |TAMS 0x000000070c200000| PB 0x000000070c200000| Untracked 
|  77|0x000000070c400000, 0x000000070c400000, 0x000000070c600000|  0%| F|  |TAMS 0x000000070c400000| PB 0x000000070c400000| Untracked 
|  78|0x000000070c600000, 0x000000070c600000, 0x000000070c800000|  0%| F|  |TAMS 0x000000070c600000| PB 0x000000070c600000| Untracked 
|  79|0x000000070c800000, 0x000000070c800000, 0x000000070ca00000|  0%| F|  |TAMS 0x000000070c800000| PB 0x000000070c800000| Untracked 
|  80|0x000000070ca00000, 0x000000070ca00000, 0x000000070cc00000|  0%| F|  |TAMS 0x000000070ca00000| PB 0x000000070ca00000| Untracked 
|  81|0x000000070cc00000, 0x000000070cc00000, 0x000000070ce00000|  0%| F|  |TAMS 0x000000070cc00000| PB 0x000000070cc00000| Untracked 
|  82|0x000000070ce00000, 0x000000070ce00000, 0x000000070d000000|  0%| F|  |TAMS 0x000000070ce00000| PB 0x000000070ce00000| Untracked 
|  83|0x000000070d000000, 0x000000070d000000, 0x000000070d200000|  0%| F|  |TAMS 0x000000070d000000| PB 0x000000070d000000| Untracked 
|  84|0x000000070d200000, 0x000000070d200000, 0x000000070d400000|  0%| F|  |TAMS 0x000000070d200000| PB 0x000000070d200000| Untracked 
|  85|0x000000070d400000, 0x000000070d400000, 0x000000070d600000|  0%| F|  |TAMS 0x000000070d400000| PB 0x000000070d400000| Untracked 
|  86|0x000000070d600000, 0x000000070d600000, 0x000000070d800000|  0%| F|  |TAMS 0x000000070d600000| PB 0x000000070d600000| Untracked 
|  87|0x000000070d800000, 0x000000070d800000, 0x000000070da00000|  0%| F|  |TAMS 0x000000070d800000| PB 0x000000070d800000| Untracked 
|  88|0x000000070da00000, 0x000000070da00000, 0x000000070dc00000|  0%| F|  |TAMS 0x000000070da00000| PB 0x000000070da00000| Untracked 
|  89|0x000000070dc00000, 0x000000070dc00000, 0x000000070de00000|  0%| F|  |TAMS 0x000000070dc00000| PB 0x000000070dc00000| Untracked 
|  90|0x000000070de00000, 0x000000070de00000, 0x000000070e000000|  0%| F|  |TAMS 0x000000070de00000| PB 0x000000070de00000| Untracked 
|  91|0x000000070e000000, 0x000000070e000000, 0x000000070e200000|  0%| F|  |TAMS 0x000000070e000000| PB 0x000000070e000000| Untracked 
|  92|0x000000070e200000, 0x000000070e200000, 0x000000070e400000|  0%| F|  |TAMS 0x000000070e200000| PB 0x000000070e200000| Untracked 
|  93|0x000000070e400000, 0x000000070e400000, 0x000000070e600000|  0%| F|  |TAMS 0x000000070e400000| PB 0x000000070e400000| Untracked 
|  94|0x000000070e600000, 0x000000070e600000, 0x000000070e800000|  0%| F|  |TAMS 0x000000070e600000| PB 0x000000070e600000| Untracked 
|  95|0x000000070e800000, 0x000000070e800000, 0x000000070ea00000|  0%| F|  |TAMS 0x000000070e800000| PB 0x000000070e800000| Untracked 
|  96|0x000000070ea00000, 0x000000070ea00000, 0x000000070ec00000|  0%| F|  |TAMS 0x000000070ea00000| PB 0x000000070ea00000| Untracked 
|  97|0x000000070ec00000, 0x000000070ec00000, 0x000000070ee00000|  0%| F|  |TAMS 0x000000070ec00000| PB 0x000000070ec00000| Untracked 
|  98|0x000000070ee00000, 0x000000070ee00000, 0x000000070f000000|  0%| F|  |TAMS 0x000000070ee00000| PB 0x000000070ee00000| Untracked 
|  99|0x000000070f000000, 0x000000070f000000, 0x000000070f200000|  0%| F|  |TAMS 0x000000070f000000| PB 0x000000070f000000| Untracked 
| 100|0x000000070f200000, 0x000000070f200000, 0x000000070f400000|  0%| F|  |TAMS 0x000000070f200000| PB 0x000000070f200000| Untracked 
| 101|0x000000070f400000, 0x000000070f400000, 0x000000070f600000|  0%| F|  |TAMS 0x000000070f400000| PB 0x000000070f400000| Untracked 
| 102|0x000000070f600000, 0x000000070f600000, 0x000000070f800000|  0%| F|  |TAMS 0x000000070f600000| PB 0x000000070f600000| Untracked 
| 103|0x000000070f800000, 0x000000070f800000, 0x000000070fa00000|  0%| F|  |TAMS 0x000000070f800000| PB 0x000000070f800000| Untracked 
| 104|0x000000070fa00000, 0x000000070fa00000, 0x000000070fc00000|  0%| F|  |TAMS 0x000000070fa00000| PB 0x000000070fa00000| Untracked 
| 105|0x000000070fc00000, 0x000000070fc00000, 0x000000070fe00000|  0%| F|  |TAMS 0x000000070fc00000| PB 0x000000070fc00000| Untracked 
| 106|0x000000070fe00000, 0x000000070fe00000, 0x0000000710000000|  0%| F|  |TAMS 0x000000070fe00000| PB 0x000000070fe00000| Untracked 
| 107|0x0000000710000000, 0x0000000710000000, 0x0000000710200000|  0%| F|  |TAMS 0x0000000710000000| PB 0x0000000710000000| Untracked 
| 108|0x0000000710200000, 0x0000000710200000, 0x0000000710400000|  0%| F|  |TAMS 0x0000000710200000| PB 0x0000000710200000| Untracked 
| 109|0x0000000710400000, 0x0000000710400000, 0x0000000710600000|  0%| F|  |TAMS 0x0000000710400000| PB 0x0000000710400000| Untracked 
| 110|0x0000000710600000, 0x0000000710600000, 0x0000000710800000|  0%| F|  |TAMS 0x0000000710600000| PB 0x0000000710600000| Untracked 
| 111|0x0000000710800000, 0x0000000710800000, 0x0000000710a00000|  0%| F|  |TAMS 0x0000000710800000| PB 0x0000000710800000| Untracked 
| 112|0x0000000710a00000, 0x0000000710a00000, 0x0000000710c00000|  0%| F|  |TAMS 0x0000000710a00000| PB 0x0000000710a00000| Untracked 
| 113|0x0000000710c00000, 0x0000000710c00000, 0x0000000710e00000|  0%| F|  |TAMS 0x0000000710c00000| PB 0x0000000710c00000| Untracked 
| 114|0x0000000710e00000, 0x0000000710e00000, 0x0000000711000000|  0%| F|  |TAMS 0x0000000710e00000| PB 0x0000000710e00000| Untracked 
| 115|0x0000000711000000, 0x0000000711000000, 0x0000000711200000|  0%| F|  |TAMS 0x0000000711000000| PB 0x0000000711000000| Untracked 
| 116|0x0000000711200000, 0x0000000711200000, 0x0000000711400000|  0%| F|  |TAMS 0x0000000711200000| PB 0x0000000711200000| Untracked 
| 117|0x0000000711400000, 0x0000000711400000, 0x0000000711600000|  0%| F|  |TAMS 0x0000000711400000| PB 0x0000000711400000| Untracked 
| 118|0x0000000711600000, 0x0000000711600000, 0x0000000711800000|  0%| F|  |TAMS 0x0000000711600000| PB 0x0000000711600000| Untracked 
| 119|0x0000000711800000, 0x0000000711800000, 0x0000000711a00000|  0%| F|  |TAMS 0x0000000711800000| PB 0x0000000711800000| Untracked 
| 120|0x0000000711a00000, 0x0000000711ae1c90, 0x0000000711c00000| 44%| E|  |TAMS 0x0000000711a00000| PB 0x0000000711a00000| Complete 
| 121|0x0000000711c00000, 0x0000000711e00000, 0x0000000711e00000|100%| E|CS|TAMS 0x0000000711c00000| PB 0x0000000711c00000| Complete 
| 122|0x0000000711e00000, 0x0000000712000000, 0x0000000712000000|100%| E|CS|TAMS 0x0000000711e00000| PB 0x0000000711e00000| Complete 
| 123|0x0000000712000000, 0x0000000712200000, 0x0000000712200000|100%| E|CS|TAMS 0x0000000712000000| PB 0x0000000712000000| Complete 
| 124|0x0000000712200000, 0x0000000712400000, 0x0000000712400000|100%| E|CS|TAMS 0x0000000712200000| PB 0x0000000712200000| Complete 
| 125|0x0000000712400000, 0x0000000712600000, 0x0000000712600000|100%| E|CS|TAMS 0x0000000712400000| PB 0x0000000712400000| Complete 
| 126|0x0000000712600000, 0x0000000712800000, 0x0000000712800000|100%| E|CS|TAMS 0x0000000712600000| PB 0x0000000712600000| Complete 

Card table byte_map: [0x000001d57e5d0000,0x000001d57edc0000] _byte_map_base: 0x000001d57adbb000

Marking Bits: (CMBitMap*) 0x000001d57582a8c0
 Bits: [0x000001d50f000000, 0x000001d512f58000)

Polling page: 0x000001d573750000

Metaspace:

Usage:
  Non-class:      4.40 MB used.
      Class:    301.34 KB used.
       Both:      4.70 MB used.

Virtual space:
  Non-class space:       64.00 MB reserved,       4.56 MB (  7%) committed,  1 nodes.
      Class space:        1.00 GB reserved,     448.00 KB ( <1%) committed,  1 nodes.
             Both:        1.06 GB reserved,       5.00 MB ( <1%) committed. 

Chunk freelists:
   Non-Class:  1.48 MB
       Class:  3.56 MB
        Both:  5.04 MB

MaxMetaspaceSize: unlimited
CompressedClassSpaceSize: 1.00 GB
Initial GC threshold: 21.00 MB
Current GC threshold: 21.00 MB
CDS: on
MetaspaceReclaimPolicy: balanced
 - commit_granule_bytes: 65536.
 - commit_granule_words: 8192.
 - virtual_space_node_default_size: 8388608.
 - enlarge_chunks_in_place: 1.
 - new_chunks_are_fully_committed: 0.
 - uncommit_free_chunks: 1.
 - use_allocation_guard: 0.


Internal statistics:

num_allocs_failed_limit: 0.
num_arena_births: 158.
num_arena_deaths: 0.
num_vsnodes_births: 2.
num_vsnodes_deaths: 0.
num_space_committed: 78.
num_space_uncommitted: 0.
num_chunks_returned_to_freelist: 0.
num_chunks_taken_from_freelist: 292.
num_chunk_merges: 0.
num_chunk_splits: 187.
num_chunks_enlarged: 114.
num_inconsistent_stats: 0.

CodeHeap 'non-profiled nmethods': size=120000Kb used=305Kb max_used=305Kb free=119694Kb
 bounds [0x000001d507ad0000, 0x000001d507d40000, 0x000001d50f000000]
CodeHeap 'profiled nmethods': size=120000Kb used=1351Kb max_used=1351Kb free=118648Kb
 bounds [0x000001d500000000, 0x000001d500270000, 0x000001d507530000]
CodeHeap 'non-nmethods': size=5760Kb used=2152Kb max_used=2178Kb free=3607Kb
 bounds [0x000001d507530000, 0x000001d5077a0000, 0x000001d507ad0000]
 total_blobs=2040 nmethods=968 adapters=983
 compilation: enabled
              stopped_count=0, restarted_count=0
 full_count=0

Compilation events (20 events):
Event: 1.443 Thread 0x000001d5152391e0  958       3       java.util.ImmutableCollections$List12::get (35 bytes)
Event: 1.444 Thread 0x000001d5152391e0 nmethod 958 0x000001d50014c290 code [0x000001d50014c440, 0x000001d50014c6f8]
Event: 1.445 Thread 0x000001d5152391e0  959   !   3       java.lang.invoke.MemberName::getFieldType (176 bytes)
Event: 1.447 Thread 0x000001d5152391e0 nmethod 959 0x000001d50014c810 code [0x000001d50014cb00, 0x000001d50014de38]
Event: 1.447 Thread 0x000001d5152391e0  960       3       java.lang.invoke.InvokerBytecodeGenerator::getInternalName (103 bytes)
Event: 1.448 Thread 0x000001d5152391e0 nmethod 960 0x000001d50014e410 code [0x000001d50014e600, 0x000001d50014eb68]
Event: 1.449 Thread 0x000001d5152391e0  963       3       jdk.internal.org.objectweb.asm.SymbolTable::addTypeInternal (85 bytes)
Event: 1.449 Thread 0x000001d5152391e0 nmethod 963 0x000001d50014ec90 code [0x000001d50014ee60, 0x000001d50014f4b0]
Event: 1.450 Thread 0x000001d5152391e0  964       3       jdk.internal.org.objectweb.asm.Frame::push (59 bytes)
Event: 1.451 Thread 0x000001d5152391e0 nmethod 964 0x000001d50014f690 code [0x000001d50014f8c0, 0x000001d500150080]
Event: 1.451 Thread 0x000001d5152391e0  966       3       java.util.ImmutableCollections$ListN::size (6 bytes)
Event: 1.451 Thread 0x000001d5152391e0 nmethod 966 0x000001d500150410 code [0x000001d5001505a0, 0x000001d5001506b8]
Event: 1.451 Thread 0x000001d5152391e0  967       3       jdk.internal.org.objectweb.asm.Frame::setLocal (65 bytes)
Event: 1.452 Thread 0x000001d5152391e0 nmethod 967 0x000001d500150790 code [0x000001d500150940, 0x000001d500150e80]
Event: 1.452 Thread 0x000001d5152391e0  965       3       jdk.internal.org.objectweb.asm.MethodWriter::visitTypeInsn (116 bytes)
Event: 1.453 Thread 0x000001d5152391e0 nmethod 965 0x000001d500151010 code [0x000001d5001511e0, 0x000001d500151608]
Event: 1.453 Thread 0x000001d5152391e0  968       3       jdk.internal.org.objectweb.asm.MethodWriter::visitAbstractType (8 bytes)
Event: 1.453 Thread 0x000001d5152391e0 nmethod 968 0x000001d500151810 code [0x000001d5001519a0, 0x000001d500151ae0]
Event: 1.454 Thread 0x000001d5152391e0  969       3       java.nio.Buffer::flip (20 bytes)
Event: 1.454 Thread 0x000001d5152391e0 nmethod 969 0x000001d500151c10 code [0x000001d500151da0, 0x000001d500151ec0]

GC Heap History (0 events):
No events

Dll operation events (13 events):
Event: 0.010 Loaded shared library C:\Users\ericb\.jdks\openjdk-20.0.2\bin\java.dll
Event: 0.034 Loaded shared library C:\Users\ericb\.jdks\openjdk-20.0.2\bin\jsvml.dll
Event: 0.109 Loaded shared library C:\Users\ericb\.jdks\openjdk-20.0.2\bin\zip.dll
Event: 0.113 Loaded shared library C:\Users\ericb\.jdks\openjdk-20.0.2\bin\instrument.dll
Event: 0.121 Loaded shared library C:\Users\ericb\.jdks\openjdk-20.0.2\bin\net.dll
Event: 0.125 Loaded shared library C:\Users\ericb\.jdks\openjdk-20.0.2\bin\nio.dll
Event: 0.130 Loaded shared library C:\Users\ericb\.jdks\openjdk-20.0.2\bin\zip.dll
Event: 0.153 Loaded shared library C:\Program Files\JetBrains\IntelliJ IDEA Community Edition 2023.2\bin\breakgen64.dll
Event: 0.163 Loaded shared library C:\Users\ericb\.jdks\openjdk-20.0.2\bin\extnet.dll
Event: 0.217 Loaded shared library C:\Users\ericb\.jdks\openjdk-20.0.2\bin\jimage.dll
Event: 0.248 Loaded shared library C:\Users\ericb\AppData\Local\Temp\lwjglericb\3.3.1-build-7\lwjgl.dll
Event: 0.459 Loaded shared library C:\Users\ericb\AppData\Local\Temp\lwjglericb\3.3.1-build-7\lwjgl_opengl.dll
Event: 0.675 Loaded shared library C:\Users\ericb\AppData\Local\Temp\lwjglericb\3.3.1-build-7\lwjgl_stb.dll

Deoptimization events (20 events):
Event: 0.859 Thread 0x000001d5757bddd0 Uncommon trap: trap_request=0xffffff45 fr.pc=0x000001d507b0125c relative=0x00000000000000dc
Event: 0.859 Thread 0x000001d5757bddd0 Uncommon trap: reason=unstable_if action=reinterpret pc=0x000001d507b0125c method=java.lang.String.getBytes([BIB)V @ 5 c2
Event: 0.859 Thread 0x000001d5757bddd0 DEOPT PACKING pc=0x000001d507b0125c sp=0x0000008d6f7fec30
Event: 0.859 Thread 0x000001d5757bddd0 DEOPT UNPACKING pc=0x000001d507599d22 sp=0x0000008d6f7febf8 mode 2
Event: 0.942 Thread 0x000001d5757bddd0 Uncommon trap: trap_request=0xffffff5c fr.pc=0x000001d507b13568 relative=0x0000000000000068
Event: 0.942 Thread 0x000001d5757bddd0 Uncommon trap: reason=speculate_null_check action=make_not_entrant pc=0x000001d507b13568 method=sun.misc.Unsafe.getFloat(Ljava/lang/Object;J)F @ 5 c2
Event: 0.942 Thread 0x000001d5757bddd0 DEOPT PACKING pc=0x000001d507b13568 sp=0x0000008d6f7ff000
Event: 0.942 Thread 0x000001d5757bddd0 DEOPT UNPACKING pc=0x000001d507599d22 sp=0x0000008d6f7fef78 mode 2
Event: 1.104 Thread 0x000001d51522f610 Uncommon trap: trap_request=0xffffff45 fr.pc=0x000001d507afa600 relative=0x0000000000000140
Event: 1.104 Thread 0x000001d51522f610 Uncommon trap: reason=unstable_if action=reinterpret pc=0x000001d507afa600 method=java.util.regex.Pattern$BmpCharPropertyGreedy.match(Ljava/util/regex/Matcher;ILjava/lang/CharSequence;)Z @ 12 c2
Event: 1.104 Thread 0x000001d51522f610 DEOPT PACKING pc=0x000001d507afa600 sp=0x0000008d701fe4f0
Event: 1.104 Thread 0x000001d51522f610 DEOPT UNPACKING pc=0x000001d507599d22 sp=0x0000008d701fe488 mode 2
Event: 1.135 Thread 0x000001d51522f610 Uncommon trap: trap_request=0xffffff45 fr.pc=0x000001d507b16150 relative=0x0000000000000150
Event: 1.135 Thread 0x000001d51522f610 Uncommon trap: reason=unstable_if action=reinterpret pc=0x000001d507b16150 method=java.util.concurrent.locks.ReentrantLock$NonfairSync.initialTryLock()Z @ 10 c2
Event: 1.135 Thread 0x000001d51522f610 DEOPT PACKING pc=0x000001d507b16150 sp=0x0000008d701feea0
Event: 1.135 Thread 0x000001d51522f610 DEOPT UNPACKING pc=0x000001d507599d22 sp=0x0000008d701fee48 mode 2
Event: 1.135 Thread 0x000001d51522f610 Uncommon trap: trap_request=0xffffff45 fr.pc=0x000001d507b196d4 relative=0x00000000000000d4
Event: 1.135 Thread 0x000001d51522f610 Uncommon trap: reason=unstable_if action=reinterpret pc=0x000001d507b196d4 method=java.util.concurrent.locks.ReentrantLock$Sync.tryRelease(I)Z @ 26 c2
Event: 1.135 Thread 0x000001d51522f610 DEOPT PACKING pc=0x000001d507b196d4 sp=0x0000008d701feea0
Event: 1.135 Thread 0x000001d51522f610 DEOPT UNPACKING pc=0x000001d507599d22 sp=0x0000008d701fee40 mode 2

Classes loaded (20 events):
Event: 1.118 Loading class java/io/Externalizable done
Event: 1.118 Loading class java/time/zone/Ser done
Event: 1.119 Loading class java/time/Month
Event: 1.120 Loading class java/time/Month done
Event: 1.120 Loading class java/time/DayOfWeek
Event: 1.120 Loading class java/time/DayOfWeek done
Event: 1.120 Loading class java/time/zone/ZoneOffsetTransitionRule$TimeDefinition
Event: 1.120 Loading class java/time/zone/ZoneOffsetTransitionRule$TimeDefinition done
Event: 1.122 Loading class java/time/zone/ZoneOffsetTransition
Event: 1.122 Loading class java/time/zone/ZoneOffsetTransition done
Event: 1.124 Loading class sun/util/cldr/CLDRBaseLocaleDataMetaInfo$TZCanonicalIDMapHolder
Event: 1.124 Loading class sun/util/cldr/CLDRBaseLocaleDataMetaInfo$TZCanonicalIDMapHolder done
Event: 1.126 Loading class sun/util/resources/TimeZoneNames
Event: 1.128 Loading class sun/util/resources/TimeZoneNames done
Event: 1.128 Loading class sun/util/resources/TimeZoneNames_en
Event: 1.129 Loading class sun/util/resources/TimeZoneNames_en done
Event: 1.452 Loading class java/lang/Throwable$WrappedPrintStream
Event: 1.453 Loading class java/lang/Throwable$PrintStreamOrWriter
Event: 1.453 Loading class java/lang/Throwable$PrintStreamOrWriter done
Event: 1.453 Loading class java/lang/Throwable$WrappedPrintStream done

Classes unloaded (0 events):
No events

Classes redefined (0 events):
No events

Internal exceptions (20 events):
Event: 0.260 Thread 0x000001d5757bddd0 Exception <a 'sun/nio/fs/WindowsException'{0x00000007122f6478}> (0x00000007122f6478) 
thrown [s\open\src\hotspot\share\prims\jni.cpp, line 519]
Event: 0.274 Thread 0x000001d5757bddd0 Exception <a 'java/lang/NoSuchMethodError'{0x0000000712340308}: 'int java.lang.invoke.DirectMethodHandle$Holder.invokeStaticInit(java.lang.Object, java.lang.Object, int, long)'> (0x0000000712340308) 
thrown [s\open\src\hotspot\share\interpreter\linkResolver.cpp, line 773]
Event: 0.275 Thread 0x000001d5757bddd0 Exception <a 'java/lang/NoSuchMethodError'{0x0000000712345940}: 'java.lang.Object java.lang.invoke.DirectMethodHandle$Holder.newInvokeSpecial(java.lang.Object, java.lang.Object, int)'> (0x0000000712345940) 
thrown [s\open\src\hotspot\share\interpreter\linkResolver.cpp, line 773]
Event: 0.279 Thread 0x000001d5757bddd0 Exception <a 'java/lang/NoSuchMethodError'{0x0000000712353ea0}: 'int java.lang.invoke.DirectMethodHandle$Holder.invokeStaticInit(java.lang.Object, java.lang.Object, long, long)'> (0x0000000712353ea0) 
thrown [s\open\src\hotspot\share\interpreter\linkResolver.cpp, line 773]
Event: 0.279 Thread 0x000001d5757bddd0 Exception <a 'java/lang/NoSuchMethodError'{0x0000000712359ce8}: 'java.lang.Object java.lang.invoke.DirectMethodHandle$Holder.newInvokeSpecial(java.lang.Object, java.lang.Object, long)'> (0x0000000712359ce8) 
thrown [s\open\src\hotspot\share\interpreter\linkResolver.cpp, line 773]
Event: 0.280 Thread 0x000001d5757bddd0 Exception <a 'java/lang/NoSuchMethodError'{0x000000071235daa0}: 'java.lang.Object java.lang.invoke.Invokers$Holder.linkToTargetMethod(java.lang.Object, long, java.lang.Object)'> (0x000000071235daa0) 
thrown [s\open\src\hotspot\share\interpreter\linkResolver.cpp, line 773]
Event: 0.281 Thread 0x000001d5757bddd0 Exception <a 'java/lang/NoSuchMethodError'{0x0000000712364ad8}: 'int java.lang.invoke.DirectMethodHandle$Holder.invokeStaticInit(java.lang.Object, java.lang.Object, java.lang.Object, long)'> (0x0000000712364ad8) 
thrown [s\open\src\hotspot\share\interpreter\linkResolver.cpp, line 773]
Event: 0.448 Thread 0x000001d5757bddd0 Exception <a 'java/lang/NoSuchMethodError'{0x00000007123f8228}: 'void java.lang.System.load(java.lang.String, java.lang.Class)'> (0x00000007123f8228) 
thrown [s\open\src\hotspot\share\interpreter\linkResolver.cpp, line 773]
Event: 0.450 Thread 0x000001d5757bddd0 Exception <a 'java/lang/NoSuchMethodError'{0x00000007123fb010}: 'void java.lang.System.loadLibrary(java.lang.String, java.lang.Class)'> (0x00000007123fb010) 
thrown [s\open\src\hotspot\share\interpreter\linkResolver.cpp, line 773]
Event: 0.457 Thread 0x000001d5757bddd0 Exception <a 'sun/nio/fs/WindowsException'{0x000000071200ace8}> (0x000000071200ace8) 
thrown [s\open\src\hotspot\share\prims\jni.cpp, line 519]
Event: 0.457 Thread 0x000001d5757bddd0 Exception <a 'sun/nio/fs/WindowsException'{0x000000071200b090}> (0x000000071200b090) 
thrown [s\open\src\hotspot\share\prims\jni.cpp, line 519]
Event: 0.462 Thread 0x000001d5757bddd0 Exception <a 'sun/nio/fs/WindowsException'{0x0000000712010990}> (0x0000000712010990) 
thrown [s\open\src\hotspot\share\prims\jni.cpp, line 519]
Event: 0.462 Thread 0x000001d5757bddd0 Exception <a 'sun/nio/fs/WindowsException'{0x0000000712010c70}> (0x0000000712010c70) 
thrown [s\open\src\hotspot\share\prims\jni.cpp, line 519]
Event: 0.659 Thread 0x000001d5757bddd0 Exception <a 'java/lang/NoSuchMethodError'{0x0000000711e508c8}: 'void java.lang.System.load(java.lang.String, java.lang.Class)'> (0x0000000711e508c8) 
thrown [s\open\src\hotspot\share\interpreter\linkResolver.cpp, line 773]
Event: 0.660 Thread 0x000001d5757bddd0 Exception <a 'java/lang/NoSuchMethodError'{0x0000000711e536b8}: 'void java.lang.System.loadLibrary(java.lang.String, java.lang.Class)'> (0x0000000711e536b8) 
thrown [s\open\src\hotspot\share\interpreter\linkResolver.cpp, line 773]
Event: 0.673 Thread 0x000001d5757bddd0 Exception <a 'sun/nio/fs/WindowsException'{0x0000000711e63278}> (0x0000000711e63278) 
thrown [s\open\src\hotspot\share\prims\jni.cpp, line 519]
Event: 0.673 Thread 0x000001d5757bddd0 Exception <a 'sun/nio/fs/WindowsException'{0x0000000711e635f8}> (0x0000000711e635f8) 
thrown [s\open\src\hotspot\share\prims\jni.cpp, line 519]
Event: 0.922 Thread 0x000001d5757bddd0 Exception <a 'java/lang/NoSuchMethodError'{0x0000000711c52ae0}: 'void java.lang.invoke.DirectMethodHandle$Holder.invokeVirtual(java.lang.Object, java.lang.Object)'> (0x0000000711c52ae0) 
thrown [s\open\src\hotspot\share\interpreter\linkResolver.cpp, line 773]
Event: 1.132 Thread 0x000001d51522f610 Exception <a 'java/lang/NoSuchMethodError'{0x0000000711dd8790}: 'java.lang.Object java.lang.invoke.Invokers$Holder.invokeExact_MT(java.lang.Object, java.lang.Object, java.lang.Object, java.lang.Object, java.lang.Object, java.lang.Object)'> (0x0000000711dd8790) 
thrown [s\open\src\hotspot\share\interpreter\linkResolver.cpp, line 773]
Event: 1.426 Thread 0x000001d5757bddd0 Exception <a 'java/lang/NoSuchMethodError'{0x0000000711a86f88}: 'void java.lang.invoke.DirectMethodHandle$Holder.invokeStatic(java.lang.Object, int, java.lang.Object)'> (0x0000000711a86f88) 
thrown [s\open\src\hotspot\share\interpreter\linkResolver.cpp, line 773]

VM Operations (5 events):
Event: 0.156 Executing VM operation: HandshakeAllThreads
Event: 0.156 Executing VM operation: HandshakeAllThreads done
Event: 1.165 Executing VM operation: Cleanup
Event: 1.165 Executing VM operation: Cleanup done
Event: 1.455 Executing VM operation: Exit

Events (16 events):
Event: 0.035 Thread 0x000001d5757bddd0 Thread added: 0x000001d5757bddd0
Event: 0.049 Thread 0x000001d51522af20 Thread added: 0x000001d51522af20
Event: 0.049 Thread 0x000001d51522b960 Thread added: 0x000001d51522b960
Event: 0.049 Thread 0x000001d51522ead0 Thread added: 0x000001d51522ead0
Event: 0.049 Thread 0x000001d51522f610 Thread added: 0x000001d51522f610
Event: 0.049 Thread 0x000001d5152324a0 Thread added: 0x000001d5152324a0
Event: 0.049 Thread 0x000001d515234330 Thread added: 0x000001d515234330
Event: 0.050 Thread 0x000001d515238500 Thread added: 0x000001d515238500
Event: 0.050 Thread 0x000001d5152391e0 Thread added: 0x000001d5152391e0
Event: 0.084 Thread 0x000001d55a4ecb40 Thread added: 0x000001d55a4ecb40
Event: 0.153 Thread 0x000001d55a4ebb50 Thread added: 0x000001d55a4ebb50
Event: 0.154 Thread 0x000001d55a4ec5f0 Thread added: 0x000001d55a4ec5f0
Event: 0.497 Thread 0x000001d55a81c1f0 Thread added: 0x000001d55a81c1f0
Event: 0.659 Thread 0x000001d55a81c1f0 Thread exited: 0x000001d55a81c1f0
Event: 1.114 Thread 0x000001d566701490 Thread added: 0x000001d566701490
Event: 1.258 Thread 0x000001d566701490 Thread exited: 0x000001d566701490


Dynamic libraries:
0x00007ff692010000 - 0x00007ff69201e000 	C:\Users\ericb\.jdks\openjdk-20.0.2\bin\java.exe
0x00007ff9b2410000 - 0x00007ff9b2624000 	C:\Windows\SYSTEM32\ntdll.dll
0x00007ff9b1f80000 - 0x00007ff9b2044000 	C:\Windows\System32\KERNEL32.DLL
0x00007ff9afd50000 - 0x00007ff9b00f4000 	C:\Windows\System32\KERNELBASE.dll
0x00007ff9afbb0000 - 0x00007ff9afcc1000 	C:\Windows\System32\ucrtbase.dll
0x00007ff99fe90000 - 0x00007ff99fea7000 	C:\Users\ericb\.jdks\openjdk-20.0.2\bin\jli.dll
0x00007ff99f510000 - 0x00007ff99f52b000 	C:\Users\ericb\.jdks\openjdk-20.0.2\bin\VCRUNTIME140.dll
0x00007ff9b1c00000 - 0x00007ff9b1dae000 	C:\Windows\System32\USER32.dll
0x00007ff9af8e0000 - 0x00007ff9af906000 	C:\Windows\System32\win32u.dll
0x00007ff9b22f0000 - 0x00007ff9b2319000 	C:\Windows\System32\GDI32.dll
0x00007ff9a2ec0000 - 0x00007ff9a3153000 	C:\Windows\WinSxS\amd64_microsoft.windows.common-controls_6595b64144ccf1df_6.0.22621.2215_none_270d72677387dfc3\COMCTL32.dll
0x00007ff9af7c0000 - 0x00007ff9af8d8000 	C:\Windows\System32\gdi32full.dll
0x00007ff9b0100000 - 0x00007ff9b019a000 	C:\Windows\System32\msvcp_win.dll
0x00007ff9b2320000 - 0x00007ff9b23c7000 	C:\Windows\System32\msvcrt.dll
0x00007ff9b1590000 - 0x00007ff9b15c1000 	C:\Windows\System32\IMM32.DLL
0x00007ff9a5620000 - 0x00007ff9a562c000 	C:\Users\ericb\.jdks\openjdk-20.0.2\bin\vcruntime140_1.dll
0x00007ff9953c0000 - 0x00007ff99544e000 	C:\Users\ericb\.jdks\openjdk-20.0.2\bin\msvcp140.dll
0x00007ff93b190000 - 0x00007ff93be28000 	C:\Users\ericb\.jdks\openjdk-20.0.2\bin\server\jvm.dll
0x00007ff9b14e0000 - 0x00007ff9b1590000 	C:\Windows\System32\ADVAPI32.dll
0x00007ff9b0fb0000 - 0x00007ff9b1056000 	C:\Windows\System32\sechost.dll
0x00007ff9b1e60000 - 0x00007ff9b1f77000 	C:\Windows\System32\RPCRT4.dll
0x00007ff9a9b80000 - 0x00007ff9a9b89000 	C:\Windows\SYSTEM32\WSOCK32.dll
0x00007ff9a29b0000 - 0x00007ff9a29ba000 	C:\Windows\SYSTEM32\VERSION.dll
0x00007ff9a6710000 - 0x00007ff9a6744000 	C:\Windows\SYSTEM32\WINMM.dll
0x00007ff9b20e0000 - 0x00007ff9b2151000 	C:\Windows\System32\WS2_32.dll
0x00007ff9ae8e0000 - 0x00007ff9ae8f8000 	C:\Windows\SYSTEM32\kernel.appcore.dll
0x00007ff9a53b0000 - 0x00007ff9a53ba000 	C:\Users\ericb\.jdks\openjdk-20.0.2\bin\jimage.dll
0x00007ff9acb20000 - 0x00007ff9acd4e000 	C:\Windows\SYSTEM32\DBGHELP.DLL
0x00007ff9b17e0000 - 0x00007ff9b1b6a000 	C:\Windows\System32\combase.dll
0x00007ff9b04e0000 - 0x00007ff9b05b7000 	C:\Windows\System32\OLEAUT32.dll
0x00007ff9a2c30000 - 0x00007ff9a2c62000 	C:\Windows\SYSTEM32\dbgcore.DLL
0x00007ff9afcd0000 - 0x00007ff9afd4a000 	C:\Windows\System32\bcryptPrimitives.dll
0x00007ff99aaf0000 - 0x00007ff99aafe000 	C:\Users\ericb\.jdks\openjdk-20.0.2\bin\instrument.dll
0x00007ff99b1b0000 - 0x00007ff99b1d6000 	C:\Users\ericb\.jdks\openjdk-20.0.2\bin\java.dll
0x00007ff993950000 - 0x00007ff993a27000 	C:\Users\ericb\.jdks\openjdk-20.0.2\bin\jsvml.dll
0x00007ff9b0780000 - 0x00007ff9b0fa3000 	C:\Windows\System32\SHELL32.dll
0x00007ff9ad710000 - 0x00007ff9adffa000 	C:\Windows\SYSTEM32\windows.storage.dll
0x00007ff9ad5d0000 - 0x00007ff9ad70e000 	C:\Windows\SYSTEM32\wintypes.dll
0x00007ff9b03b0000 - 0x00007ff9b04a3000 	C:\Windows\System32\SHCORE.dll
0x00007ff9b1780000 - 0x00007ff9b17de000 	C:\Windows\System32\shlwapi.dll
0x00007ff9af6f0000 - 0x00007ff9af716000 	C:\Windows\SYSTEM32\profapi.dll
0x00007ff998930000 - 0x00007ff998948000 	C:\Users\ericb\.jdks\openjdk-20.0.2\bin\zip.dll
0x00007ff99aa80000 - 0x00007ff99aa93000 	C:\Users\ericb\.jdks\openjdk-20.0.2\bin\net.dll
0x00007ff9a8e30000 - 0x00007ff9a8f67000 	C:\Windows\SYSTEM32\WINHTTP.dll
0x00007ff9aed80000 - 0x00007ff9aede9000 	C:\Windows\system32\mswsock.dll
0x00007ff99aa60000 - 0x00007ff99aa76000 	C:\Users\ericb\.jdks\openjdk-20.0.2\bin\nio.dll
0x00007ff996260000 - 0x00007ff99627a000 	C:\Program Files\JetBrains\IntelliJ IDEA Community Edition 2023.2\bin\breakgen64.dll
0x00007ff9a1040000 - 0x00007ff9a1047000 	C:\Users\ericb\.jdks\openjdk-20.0.2\bin\extnet.dll
0x00007ff987030000 - 0x00007ff9870a5000 	C:\Users\ericb\AppData\Local\Temp\lwjglericb\3.3.1-build-7\lwjgl.dll
0x00007ff981740000 - 0x00007ff9817a1000 	C:\Users\ericb\AppData\Local\Temp\lwjglericb\3.3.1-build-7\glfw.dll
0x00007ff981e20000 - 0x00007ff981e66000 	C:\Windows\SYSTEM32\dinput8.dll
0x00007ff988230000 - 0x00007ff988241000 	C:\Windows\SYSTEM32\xinput1_4.dll
0x00007ff9af480000 - 0x00007ff9af4ac000 	C:\Windows\SYSTEM32\DEVOBJ.dll
0x00007ff9af4b0000 - 0x00007ff9af4fe000 	C:\Windows\SYSTEM32\cfgmgr32.dll
0x00007ff9aca40000 - 0x00007ff9aca6b000 	C:\Windows\SYSTEM32\dwmapi.dll
0x00007ff9a1050000 - 0x00007ff9a125a000 	C:\Windows\SYSTEM32\inputhost.dll
0x00007ff9ab220000 - 0x00007ff9ab353000 	C:\Windows\SYSTEM32\CoreMessaging.dll
0x00007ff9ac3c0000 - 0x00007ff9ac46b000 	C:\Windows\system32\uxtheme.dll
0x00007ff9aeff0000 - 0x00007ff9aeffc000 	C:\Windows\SYSTEM32\CRYPTBASE.DLL
0x00007ff9b1630000 - 0x00007ff9b1779000 	C:\Windows\System32\MSCTF.dll
0x00007ff998950000 - 0x00007ff998a50000 	C:\Windows\SYSTEM32\opengl32.dll
0x00007ff9a0e10000 - 0x00007ff9a0e3d000 	C:\Windows\SYSTEM32\GLU32.dll
0x00007ff9acf20000 - 0x00007ff9acf58000 	C:\Windows\SYSTEM32\dxcore.dll
0x00007ff9a8940000 - 0x00007ff9a898a000 	C:\Windows\SYSTEM32\directxdatabasehelper.dll
0x00007ff9b1db0000 - 0x00007ff9b1e60000 	C:\Windows\System32\clbcatq.dll
0x00007ff9a62a0000 - 0x00007ff9a63d5000 	C:\Windows\System32\AppXDeploymentClient.dll
0x00007ff995c40000 - 0x00007ff995d36000 	C:\Windows\System32\Windows.ApplicationModel.dll
0x00007ff9b05c0000 - 0x00007ff9b075e000 	C:\Windows\System32\ole32.dll
0x00007ff9ac6e0000 - 0x00007ff9ac7e1000 	C:\Windows\system32\propsys.dll
0x00007ff98b1d0000 - 0x00007ff98b1f6000 	C:\Windows\system32\mssprxy.dll
0x00007ff938fd0000 - 0x00007ff93a057000 	C:\Windows\System32\DriverStore\FileRepository\iigd_dch.inf_amd64_cfd021ca4dd6b3cf\igxelpicd64.dll
0x00007ff9ac930000 - 0x00007ff9aca28000 	C:\Windows\system32\dxgi.dll
0x00007ff979180000 - 0x00007ff9792bc000 	C:\Windows\System32\DriverStore\FileRepository\iigd_dch.inf_amd64_cfd021ca4dd6b3cf\igdml64.dll
0x00007ff9a2510000 - 0x00007ff9a2919000 	C:\Windows\System32\DriverStore\FileRepository\iigd_dch.inf_amd64_cfd021ca4dd6b3cf\igdgmm64.dll
0x00007ff9af910000 - 0x00007ff9af97b000 	C:\Windows\System32\WINTRUST.dll
0x00007ff9afa40000 - 0x00007ff9afba6000 	C:\Windows\System32\CRYPT32.dll
0x00007ff9af030000 - 0x00007ff9af042000 	C:\Windows\SYSTEM32\MSASN1.dll
0x00007ff99b1e0000 - 0x00007ff99e974000 	C:\Windows\System32\DriverStore\FileRepository\iigd_dch.inf_amd64_cfd021ca4dd6b3cf\igc64.dll
0x00007ff9ae640000 - 0x00007ff9ae68d000 	C:\Windows\SYSTEM32\powrprof.dll
0x00007ff9ae620000 - 0x00007ff9ae633000 	C:\Windows\SYSTEM32\UMPDC.dll
0x00007ff97cc80000 - 0x00007ff97ccdd000 	C:\Users\ericb\AppData\Local\Temp\lwjglericb\3.3.1-build-7\lwjgl_opengl.dll
0x00007ff9a4d70000 - 0x00007ff9a4eb4000 	C:\Windows\SYSTEM32\textinputframework.dll
0x00007ff9a79f0000 - 0x00007ff9a7d5c000 	C:\Windows\SYSTEM32\CoreUIComponents.dll
0x00007ff9902e0000 - 0x00007ff990349000 	C:\Windows\system32\Oleacc.dll
0x00007ff9790f0000 - 0x00007ff979171000 	C:\Users\ericb\AppData\Local\Temp\lwjglericb\3.3.1-build-7\lwjgl_stb.dll

dbghelp: loaded successfully - version: 4.0.5 - missing functions: none
symbol engine: initialized successfully - sym options: 0x614 - pdb path: .;C:\Users\ericb\.jdks\openjdk-20.0.2\bin;C:\Windows\SYSTEM32;C:\Windows\WinSxS\amd64_microsoft.windows.common-controls_6595b64144ccf1df_6.0.22621.2215_none_270d72677387dfc3;C:\Users\ericb\.jdks\openjdk-20.0.2\bin\server;C:\Program Files\JetBrains\IntelliJ IDEA Community Edition 2023.2\bin;C:\Users\ericb\AppData\Local\Temp\lwjglericb\3.3.1-build-7;C:\Windows\System32\DriverStore\FileRepository\iigd_dch.inf_amd64_cfd021ca4dd6b3cf

VM Arguments:
jvm_args: -javaagent:C:\Program Files\JetBrains\IntelliJ IDEA Community Edition 2023.2\lib\idea_rt.jar=60769:C:\Program Files\JetBrains\IntelliJ IDEA Community Edition 2023.2\bin -Dfile.encoding=UTF-8 -Dsun.stdout.encoding=UTF-8 -Dsun.stderr.encoding=UTF-8 
java_command: ShadowDance
java_class_path (initial): C:\Users\ericb\ecberg-project-2\target\classes;C:\Users\ericb\.m2\repository\org\lwjgl\lwjgl\3.3.1\lwjgl-3.3.1.jar;C:\Users\ericb\.m2\repository\org\lwjgl\lwjgl-assimp\3.3.1\lwjgl-assimp-3.3.1.jar;C:\Users\ericb\.m2\repository\org\lwjgl\lwjgl-glfw\3.3.1\lwjgl-glfw-3.3.1.jar;C:\Users\ericb\.m2\repository\org\lwjgl\lwjgl-openal\3.3.1\lwjgl-openal-3.3.1.jar;C:\Users\ericb\.m2\repository\org\lwjgl\lwjgl-opengl\3.3.1\lwjgl-opengl-3.3.1.jar;C:\Users\ericb\.m2\repository\org\lwjgl\lwjgl-stb\3.3.1\lwjgl-stb-3.3.1.jar;C:\Users\ericb\.m2\repository\org\lwjgl\lwjgl\3.3.1\lwjgl-3.3.1-natives-windows.jar;C:\Users\ericb\.m2\repository\org\lwjgl\lwjgl-assimp\3.3.1\lwjgl-assimp-3.3.1-natives-windows.jar;C:\Users\ericb\.m2\repository\org\lwjgl\lwjgl-glfw\3.3.1\lwjgl-glfw-3.3.1-natives-windows.jar;C:\Users\ericb\.m2\repository\org\lwjgl\lwjgl-openal\3.3.1\lwjgl-openal-3.3.1-natives-windows.jar;C:\Users\ericb\.m2\repository\org\lwjgl\lwjgl-opengl\3.3.1\lwjgl-opengl-3.3.1-natives-windows.jar;C:\Users\ericb\.m2\repository\org\lwjgl\lwjgl-stb\3.3.1\lwjgl-stb-3.3.1-natives-windows.jar;C:\Users\ericb\.m2\repository\io\github\eleanor-em\bagel\1.9.3\bagel-1.9.3.jar
Launcher Type: SUN_STANDARD

[Global flags]
     intx CICompilerCount                          = 4                                         {product} {ergonomic}
     uint ConcGCThreads                            = 3                                         {product} {ergonomic}
     uint G1ConcRefinementThreads                  = 10                                        {product} {ergonomic}
   size_t G1HeapRegionSize                         = 2097152                                   {product} {ergonomic}
    uintx GCDrainStackTargetSize                   = 64                                        {product} {ergonomic}
   size_t InitialHeapSize                          = 266338304                                 {product} {ergonomic}
   size_t MarkStackSize                            = 4194304                                   {product} {ergonomic}
   size_t MaxHeapSize                              = 4250927104                                {product} {ergonomic}
   size_t MaxNewSize                               = 2550136832                                {product} {ergonomic}
   size_t MinHeapDeltaBytes                        = 2097152                                   {product} {ergonomic}
   size_t MinHeapSize                              = 8388608                                   {product} {ergonomic}
    uintx NonNMethodCodeHeapSize                   = 5839372                                {pd product} {ergonomic}
    uintx NonProfiledCodeHeapSize                  = 122909434                              {pd product} {ergonomic}
    uintx ProfiledCodeHeapSize                     = 122909434                              {pd product} {ergonomic}
    uintx ReservedCodeCacheSize                    = 251658240                              {pd product} {ergonomic}
     bool SegmentedCodeCache                       = true                                      {product} {ergonomic}
   size_t SoftMaxHeapSize                          = 4250927104                             {manageable} {ergonomic}
     bool UseCompressedClassPointers               = true                           {product lp64_product} {ergonomic}
     bool UseCompressedOops                        = true                           {product lp64_product} {ergonomic}
     bool UseG1GC                                  = true                                      {product} {ergonomic}
     bool UseLargePagesIndividualAllocation        = false                                  {pd product} {ergonomic}

Logging:
Log output configuration:
 #0: stdout all=off uptime,level,tags foldmultilines=false
 #1: stderr all=off uptime,level,tags foldmultilines=false

Environment Variables:
PATH=C:\Windows\system32;C:\Windows;C:\Windows\System32\Wbem;C:\Windows\System32\WindowsPowerShell\v1.0\;C:\Windows\System32\OpenSSH\;C:\Program Files\Git\cmd;C:\Users\ericb\AppData\Local\Microsoft\WindowsApps;;C:\Users\ericb\AppData\Local\Programs\Microsoft VS Code\bin
USERNAME=ericb
OS=Windows_NT
PROCESSOR_IDENTIFIER=Intel64 Family 6 Model 154 Stepping 4, GenuineIntel
TMP=C:\Users\ericb\AppData\Local\Temp
TEMP=C:\Users\ericb\AppData\Local\Temp




---------------  S Y S T E M  ---------------

OS:
 Windows 11 , 64 bit Build 22621 (10.0.22621.2215)
OS uptime: 4 days 3:23 hours
Hyper-V role detected

CPU: total 12 (initial active 12) (6 cores per cpu, 2 threads per core) family 6 model 154 stepping 4 microcode 0x420, cx8, cmov, fxsr, ht, mmx, 3dnowpref, sse, sse2, sse3, ssse3, sse4.1, sse4.2, popcnt, lzcnt, tsc, tscinvbit, avx, avx2, aes, erms, clmul, bmi1, bmi2, adx, sha, fma, vzeroupper, clflush, clflushopt, clwb, hv, serialize, rdtscp, rdpid, fsrm, f16c, cet_ibt, cet_ss

Memory: 4k page, system-wide physical 16209M (6081M free)
TotalPageFile size 17233M (AvailPageFile size 2603M)
current process WorkingSet (physical memory assigned to process): 253M, peak: 267M
current process commit charge ("private bytes"): 465M, peak: 465M

vm_info: OpenJDK 64-Bit Server VM (20.0.2+9-78) for windows-amd64 JRE (20.0.2+9-78), built on 2023-06-14T10:08:48Z by "mach5one" with MS VC++ 17.1 (VS2022)

END.
