#
# A fatal error has been detected by the Java Runtime Environment:
#
#  EXCEPTION_ACCESS_VIOLATION (0xc0000005) at pc=0x00007ff960f37a12, pid=11412, tid=15268
#
# JRE version: OpenJDK Runtime Environment (20.0.2+9) (build 20.0.2+9-78)
# Java VM: OpenJDK 64-Bit Server VM (20.0.2+9-78, mixed mode, sharing, tiered, compressed oops, compressed class ptrs, g1 gc, windows-amd64)
# Problematic frame:
# C  [igxelpicd64.dll+0xa7a12]
#
# No core dump will be written. Minidumps are not enabled by default on client versions of Windows
#
# If you would like to submit a bug report, please visit:
#   https://bugreport.java.com/bugreport/crash.jsp
#

---------------  S U M M A R Y ------------

Command Line: -javaagent:C:\Program Files\JetBrains\IntelliJ IDEA Community Edition 2023.2\lib\idea_rt.jar=61139:C:\Program Files\JetBrains\IntelliJ IDEA Community Edition 2023.2\bin -Dfile.encoding=UTF-8 -Dsun.stdout.encoding=UTF-8 -Dsun.stderr.encoding=UTF-8 ShadowDance

Host: 12th Gen Intel(R) Core(TM) i7-1255U, 12 cores, 15G,  Windows 11 , 64 bit Build 22621 (10.0.22621.2215)
Time: Thu Sep 21 11:10:29 2023 AUS Eastern Standard Time elapsed time: 20.181842 seconds (0d 0h 0m 20s)

---------------  T H R E A D  ---------------

Current thread (0x000001ffeb0fa680):  VMThread "VM Thread" [stack: 0x0000006a97b00000,0x0000006a97c00000] [id=15268]

Stack: [0x0000006a97b00000,0x0000006a97c00000],  sp=0x0000006a97bfe810,  free space=1018k
Native frames: (J=compiled Java code, j=interpreted, Vv=VM code, C=native code)
C  [igxelpicd64.dll+0xa7a12]


siginfo: EXCEPTION_ACCESS_VIOLATION (0xc0000005), reading address 0x0000000000035898


Registers:
RAX=0x000001fffc304080, RBX=0x000001fffc303f30, RCX=0x0000000000000000, RDX=0x00000000fffffff1
RSP=0x0000006a97bfe810, RBP=0x0000000000000000, RSI=0x000001fffc304500, RDI=0x000001fff034ff00
R8 =0x0000000000000014, R9 =0x0000000000000001, R10=0x0000000000000000, R11=0x0000000000000246
R12=0x000001fff069d300, R13=0x000001fffc3024f0, R14=0x000000000010cf00, R15=0x0000000000000016
RIP=0x00007ff960f37a12, EFLAGS=0x0000000000010202


Register to memory mapping:

RIP=0x00007ff960f37a12 igxelpicd64.dll
RAX=0x000001fffc304080 points into unknown readable memory: 0x000000000010cf7f | 7f cf 10 00 00 00 00 00
RBX=0x000001fffc303f30 points into unknown readable memory: 0x000001fff01fab30 | 30 ab 1f f0 ff 01 00 00
RCX=0x0 is NULL
RDX=0x00000000fffffff1 is an unknown value
RSP=0x0000006a97bfe810 points into unknown readable memory: 0x000001fff0242b30 | 30 2b 24 f0 ff 01 00 00
RBP=0x0 is NULL
RSI=0x000001fffc304500 points into unknown readable memory: 0x000001fffc3024f0 | f0 24 30 fc ff 01 00 00
RDI=0x000001fff034ff00 points into unknown readable memory: 0x000001fff0422400 | 00 24 42 f0 ff 01 00 00
R8 =0x0000000000000014 is an unknown value
R9 =0x0000000000000001 is an unknown value
R10=0x0 is NULL
R11=0x0000000000000246 is an unknown value
R12=0x000001fff069d300 points into unknown readable memory: 0x00007ff961b123ec | ec 23 b1 61 f9 7f 00 00
R13=0x000001fffc3024f0 points into unknown readable memory: 0x000001fff01fab30 | 30 ab 1f f0 ff 01 00 00
R14=0x000000000010cf00 is an unknown value
R15=0x0000000000000016 is an unknown value


Top of Stack: (sp=0x0000006a97bfe810)
0x0000006a97bfe810:   000001fff0242b30 0000000000000000
0x0000006a97bfe820:   02a458d701c537d7 00007ff9b24b2d94
0x0000006a97bfe830:   0221f5d8019ce7d8 01730bda01e940d9
0x0000006a97bfe840:   01c838da023e16da 02147adb013125db
0x0000006a97bfe850:   000000000000000f 000000000010cf80
0x0000006a97bfe860:   000074041a640000 000001fff069d3d8
0x0000006a97bfe870:   0000000000000000 0000000000000000
0x0000006a97bfe880:   0000006a97bfe990 00007ff960f1d5bf
0x0000006a97bfe890:   000001fff0242b30 000001fff034ff00
0x0000006a97bfe8a0:   0163b4e201142f00 022cdbe20288bc00
0x0000006a97bfe8b0:   0000006a00000ab8 028971e400000000
0x0000006a97bfe8c0:   0000000000000000 023ee2e50239e0e5
0x0000006a97bfe8d0:   00816ce60d2b3ee6 01e9a3e70239bde6
0x0000006a97bfe8e0:   01d92de8023ee2e7 029c21e901248ee8
0x0000006a97bfe8f0:   02945bea0166d3e9 02b089eb01df7feb
0x0000006a97bfe900:   0289d6eb02338deb 01c563ec027a29ec
0x0000006a97bfe910:   01d9dcec029acaec 028ef3ed022eaaed
0x0000006a97bfe920:   0299a9ef02ac50ef 000001fff0668480
0x0000006a97bfe930:   000001fff3a70000 0000000000000060
0x0000006a97bfe940:   000074041a640000 0000000000000ab8
0x0000006a97bfe950:   0000000000000000 4000250000000001
0x0000006a97bfe960:   0000000000000000 0000000000000000
0x0000006a97bfe970:   0000000000000000 0000000000000000
0x0000006a97bfe980:   0000000000000000 0000000000000000
0x0000006a97bfe990:   0000000000000000 0000000000000000
0x0000006a97bfe9a0:   0000000000000000 0000000000000000
0x0000006a97bfe9b0:   0000000000000000 0000000000000000
0x0000006a97bfe9c0:   0000000000000000 0000000000000000
0x0000006a97bfe9d0:   0000000000000000 0000000000000000
0x0000006a97bfe9e0:   0000000000000000 0000000000000000
0x0000006a97bfe9f0:   0000000000000000 0000000000000000
0x0000006a97bfea00:   0000000000000000 0000000000000000 

Instructions: (pc=0x00007ff960f37a12)
0x00007ff960f37912:   8b fa 48 8b e9 48 8b 1d a2 c5 f1 00 48 89 58 08
0x00007ff960f37922:   48 8b cb ff 15 fd 48 a9 00 90 4c 8b af 78 02 00
0x00007ff960f37932:   00 48 8b 05 26 6a e1 00 44 8b b8 a0 0b 00 00 45
0x00007ff960f37942:   33 d2 45 8a f2 4c 89 97 78 02 00 00 44 89 97 80
0x00007ff960f37952:   02 00 00 4c 89 97 a0 02 00 00 4c 89 97 88 02 00
0x00007ff960f37962:   00 48 85 ed 75 38 8b 35 32 9f f1 00 65 48 8b 04
0x00007ff960f37972:   25 58 00 00 00 b9 14 00 00 00 48 8b 04 f0 44 38
0x00007ff960f37982:   14 01 0f 84 56 a3 94 00 65 48 8b 04 25 58 00 00
0x00007ff960f37992:   00 bd 20 00 00 00 48 8b 04 f0 48 8b 2c 28 48 3b
0x00007ff960f379a2:   2d 89 ac f1 00 45 0f 44 fa 4d 85 ed 0f 84 2b 01
0x00007ff960f379b2:   00 00 44 8a a4 24 90 00 00 00 49 8b dd 49 8d b5
0x00007ff960f379c2:   d0 05 00 00 4c 8b 2e 45 84 e4 0f 85 39 03 00 00
0x00007ff960f379d2:   44 8b 8f c8 01 00 00 48 8b 05 80 69 e1 00 83 b8
0x00007ff960f379e2:   70 03 00 00 02 75 36 41 8d 51 f0 41 83 f9 10 0f
0x00007ff960f379f2:   83 2d 01 00 00 4a 8d 04 cd 21 00 00 00 49 03 c1
0x00007ff960f37a02:   48 8d 04 c3 48 85 c0 0f 85 03 01 00 00 49 8b ca
0x00007ff960f37a12:   48 3b 8d 98 58 03 00 0f 87 ce a2 94 00 48 8d 93
0x00007ff960f37a22:   08 01 00 00 4c 39 93 48 06 00 00 0f 85 39 a4 94
0x00007ff960f37a32:   00 44 8b 9f c8 01 00 00 48 8b 87 e0 01 00 00 4c
0x00007ff960f37a42:   8b 10 44 8b 87 c8 01 00 00 41 83 f8 10 0f 83 fc
0x00007ff960f37a52:   00 00 00 4b 8d 0c c0 48 8d 04 ca 48 85 c0 0f 85
0x00007ff960f37a62:   b5 00 00 00 33 c9 49 3b ca 0f 86 11 01 00 00 45
0x00007ff960f37a72:   33 d2 48 8b 87 78 02 00 00 48 89 06 48 89 9f 78
0x00007ff960f37a82:   02 00 00 ff 87 80 02 00 00 48 8b 43 08 48 8b 88
0x00007ff960f37a92:   18 01 00 00 48 81 e1 00 00 ff ff 48 81 c1 00 00
0x00007ff960f37aa2:   01 00 48 01 8f 88 02 00 00 48 8b 43 08 48 8b 88
0x00007ff960f37ab2:   18 01 00 00 48 01 8f a0 02 00 00 4d 85 ed 0f 85
0x00007ff960f37ac2:   f6 fe ff ff 45 84 f6 44 8a a4 24 98 00 00 00 0f
0x00007ff960f37ad2:   85 e1 a3 94 00 48 8b 9c 24 80 00 00 00 48 8b cf
0x00007ff960f37ae2:   45 84 e4 0f 85 30 02 00 00 e8 d0 fa ff ff 90 48
0x00007ff960f37af2:   8b cb 48 8b 9c 24 88 00 00 00 48 83 c4 40 41 5f
0x00007ff960f37b02:   41 5e 41 5d 41 5c 5f 5e 5d 48 ff 25 0e 47 a9 00 


Stack slot to memory mapping:
stack at sp + 0 slots: 0x000001fff0242b30 points into unknown readable memory: 0xffffffffffffffff | ff ff ff ff ff ff ff ff
stack at sp + 1 slots: 0x0 is NULL
stack at sp + 2 slots: 0x02a458d701c537d7 is an unknown value
stack at sp + 3 slots: 0x00007ff9b24b2d94 ntdll.dll
stack at sp + 4 slots: 0x0221f5d8019ce7d8 is an unknown value
stack at sp + 5 slots: 0x01730bda01e940d9 is an unknown value
stack at sp + 6 slots: 0x01c838da023e16da is an unknown value
stack at sp + 7 slots: 0x02147adb013125db is an unknown value

VM_Operation (0x0000006a975fef50): Exit, mode: safepoint, requested by thread 0x000001ffca21a4d0


---------------  P R O C E S S  ---------------

Threads class SMR info:
_java_thread_list=0x000001fff018e550, length=11, elements={
0x000001ffca21a4d0, 0x000001ffeb115160, 0x000001ffeb115ca0, 0x000001ffeb11b370,
0x000001ffefd027c0, 0x000001ffefd0cb90, 0x000001ffefd108f0, 0x000001ffefd11270,
0x000001ffeb0e5150, 0x000001ffeffe2c50, 0x000001ffeffe31a0
}

Java Threads: ( => current thread )
  0x000001ffca21a4d0 JavaThread "main" [_thread_blocked, id=8768, stack(0x0000006a97500000,0x0000006a97600000)]
  0x000001ffeb115160 JavaThread "Reference Handler" daemon [_thread_blocked, id=11052, stack(0x0000006a97c00000,0x0000006a97d00000)]
  0x000001ffeb115ca0 JavaThread "Finalizer" daemon [_thread_blocked, id=19836, stack(0x0000006a97d00000,0x0000006a97e00000)]
  0x000001ffeb11b370 JavaThread "Attach Listener" daemon [_thread_blocked, id=12156, stack(0x0000006a97f00000,0x0000006a98000000)]
  0x000001ffefd027c0 JavaThread "Service Thread" daemon [_thread_blocked, id=8720, stack(0x0000006a98000000,0x0000006a98100000)]
  0x000001ffefd0cb90 JavaThread "Monitor Deflation Thread" daemon [_thread_blocked, id=16180, stack(0x0000006a98100000,0x0000006a98200000)]
  0x000001ffefd108f0 JavaThread "C2 CompilerThread0" daemon [_thread_blocked, id=12492, stack(0x0000006a98200000,0x0000006a98300000)]
  0x000001ffefd11270 JavaThread "C1 CompilerThread0" daemon [_thread_blocked, id=12072, stack(0x0000006a98300000,0x0000006a98400000)]
  0x000001ffeb0e5150 JavaThread "Common-Cleaner" daemon [_thread_blocked, id=16420, stack(0x0000006a98400000,0x0000006a98500000)]
  0x000001ffeffe2c50 JavaThread "Monitor Ctrl-Break" daemon [_thread_in_native, id=18940, stack(0x0000006a98500000,0x0000006a98600000)]
  0x000001ffeffe31a0 JavaThread "Notification Thread" daemon [_thread_blocked, id=15712, stack(0x0000006a98600000,0x0000006a98700000)]

Other Threads:
=>0x000001ffeb0fa680 VMThread "VM Thread" [stack: 0x0000006a97b00000,0x0000006a97c00000] [id=15268]
  0x000001ffca28cbe0 WorkerThread "GC Thread#0" [stack: 0x0000006a97600000,0x0000006a97700000] [id=19400]
  0x000001fff019f8b0 WorkerThread "GC Thread#1" [stack: 0x0000006a99100000,0x0000006a99200000] [id=16996]
  0x000001fff019ed70 WorkerThread "GC Thread#2" [stack: 0x0000006a99200000,0x0000006a99300000] [id=10688]
  0x000001fff019fb80 WorkerThread "GC Thread#3" [stack: 0x0000006a99300000,0x0000006a99400000] [id=15244]
  0x000001fff019fe50 WorkerThread "GC Thread#4" [stack: 0x0000006a99400000,0x0000006a99500000] [id=12208]
  0x000001fff019e230 WorkerThread "GC Thread#5" [stack: 0x0000006a99500000,0x0000006a99600000] [id=7652]
  0x000001fff019e500 WorkerThread "GC Thread#6" [stack: 0x0000006a99600000,0x0000006a99700000] [id=11272]
  0x000001fff019e7d0 WorkerThread "GC Thread#7" [stack: 0x0000006a99700000,0x0000006a99800000] [id=3728]
  0x000001fff019eaa0 WorkerThread "GC Thread#8" [stack: 0x0000006a99800000,0x0000006a99900000] [id=13440]
  0x000001fff0058f20 WorkerThread "GC Thread#9" [stack: 0x0000006a99900000,0x0000006a99a00000] [id=2000]
  0x000001ffca2db010 ConcurrentGCThread "G1 Main Marker" terminated
  0x000001ffca2db950 WorkerThread "G1 Conc#0" [stack: 0x0000006a97800000,0x0000006a97900000] [id=8884]
  0x000001ffeafbc000 ConcurrentGCThread "G1 Refine#0" terminated
  0x000001ffeafbc9b0 ConcurrentGCThread "G1 Service" terminated

Threads with active compile tasks:
C2 CompilerThread0    20244 1047       4       java.lang.StringBuilder::append (8 bytes)
C1 CompilerThread0    20244 1056       3       java.lang.invoke.InvokerBytecodeGenerator::emitPushArgument (150 bytes)

VM state: at safepoint (shutting down)

VM Mutex/Monitor currently owned by a thread:  ([mutex/lock_event])
[0x000001ffca215af0] Threads_lock - owner thread: 0x000001ffeb0fa680
[0x000001ffca215f70] Heap_lock - owner thread: 0x000001ffca21a4d0

Heap address: 0x0000000702a00000, size: 4054 MB, Compressed Oops mode: Zero based, Oop shift amount: 3

CDS archive(s) mapped at: [0x000001ff80000000-0x000001ff80c60000-0x000001ff80c60000), size 12976128, SharedBaseAddress: 0x000001ff80000000, ArchiveRelocationMode: 1.
Compressed class space mapped at: 0x000001ff81000000-0x000001ffc1000000, reserved size: 1073741824
Narrow klass base: 0x000001ff80000000, Narrow klass shift: 0, Narrow klass range: 0x100000000

GC Precious Log:
 CardTable entry size: 512
 Card Set container configuration: InlinePtr #cards 4 size 8 Array Of Cards #cards 16 size 48 Howl #buckets 8 coarsen threshold 3686 Howl Bitmap #cards 512 size 80 coarsen threshold 460 Card regions per heap region 1 cards per card region 4096
 CPUs: 12 total, 12 available
 Memory: 16209M
 Large Page Support: Disabled
 NUMA Support: Disabled
 Compressed Oops: Enabled (Zero based)
 Heap Region Size: 2M
 Heap Min Capacity: 8M
 Heap Initial Capacity: 254M
 Heap Max Capacity: 4054M
 Pre-touch: Disabled
 Parallel Workers: 10
 Concurrent Workers: 3
 Concurrent Refinement Workers: 10
 Periodic GC: Disabled

Heap:
 garbage-first heap   total 260096K, used 10773K [0x0000000702a00000, 0x0000000800000000)
  region size 2048K, 7 young (14336K), 2 survivors (4096K)
 Metaspace       used 4853K, committed 5184K, reserved 1114112K
  class space    used 303K, committed 448K, reserved 1048576K

Heap Regions: E=young(eden), S=young(survivor), O=old, HS=humongous(starts), HC=humongous(continues), CS=collection set, F=free, OA=open archive, CA=closed archive, TAMS=top-at-mark-start, PB=parsable bottom
|   0|0x0000000702a00000, 0x0000000702a00000, 0x0000000702c00000|  0%| F|  |TAMS 0x0000000702a00000| PB 0x0000000702a00000| Untracked 
|   1|0x0000000702c00000, 0x0000000702c00000, 0x0000000702e00000|  0%| F|  |TAMS 0x0000000702c00000| PB 0x0000000702c00000| Untracked 
|   2|0x0000000702e00000, 0x0000000702e00000, 0x0000000703000000|  0%| F|  |TAMS 0x0000000702e00000| PB 0x0000000702e00000| Untracked 
|   3|0x0000000703000000, 0x0000000703000000, 0x0000000703200000|  0%| F|  |TAMS 0x0000000703000000| PB 0x0000000703000000| Untracked 
|   4|0x0000000703200000, 0x0000000703200000, 0x0000000703400000|  0%| F|  |TAMS 0x0000000703200000| PB 0x0000000703200000| Untracked 
|   5|0x0000000703400000, 0x0000000703400000, 0x0000000703600000|  0%| F|  |TAMS 0x0000000703400000| PB 0x0000000703400000| Untracked 
|   6|0x0000000703600000, 0x0000000703600000, 0x0000000703800000|  0%| F|  |TAMS 0x0000000703600000| PB 0x0000000703600000| Untracked 
|   7|0x0000000703800000, 0x0000000703800000, 0x0000000703a00000|  0%| F|  |TAMS 0x0000000703800000| PB 0x0000000703800000| Untracked 
|   8|0x0000000703a00000, 0x0000000703a00000, 0x0000000703c00000|  0%| F|  |TAMS 0x0000000703a00000| PB 0x0000000703a00000| Untracked 
|   9|0x0000000703c00000, 0x0000000703c00000, 0x0000000703e00000|  0%| F|  |TAMS 0x0000000703c00000| PB 0x0000000703c00000| Untracked 
|  10|0x0000000703e00000, 0x0000000703e00000, 0x0000000704000000|  0%| F|  |TAMS 0x0000000703e00000| PB 0x0000000703e00000| Untracked 
|  11|0x0000000704000000, 0x0000000704000000, 0x0000000704200000|  0%| F|  |TAMS 0x0000000704000000| PB 0x0000000704000000| Untracked 
|  12|0x0000000704200000, 0x0000000704200000, 0x0000000704400000|  0%| F|  |TAMS 0x0000000704200000| PB 0x0000000704200000| Untracked 
|  13|0x0000000704400000, 0x0000000704400000, 0x0000000704600000|  0%| F|  |TAMS 0x0000000704400000| PB 0x0000000704400000| Untracked 
|  14|0x0000000704600000, 0x0000000704600000, 0x0000000704800000|  0%| F|  |TAMS 0x0000000704600000| PB 0x0000000704600000| Untracked 
|  15|0x0000000704800000, 0x0000000704800000, 0x0000000704a00000|  0%| F|  |TAMS 0x0000000704800000| PB 0x0000000704800000| Untracked 
|  16|0x0000000704a00000, 0x0000000704a00000, 0x0000000704c00000|  0%| F|  |TAMS 0x0000000704a00000| PB 0x0000000704a00000| Untracked 
|  17|0x0000000704c00000, 0x0000000704c00000, 0x0000000704e00000|  0%| F|  |TAMS 0x0000000704c00000| PB 0x0000000704c00000| Untracked 
|  18|0x0000000704e00000, 0x0000000704e00000, 0x0000000705000000|  0%| F|  |TAMS 0x0000000704e00000| PB 0x0000000704e00000| Untracked 
|  19|0x0000000705000000, 0x0000000705000000, 0x0000000705200000|  0%| F|  |TAMS 0x0000000705000000| PB 0x0000000705000000| Untracked 
|  20|0x0000000705200000, 0x0000000705200000, 0x0000000705400000|  0%| F|  |TAMS 0x0000000705200000| PB 0x0000000705200000| Untracked 
|  21|0x0000000705400000, 0x0000000705400000, 0x0000000705600000|  0%| F|  |TAMS 0x0000000705400000| PB 0x0000000705400000| Untracked 
|  22|0x0000000705600000, 0x0000000705600000, 0x0000000705800000|  0%| F|  |TAMS 0x0000000705600000| PB 0x0000000705600000| Untracked 
|  23|0x0000000705800000, 0x0000000705800000, 0x0000000705a00000|  0%| F|  |TAMS 0x0000000705800000| PB 0x0000000705800000| Untracked 
|  24|0x0000000705a00000, 0x0000000705a00000, 0x0000000705c00000|  0%| F|  |TAMS 0x0000000705a00000| PB 0x0000000705a00000| Untracked 
|  25|0x0000000705c00000, 0x0000000705c00000, 0x0000000705e00000|  0%| F|  |TAMS 0x0000000705c00000| PB 0x0000000705c00000| Untracked 
|  26|0x0000000705e00000, 0x0000000705e00000, 0x0000000706000000|  0%| F|  |TAMS 0x0000000705e00000| PB 0x0000000705e00000| Untracked 
|  27|0x0000000706000000, 0x0000000706000000, 0x0000000706200000|  0%| F|  |TAMS 0x0000000706000000| PB 0x0000000706000000| Untracked 
|  28|0x0000000706200000, 0x0000000706200000, 0x0000000706400000|  0%| F|  |TAMS 0x0000000706200000| PB 0x0000000706200000| Untracked 
|  29|0x0000000706400000, 0x0000000706400000, 0x0000000706600000|  0%| F|  |TAMS 0x0000000706400000| PB 0x0000000706400000| Untracked 
|  30|0x0000000706600000, 0x0000000706600000, 0x0000000706800000|  0%| F|  |TAMS 0x0000000706600000| PB 0x0000000706600000| Untracked 
|  31|0x0000000706800000, 0x0000000706800000, 0x0000000706a00000|  0%| F|  |TAMS 0x0000000706800000| PB 0x0000000706800000| Untracked 
|  32|0x0000000706a00000, 0x0000000706a00000, 0x0000000706c00000|  0%| F|  |TAMS 0x0000000706a00000| PB 0x0000000706a00000| Untracked 
|  33|0x0000000706c00000, 0x0000000706c00000, 0x0000000706e00000|  0%| F|  |TAMS 0x0000000706c00000| PB 0x0000000706c00000| Untracked 
|  34|0x0000000706e00000, 0x0000000706e00000, 0x0000000707000000|  0%| F|  |TAMS 0x0000000706e00000| PB 0x0000000706e00000| Untracked 
|  35|0x0000000707000000, 0x0000000707000000, 0x0000000707200000|  0%| F|  |TAMS 0x0000000707000000| PB 0x0000000707000000| Untracked 
|  36|0x0000000707200000, 0x0000000707200000, 0x0000000707400000|  0%| F|  |TAMS 0x0000000707200000| PB 0x0000000707200000| Untracked 
|  37|0x0000000707400000, 0x0000000707400000, 0x0000000707600000|  0%| F|  |TAMS 0x0000000707400000| PB 0x0000000707400000| Untracked 
|  38|0x0000000707600000, 0x0000000707600000, 0x0000000707800000|  0%| F|  |TAMS 0x0000000707600000| PB 0x0000000707600000| Untracked 
|  39|0x0000000707800000, 0x0000000707800000, 0x0000000707a00000|  0%| F|  |TAMS 0x0000000707800000| PB 0x0000000707800000| Untracked 
|  40|0x0000000707a00000, 0x0000000707a00000, 0x0000000707c00000|  0%| F|  |TAMS 0x0000000707a00000| PB 0x0000000707a00000| Untracked 
|  41|0x0000000707c00000, 0x0000000707c00000, 0x0000000707e00000|  0%| F|  |TAMS 0x0000000707c00000| PB 0x0000000707c00000| Untracked 
|  42|0x0000000707e00000, 0x0000000707e00000, 0x0000000708000000|  0%| F|  |TAMS 0x0000000707e00000| PB 0x0000000707e00000| Untracked 
|  43|0x0000000708000000, 0x0000000708000000, 0x0000000708200000|  0%| F|  |TAMS 0x0000000708000000| PB 0x0000000708000000| Untracked 
|  44|0x0000000708200000, 0x0000000708200000, 0x0000000708400000|  0%| F|  |TAMS 0x0000000708200000| PB 0x0000000708200000| Untracked 
|  45|0x0000000708400000, 0x0000000708400000, 0x0000000708600000|  0%| F|  |TAMS 0x0000000708400000| PB 0x0000000708400000| Untracked 
|  46|0x0000000708600000, 0x0000000708600000, 0x0000000708800000|  0%| F|  |TAMS 0x0000000708600000| PB 0x0000000708600000| Untracked 
|  47|0x0000000708800000, 0x0000000708800000, 0x0000000708a00000|  0%| F|  |TAMS 0x0000000708800000| PB 0x0000000708800000| Untracked 
|  48|0x0000000708a00000, 0x0000000708a00000, 0x0000000708c00000|  0%| F|  |TAMS 0x0000000708a00000| PB 0x0000000708a00000| Untracked 
|  49|0x0000000708c00000, 0x0000000708c00000, 0x0000000708e00000|  0%| F|  |TAMS 0x0000000708c00000| PB 0x0000000708c00000| Untracked 
|  50|0x0000000708e00000, 0x0000000708e00000, 0x0000000709000000|  0%| F|  |TAMS 0x0000000708e00000| PB 0x0000000708e00000| Untracked 
|  51|0x0000000709000000, 0x0000000709000000, 0x0000000709200000|  0%| F|  |TAMS 0x0000000709000000| PB 0x0000000709000000| Untracked 
|  52|0x0000000709200000, 0x0000000709200000, 0x0000000709400000|  0%| F|  |TAMS 0x0000000709200000| PB 0x0000000709200000| Untracked 
|  53|0x0000000709400000, 0x0000000709400000, 0x0000000709600000|  0%| F|  |TAMS 0x0000000709400000| PB 0x0000000709400000| Untracked 
|  54|0x0000000709600000, 0x0000000709600000, 0x0000000709800000|  0%| F|  |TAMS 0x0000000709600000| PB 0x0000000709600000| Untracked 
|  55|0x0000000709800000, 0x0000000709800000, 0x0000000709a00000|  0%| F|  |TAMS 0x0000000709800000| PB 0x0000000709800000| Untracked 
|  56|0x0000000709a00000, 0x0000000709a00000, 0x0000000709c00000|  0%| F|  |TAMS 0x0000000709a00000| PB 0x0000000709a00000| Untracked 
|  57|0x0000000709c00000, 0x0000000709c00000, 0x0000000709e00000|  0%| F|  |TAMS 0x0000000709c00000| PB 0x0000000709c00000| Untracked 
|  58|0x0000000709e00000, 0x0000000709e00000, 0x000000070a000000|  0%| F|  |TAMS 0x0000000709e00000| PB 0x0000000709e00000| Untracked 
|  59|0x000000070a000000, 0x000000070a000000, 0x000000070a200000|  0%| F|  |TAMS 0x000000070a000000| PB 0x000000070a000000| Untracked 
|  60|0x000000070a200000, 0x000000070a200000, 0x000000070a400000|  0%| F|  |TAMS 0x000000070a200000| PB 0x000000070a200000| Untracked 
|  61|0x000000070a400000, 0x000000070a400000, 0x000000070a600000|  0%| F|  |TAMS 0x000000070a400000| PB 0x000000070a400000| Untracked 
|  62|0x000000070a600000, 0x000000070a600000, 0x000000070a800000|  0%| F|  |TAMS 0x000000070a600000| PB 0x000000070a600000| Untracked 
|  63|0x000000070a800000, 0x000000070a800000, 0x000000070aa00000|  0%| F|  |TAMS 0x000000070a800000| PB 0x000000070a800000| Untracked 
|  64|0x000000070aa00000, 0x000000070aa00000, 0x000000070ac00000|  0%| F|  |TAMS 0x000000070aa00000| PB 0x000000070aa00000| Untracked 
|  65|0x000000070ac00000, 0x000000070ac00000, 0x000000070ae00000|  0%| F|  |TAMS 0x000000070ac00000| PB 0x000000070ac00000| Untracked 
|  66|0x000000070ae00000, 0x000000070ae00000, 0x000000070b000000|  0%| F|  |TAMS 0x000000070ae00000| PB 0x000000070ae00000| Untracked 
|  67|0x000000070b000000, 0x000000070b000000, 0x000000070b200000|  0%| F|  |TAMS 0x000000070b000000| PB 0x000000070b000000| Untracked 
|  68|0x000000070b200000, 0x000000070b200000, 0x000000070b400000|  0%| F|  |TAMS 0x000000070b200000| PB 0x000000070b200000| Untracked 
|  69|0x000000070b400000, 0x000000070b400000, 0x000000070b600000|  0%| F|  |TAMS 0x000000070b400000| PB 0x000000070b400000| Untracked 
|  70|0x000000070b600000, 0x000000070b600000, 0x000000070b800000|  0%| F|  |TAMS 0x000000070b600000| PB 0x000000070b600000| Untracked 
|  71|0x000000070b800000, 0x000000070b800000, 0x000000070ba00000|  0%| F|  |TAMS 0x000000070b800000| PB 0x000000070b800000| Untracked 
|  72|0x000000070ba00000, 0x000000070ba00000, 0x000000070bc00000|  0%| F|  |TAMS 0x000000070ba00000| PB 0x000000070ba00000| Untracked 
|  73|0x000000070bc00000, 0x000000070bc00000, 0x000000070be00000|  0%| F|  |TAMS 0x000000070bc00000| PB 0x000000070bc00000| Untracked 
|  74|0x000000070be00000, 0x000000070be00000, 0x000000070c000000|  0%| F|  |TAMS 0x000000070be00000| PB 0x000000070be00000| Untracked 
|  75|0x000000070c000000, 0x000000070c000000, 0x000000070c200000|  0%| F|  |TAMS 0x000000070c000000| PB 0x000000070c000000| Untracked 
|  76|0x000000070c200000, 0x000000070c200000, 0x000000070c400000|  0%| F|  |TAMS 0x000000070c200000| PB 0x000000070c200000| Untracked 
|  77|0x000000070c400000, 0x000000070c400000, 0x000000070c600000|  0%| F|  |TAMS 0x000000070c400000| PB 0x000000070c400000| Untracked 
|  78|0x000000070c600000, 0x000000070c600000, 0x000000070c800000|  0%| F|  |TAMS 0x000000070c600000| PB 0x000000070c600000| Untracked 
|  79|0x000000070c800000, 0x000000070c800000, 0x000000070ca00000|  0%| F|  |TAMS 0x000000070c800000| PB 0x000000070c800000| Untracked 
|  80|0x000000070ca00000, 0x000000070ca00000, 0x000000070cc00000|  0%| F|  |TAMS 0x000000070ca00000| PB 0x000000070ca00000| Untracked 
|  81|0x000000070cc00000, 0x000000070cc00000, 0x000000070ce00000|  0%| F|  |TAMS 0x000000070cc00000| PB 0x000000070cc00000| Untracked 
|  82|0x000000070ce00000, 0x000000070ce00000, 0x000000070d000000|  0%| F|  |TAMS 0x000000070ce00000| PB 0x000000070ce00000| Untracked 
|  83|0x000000070d000000, 0x000000070d000000, 0x000000070d200000|  0%| F|  |TAMS 0x000000070d000000| PB 0x000000070d000000| Untracked 
|  84|0x000000070d200000, 0x000000070d200000, 0x000000070d400000|  0%| F|  |TAMS 0x000000070d200000| PB 0x000000070d200000| Untracked 
|  85|0x000000070d400000, 0x000000070d400000, 0x000000070d600000|  0%| F|  |TAMS 0x000000070d400000| PB 0x000000070d400000| Untracked 
|  86|0x000000070d600000, 0x000000070d600000, 0x000000070d800000|  0%| F|  |TAMS 0x000000070d600000| PB 0x000000070d600000| Untracked 
|  87|0x000000070d800000, 0x000000070d800000, 0x000000070da00000|  0%| F|  |TAMS 0x000000070d800000| PB 0x000000070d800000| Untracked 
|  88|0x000000070da00000, 0x000000070da00000, 0x000000070dc00000|  0%| F|  |TAMS 0x000000070da00000| PB 0x000000070da00000| Untracked 
|  89|0x000000070dc00000, 0x000000070dc00000, 0x000000070de00000|  0%| F|  |TAMS 0x000000070dc00000| PB 0x000000070dc00000| Untracked 
|  90|0x000000070de00000, 0x000000070de00000, 0x000000070e000000|  0%| F|  |TAMS 0x000000070de00000| PB 0x000000070de00000| Untracked 
|  91|0x000000070e000000, 0x000000070e000000, 0x000000070e200000|  0%| F|  |TAMS 0x000000070e000000| PB 0x000000070e000000| Untracked 
|  92|0x000000070e200000, 0x000000070e200000, 0x000000070e400000|  0%| F|  |TAMS 0x000000070e200000| PB 0x000000070e200000| Untracked 
|  93|0x000000070e400000, 0x000000070e400000, 0x000000070e600000|  0%| F|  |TAMS 0x000000070e400000| PB 0x000000070e400000| Untracked 
|  94|0x000000070e600000, 0x000000070e600000, 0x000000070e800000|  0%| F|  |TAMS 0x000000070e600000| PB 0x000000070e600000| Untracked 
|  95|0x000000070e800000, 0x000000070e800000, 0x000000070ea00000|  0%| F|  |TAMS 0x000000070e800000| PB 0x000000070e800000| Untracked 
|  96|0x000000070ea00000, 0x000000070ea00000, 0x000000070ec00000|  0%| F|  |TAMS 0x000000070ea00000| PB 0x000000070ea00000| Untracked 
|  97|0x000000070ec00000, 0x000000070ec00000, 0x000000070ee00000|  0%| F|  |TAMS 0x000000070ec00000| PB 0x000000070ec00000| Untracked 
|  98|0x000000070ee00000, 0x000000070ee00000, 0x000000070f000000|  0%| F|  |TAMS 0x000000070ee00000| PB 0x000000070ee00000| Untracked 
|  99|0x000000070f000000, 0x000000070f000000, 0x000000070f200000|  0%| F|  |TAMS 0x000000070f000000| PB 0x000000070f000000| Untracked 
| 100|0x000000070f200000, 0x000000070f200000, 0x000000070f400000|  0%| F|  |TAMS 0x000000070f200000| PB 0x000000070f200000| Untracked 
| 101|0x000000070f400000, 0x000000070f400000, 0x000000070f600000|  0%| F|  |TAMS 0x000000070f400000| PB 0x000000070f400000| Untracked 
| 102|0x000000070f600000, 0x000000070f600000, 0x000000070f800000|  0%| F|  |TAMS 0x000000070f600000| PB 0x000000070f600000| Untracked 
| 103|0x000000070f800000, 0x000000070f800000, 0x000000070fa00000|  0%| F|  |TAMS 0x000000070f800000| PB 0x000000070f800000| Untracked 
| 104|0x000000070fa00000, 0x000000070fa00000, 0x000000070fc00000|  0%| F|  |TAMS 0x000000070fa00000| PB 0x000000070fa00000| Untracked 
| 105|0x000000070fc00000, 0x000000070fc00000, 0x000000070fe00000|  0%| F|  |TAMS 0x000000070fc00000| PB 0x000000070fc00000| Untracked 
| 106|0x000000070fe00000, 0x000000070fe00000, 0x0000000710000000|  0%| F|  |TAMS 0x000000070fe00000| PB 0x000000070fe00000| Untracked 
| 107|0x0000000710000000, 0x0000000710000000, 0x0000000710200000|  0%| F|  |TAMS 0x0000000710000000| PB 0x0000000710000000| Untracked 
| 108|0x0000000710200000, 0x0000000710200000, 0x0000000710400000|  0%| F|  |TAMS 0x0000000710200000| PB 0x0000000710200000| Untracked 
| 109|0x0000000710400000, 0x0000000710400000, 0x0000000710600000|  0%| F|  |TAMS 0x0000000710400000| PB 0x0000000710400000| Untracked 
| 110|0x0000000710600000, 0x0000000710600000, 0x0000000710800000|  0%| F|  |TAMS 0x0000000710600000| PB 0x0000000710600000| Untracked 
| 111|0x0000000710800000, 0x0000000710800000, 0x0000000710a00000|  0%| F|  |TAMS 0x0000000710800000| PB 0x0000000710800000| Untracked 
| 112|0x0000000710a00000, 0x0000000710a00000, 0x0000000710c00000|  0%| F|  |TAMS 0x0000000710a00000| PB 0x0000000710a00000| Untracked 
| 113|0x0000000710c00000, 0x0000000710c00000, 0x0000000710e00000|  0%| F|  |TAMS 0x0000000710c00000| PB 0x0000000710c00000| Untracked 
| 114|0x0000000710e00000, 0x0000000710e85520, 0x0000000711000000| 26%| S|CS|TAMS 0x0000000710e00000| PB 0x0000000710e00000| Complete 
| 115|0x0000000711000000, 0x0000000711200000, 0x0000000711200000|100%| S|CS|TAMS 0x0000000711000000| PB 0x0000000711000000| Complete 
| 116|0x0000000711200000, 0x0000000711200000, 0x0000000711400000|  0%| F|  |TAMS 0x0000000711200000| PB 0x0000000711200000| Untracked 
| 117|0x0000000711400000, 0x0000000711400000, 0x0000000711600000|  0%| F|  |TAMS 0x0000000711400000| PB 0x0000000711400000| Untracked 
| 118|0x0000000711600000, 0x0000000711600000, 0x0000000711800000|  0%| F|  |TAMS 0x0000000711600000| PB 0x0000000711600000| Untracked 
| 119|0x0000000711800000, 0x0000000711800000, 0x0000000711a00000|  0%| F|  |TAMS 0x0000000711800000| PB 0x0000000711800000| Untracked 
| 120|0x0000000711a00000, 0x0000000711a00000, 0x0000000711c00000|  0%| F|  |TAMS 0x0000000711a00000| PB 0x0000000711a00000| Untracked 
| 121|0x0000000711c00000, 0x0000000711c00000, 0x0000000711e00000|  0%| F|  |TAMS 0x0000000711c00000| PB 0x0000000711c00000| Untracked 
| 122|0x0000000711e00000, 0x0000000711fdadc0, 0x0000000712000000| 92%| E|  |TAMS 0x0000000711e00000| PB 0x0000000711e00000| Complete 
| 123|0x0000000712000000, 0x0000000712200000, 0x0000000712200000|100%| E|CS|TAMS 0x0000000712000000| PB 0x0000000712000000| Complete 
| 124|0x0000000712200000, 0x0000000712400000, 0x0000000712400000|100%| E|CS|TAMS 0x0000000712200000| PB 0x0000000712200000| Complete 
| 125|0x0000000712400000, 0x0000000712600000, 0x0000000712600000|100%| E|CS|TAMS 0x0000000712400000| PB 0x0000000712400000| Complete 
| 126|0x0000000712600000, 0x0000000712800000, 0x0000000712800000|100%| E|CS|TAMS 0x0000000712600000| PB 0x0000000712600000| Complete 

Card table byte_map: [0x000001ffe3f50000,0x000001ffe4740000] _byte_map_base: 0x000001ffe073b000

Marking Bits: (CMBitMap*) 0x000001ffca28d120
 Bits: [0x000001ffe4f30000, 0x000001ffe8e88000)

Polling page: 0x000001ffca2e0000

Metaspace:

Usage:
  Non-class:      4.44 MB used.
      Class:    303.28 KB used.
       Both:      4.74 MB used.

Virtual space:
  Non-class space:       64.00 MB reserved,       4.62 MB (  7%) committed,  1 nodes.
      Class space:        1.00 GB reserved,     448.00 KB ( <1%) committed,  1 nodes.
             Both:        1.06 GB reserved,       5.06 MB ( <1%) committed. 

Chunk freelists:
   Non-Class:  1.43 MB
       Class:  3.55 MB
        Both:  4.99 MB

MaxMetaspaceSize: unlimited
CompressedClassSpaceSize: 1.00 GB
Initial GC threshold: 21.00 MB
Current GC threshold: 21.00 MB
CDS: on
MetaspaceReclaimPolicy: balanced
 - commit_granule_bytes: 65536.
 - commit_granule_words: 8192.
 - virtual_space_node_default_size: 8388608.
 - enlarge_chunks_in_place: 1.
 - new_chunks_are_fully_committed: 0.
 - uncommit_free_chunks: 1.
 - use_allocation_guard: 0.


Internal statistics:

num_allocs_failed_limit: 0.
num_arena_births: 168.
num_arena_deaths: 0.
num_vsnodes_births: 2.
num_vsnodes_deaths: 0.
num_space_committed: 79.
num_space_uncommitted: 0.
num_chunks_returned_to_freelist: 0.
num_chunks_taken_from_freelist: 300.
num_chunk_merges: 0.
num_chunk_splits: 193.
num_chunks_enlarged: 126.
num_inconsistent_stats: 0.

CodeHeap 'non-profiled nmethods': size=120000Kb used=400Kb max_used=400Kb free=119599Kb
 bounds [0x000001ffdb5b0000, 0x000001ffdb820000, 0x000001ffe2ae0000]
CodeHeap 'profiled nmethods': size=120000Kb used=1475Kb max_used=1475Kb free=118524Kb
 bounds [0x000001ffd3ae0000, 0x000001ffd3d50000, 0x000001ffdb010000]
CodeHeap 'non-nmethods': size=5760Kb used=2151Kb max_used=2174Kb free=3608Kb
 bounds [0x000001ffdb010000, 0x000001ffdb280000, 0x000001ffdb5b0000]
 total_blobs=2126 nmethods=1054 adapters=983
 compilation: enabled
              stopped_count=0, restarted_count=0
 full_count=0

Compilation events (20 events):
Event: 18.989 Thread 0x000001ffefd11270 1044       3       sun.misc.Unsafe::getInt (9 bytes)
Event: 18.989 Thread 0x000001ffefd11270 nmethod 1044 0x000001ffd3c4c210 code [0x000001ffd3c4c3a0, 0x000001ffd3c4c4b0]
Event: 19.638 Thread 0x000001ffefd11270 1045       3       java.util.AbstractList::<init> (10 bytes)
Event: 19.638 Thread 0x000001ffefd11270 nmethod 1045 0x000001ffd3c4c590 code [0x000001ffd3c4c720, 0x000001ffd3c4c8f0]
Event: 19.639 Thread 0x000001ffefd11270 1046       3       java.lang.invoke.BoundMethodHandle::<init> (32 bytes)
Event: 19.639 Thread 0x000001ffefd11270 nmethod 1046 0x000001ffd3c4ca10 code [0x000001ffd3c4cba0, 0x000001ffd3c4ccf8]
Event: 19.640 Thread 0x000001ffefd108f0 1047       4       java.lang.StringBuilder::append (8 bytes)
Event: 19.640 Thread 0x000001ffefd11270 1049       3       jdk.internal.org.objectweb.asm.SymbolTable::addTypeInternal (85 bytes)
Event: 19.640 Thread 0x000001ffefd11270 nmethod 1049 0x000001ffd3c4cd90 code [0x000001ffd3c4cf60, 0x000001ffd3c4d5b0]
Event: 19.640 Thread 0x000001ffefd11270 1048       3       jdk.internal.org.objectweb.asm.Frame::push (59 bytes)
Event: 19.641 Thread 0x000001ffefd11270 nmethod 1048 0x000001ffd3c4d790 code [0x000001ffd3c4d9c0, 0x000001ffd3c4e180]
Event: 19.641 Thread 0x000001ffefd11270 1052       3       jdk.internal.org.objectweb.asm.SymbolTable::addConstantNameAndType (137 bytes)
Event: 19.642 Thread 0x000001ffefd11270 nmethod 1052 0x000001ffd3c4e510 code [0x000001ffd3c4e740, 0x000001ffd3c4ee58]
Event: 19.642 Thread 0x000001ffefd11270 1054       3       java.lang.invoke.InvokerBytecodeGenerator::emitLoadInsn (21 bytes)
Event: 19.642 Thread 0x000001ffefd11270 nmethod 1054 0x000001ffd3c4f290 code [0x000001ffd3c4f440, 0x000001ffd3c4f698]
Event: 19.642 Thread 0x000001ffefd11270 1055       3       java.lang.invoke.InvokerBytecodeGenerator::loadInsnOpcode (98 bytes)
Event: 19.643 Thread 0x000001ffefd11270 nmethod 1055 0x000001ffd3c4f810 code [0x000001ffd3c4fa60, 0x000001ffd3c503a8]
Event: 19.643 Thread 0x000001ffefd11270 1059       3       java.util.concurrent.locks.AbstractQueuedSynchronizer::signalNext (34 bytes)
Event: 19.643 Thread 0x000001ffefd11270 nmethod 1059 0x000001ffd3c50690 code [0x000001ffd3c50860, 0x000001ffd3c50d20]
Event: 19.643 Thread 0x000001ffefd11270 1056       3       java.lang.invoke.InvokerBytecodeGenerator::emitPushArgument (150 bytes)

GC Heap History (2 events):
Event: 11.905 GC heap before
{Heap before GC invocations=0 (full 0):
 garbage-first heap   total 260096K, used 22528K [0x0000000702a00000, 0x0000000800000000)
  region size 2048K, 11 young (22528K), 0 survivors (0K)
 Metaspace       used 4817K, committed 4992K, reserved 1114112K
  class space    used 295K, committed 384K, reserved 1048576K
}
Event: 11.910 GC heap after
{Heap after GC invocations=1 (full 0):
 garbage-first heap   total 260096K, used 2581K [0x0000000702a00000, 0x0000000800000000)
  region size 2048K, 2 young (4096K), 2 survivors (4096K)
 Metaspace       used 4817K, committed 4992K, reserved 1114112K
  class space    used 295K, committed 384K, reserved 1048576K
}

Dll operation events (13 events):
Event: 0.013 Loaded shared library C:\Users\ericb\.jdks\openjdk-20.0.2\bin\java.dll
Event: 0.031 Loaded shared library C:\Users\ericb\.jdks\openjdk-20.0.2\bin\jsvml.dll
Event: 0.085 Loaded shared library C:\Users\ericb\.jdks\openjdk-20.0.2\bin\zip.dll
Event: 0.089 Loaded shared library C:\Users\ericb\.jdks\openjdk-20.0.2\bin\instrument.dll
Event: 0.095 Loaded shared library C:\Users\ericb\.jdks\openjdk-20.0.2\bin\net.dll
Event: 0.097 Loaded shared library C:\Users\ericb\.jdks\openjdk-20.0.2\bin\nio.dll
Event: 0.100 Loaded shared library C:\Users\ericb\.jdks\openjdk-20.0.2\bin\zip.dll
Event: 0.119 Loaded shared library C:\Program Files\JetBrains\IntelliJ IDEA Community Edition 2023.2\bin\breakgen64.dll
Event: 0.129 Loaded shared library C:\Users\ericb\.jdks\openjdk-20.0.2\bin\extnet.dll
Event: 0.179 Loaded shared library C:\Users\ericb\.jdks\openjdk-20.0.2\bin\jimage.dll
Event: 0.206 Loaded shared library C:\Users\ericb\AppData\Local\Temp\lwjglericb\3.3.1-build-7\lwjgl.dll
Event: 0.609 Loaded shared library C:\Users\ericb\AppData\Local\Temp\lwjglericb\3.3.1-build-7\lwjgl_opengl.dll
Event: 0.740 Loaded shared library C:\Users\ericb\AppData\Local\Temp\lwjglericb\3.3.1-build-7\lwjgl_stb.dll

Deoptimization events (20 events):
Event: 2.767 Thread 0x000001ffca21a4d0 DEOPT PACKING pc=0x000001ffdb5fb4b8 sp=0x0000006a975ff360
Event: 2.767 Thread 0x000001ffca21a4d0 DEOPT UNPACKING pc=0x000001ffdb079d22 sp=0x0000006a975ff278 mode 2
Event: 3.988 Thread 0x000001ffca21a4d0 DEOPT PACKING pc=0x000001ffd3c21de3 sp=0x0000006a975ff390
Event: 3.988 Thread 0x000001ffca21a4d0 DEOPT UNPACKING pc=0x000001ffdb07a4c2 sp=0x0000006a975fe848 mode 0
Event: 11.605 Thread 0x000001ffca21a4d0 Uncommon trap: trap_request=0xffffff45 fr.pc=0x000001ffdb609b64 relative=0x0000000000001064
Event: 11.605 Thread 0x000001ffca21a4d0 Uncommon trap: reason=unstable_if action=reinterpret pc=0x000001ffdb609b64 method=Lane.update(Lbagel/Input;LAccuracy;)I @ 96 c2
Event: 11.605 Thread 0x000001ffca21a4d0 DEOPT PACKING pc=0x000001ffdb609b64 sp=0x0000006a975ff240
Event: 11.605 Thread 0x000001ffca21a4d0 DEOPT UNPACKING pc=0x000001ffdb079d22 sp=0x0000006a975ff228 mode 2
Event: 11.911 Thread 0x000001ffeb115160 Uncommon trap: trap_request=0xffffff45 fr.pc=0x000001ffdb5f6290 relative=0x0000000000000110
Event: 11.911 Thread 0x000001ffeb115160 Uncommon trap: reason=unstable_if action=reinterpret pc=0x000001ffdb5f6290 method=java.util.concurrent.locks.AbstractQueuedSynchronizer.signalNext(Ljava/util/concurrent/locks/AbstractQueuedSynchronizer$Node;)V @ 1 c2
Event: 11.911 Thread 0x000001ffeb115160 DEOPT PACKING pc=0x000001ffdb5f6290 sp=0x0000006a97cff620
Event: 11.911 Thread 0x000001ffeb115160 DEOPT UNPACKING pc=0x000001ffdb079d22 sp=0x0000006a97cff510 mode 2
Event: 11.912 Thread 0x000001ffeb0e5150 Uncommon trap: trap_request=0xffffff45 fr.pc=0x000001ffdb5f9c40 relative=0x0000000000000040
Event: 11.912 Thread 0x000001ffeb0e5150 Uncommon trap: reason=unstable_if action=reinterpret pc=0x000001ffdb5f9c40 method=java.util.concurrent.locks.AbstractQueuedSynchronizer.signalNext(Ljava/util/concurrent/locks/AbstractQueuedSynchronizer$Node;)V @ 1 c2
Event: 11.912 Thread 0x000001ffeb0e5150 DEOPT PACKING pc=0x000001ffdb5f9c40 sp=0x0000006a984ff590
Event: 11.912 Thread 0x000001ffeb0e5150 DEOPT UNPACKING pc=0x000001ffdb079d22 sp=0x0000006a984ff520 mode 2
Event: 13.230 Thread 0x000001ffca21a4d0 Uncommon trap: trap_request=0xffffff45 fr.pc=0x000001ffdb60bcc4 relative=0x00000000000007e4
Event: 13.230 Thread 0x000001ffca21a4d0 Uncommon trap: reason=unstable_if action=reinterpret pc=0x000001ffdb60bcc4 method=HoldNote.draw(I)V @ 4 c2
Event: 13.230 Thread 0x000001ffca21a4d0 DEOPT PACKING pc=0x000001ffdb60bcc4 sp=0x0000006a975ff1f0
Event: 13.230 Thread 0x000001ffca21a4d0 DEOPT UNPACKING pc=0x000001ffdb079d22 sp=0x0000006a975ff158 mode 2

Classes loaded (20 events):
Event: 1.300 Loading class java/io/Externalizable done
Event: 1.300 Loading class java/time/zone/Ser done
Event: 1.300 Loading class java/time/Month
Event: 1.301 Loading class java/time/Month done
Event: 1.301 Loading class java/time/DayOfWeek
Event: 1.301 Loading class java/time/DayOfWeek done
Event: 1.301 Loading class java/time/zone/ZoneOffsetTransitionRule$TimeDefinition
Event: 1.301 Loading class java/time/zone/ZoneOffsetTransitionRule$TimeDefinition done
Event: 1.302 Loading class java/time/zone/ZoneOffsetTransition
Event: 1.302 Loading class java/time/zone/ZoneOffsetTransition done
Event: 1.302 Loading class sun/util/cldr/CLDRBaseLocaleDataMetaInfo$TZCanonicalIDMapHolder
Event: 1.303 Loading class sun/util/cldr/CLDRBaseLocaleDataMetaInfo$TZCanonicalIDMapHolder done
Event: 1.305 Loading class sun/util/resources/TimeZoneNames
Event: 1.306 Loading class sun/util/resources/TimeZoneNames done
Event: 1.306 Loading class sun/util/resources/TimeZoneNames_en
Event: 1.306 Loading class sun/util/resources/TimeZoneNames_en done
Event: 19.642 Loading class java/lang/Throwable$WrappedPrintStream
Event: 19.642 Loading class java/lang/Throwable$PrintStreamOrWriter
Event: 19.642 Loading class java/lang/Throwable$PrintStreamOrWriter done
Event: 19.642 Loading class java/lang/Throwable$WrappedPrintStream done

Classes unloaded (0 events):
No events

Classes redefined (0 events):
No events

Internal exceptions (20 events):
Event: 0.278 Thread 0x000001ffca21a4d0 Exception <a 'sun/nio/fs/WindowsException'{0x00000007122f42d8}> (0x00000007122f42d8) 
thrown [s\open\src\hotspot\share\prims\jni.cpp, line 519]
Event: 0.291 Thread 0x000001ffca21a4d0 Exception <a 'java/lang/NoSuchMethodError'{0x000000071233e240}: 'int java.lang.invoke.DirectMethodHandle$Holder.invokeStaticInit(java.lang.Object, java.lang.Object, int, long)'> (0x000000071233e240) 
thrown [s\open\src\hotspot\share\interpreter\linkResolver.cpp, line 773]
Event: 0.291 Thread 0x000001ffca21a4d0 Exception <a 'java/lang/NoSuchMethodError'{0x0000000712343878}: 'java.lang.Object java.lang.invoke.DirectMethodHandle$Holder.newInvokeSpecial(java.lang.Object, java.lang.Object, int)'> (0x0000000712343878) 
thrown [s\open\src\hotspot\share\interpreter\linkResolver.cpp, line 773]
Event: 0.296 Thread 0x000001ffca21a4d0 Exception <a 'java/lang/NoSuchMethodError'{0x0000000712351b88}: 'int java.lang.invoke.DirectMethodHandle$Holder.invokeStaticInit(java.lang.Object, java.lang.Object, long, long)'> (0x0000000712351b88) 
thrown [s\open\src\hotspot\share\interpreter\linkResolver.cpp, line 773]
Event: 0.298 Thread 0x000001ffca21a4d0 Exception <a 'java/lang/NoSuchMethodError'{0x0000000712357c78}: 'java.lang.Object java.lang.invoke.DirectMethodHandle$Holder.newInvokeSpecial(java.lang.Object, java.lang.Object, long)'> (0x0000000712357c78) 
thrown [s\open\src\hotspot\share\interpreter\linkResolver.cpp, line 773]
Event: 0.298 Thread 0x000001ffca21a4d0 Exception <a 'java/lang/NoSuchMethodError'{0x000000071235ba30}: 'java.lang.Object java.lang.invoke.Invokers$Holder.linkToTargetMethod(java.lang.Object, long, java.lang.Object)'> (0x000000071235ba30) 
thrown [s\open\src\hotspot\share\interpreter\linkResolver.cpp, line 773]
Event: 0.299 Thread 0x000001ffca21a4d0 Exception <a 'java/lang/NoSuchMethodError'{0x0000000712362a68}: 'int java.lang.invoke.DirectMethodHandle$Holder.invokeStaticInit(java.lang.Object, java.lang.Object, java.lang.Object, long)'> (0x0000000712362a68) 
thrown [s\open\src\hotspot\share\interpreter\linkResolver.cpp, line 773]
Event: 0.598 Thread 0x000001ffca21a4d0 Exception <a 'java/lang/NoSuchMethodError'{0x00000007123f6848}: 'void java.lang.System.load(java.lang.String, java.lang.Class)'> (0x00000007123f6848) 
thrown [s\open\src\hotspot\share\interpreter\linkResolver.cpp, line 773]
Event: 0.599 Thread 0x000001ffca21a4d0 Exception <a 'java/lang/NoSuchMethodError'{0x00000007123f9630}: 'void java.lang.System.loadLibrary(java.lang.String, java.lang.Class)'> (0x00000007123f9630) 
thrown [s\open\src\hotspot\share\interpreter\linkResolver.cpp, line 773]
Event: 0.607 Thread 0x000001ffca21a4d0 Exception <a 'sun/nio/fs/WindowsException'{0x0000000712009ca8}> (0x0000000712009ca8) 
thrown [s\open\src\hotspot\share\prims\jni.cpp, line 519]
Event: 0.607 Thread 0x000001ffca21a4d0 Exception <a 'sun/nio/fs/WindowsException'{0x000000071200a050}> (0x000000071200a050) 
thrown [s\open\src\hotspot\share\prims\jni.cpp, line 519]
Event: 0.610 Thread 0x000001ffca21a4d0 Exception <a 'sun/nio/fs/WindowsException'{0x000000071200f950}> (0x000000071200f950) 
thrown [s\open\src\hotspot\share\prims\jni.cpp, line 519]
Event: 0.610 Thread 0x000001ffca21a4d0 Exception <a 'sun/nio/fs/WindowsException'{0x000000071200fc30}> (0x000000071200fc30) 
thrown [s\open\src\hotspot\share\prims\jni.cpp, line 519]
Event: 0.728 Thread 0x000001ffca21a4d0 Exception <a 'java/lang/NoSuchMethodError'{0x0000000711e4e248}: 'void java.lang.System.load(java.lang.String, java.lang.Class)'> (0x0000000711e4e248) 
thrown [s\open\src\hotspot\share\interpreter\linkResolver.cpp, line 773]
Event: 0.728 Thread 0x000001ffca21a4d0 Exception <a 'java/lang/NoSuchMethodError'{0x0000000711e51038}: 'void java.lang.System.loadLibrary(java.lang.String, java.lang.Class)'> (0x0000000711e51038) 
thrown [s\open\src\hotspot\share\interpreter\linkResolver.cpp, line 773]
Event: 0.738 Thread 0x000001ffca21a4d0 Exception <a 'sun/nio/fs/WindowsException'{0x0000000711e60bf8}> (0x0000000711e60bf8) 
thrown [s\open\src\hotspot\share\prims\jni.cpp, line 519]
Event: 0.738 Thread 0x000001ffca21a4d0 Exception <a 'sun/nio/fs/WindowsException'{0x0000000711e60f78}> (0x0000000711e60f78) 
thrown [s\open\src\hotspot\share\prims\jni.cpp, line 519]
Event: 0.955 Thread 0x000001ffca21a4d0 Exception <a 'java/lang/NoSuchMethodError'{0x0000000711c51ad0}: 'void java.lang.invoke.DirectMethodHandle$Holder.invokeVirtual(java.lang.Object, java.lang.Object)'> (0x0000000711c51ad0) 
thrown [s\open\src\hotspot\share\interpreter\linkResolver.cpp, line 773]
Event: 1.307 Thread 0x000001ffeb11b370 Exception <a 'java/lang/NoSuchMethodError'{0x0000000711a4a4d0}: 'java.lang.Object java.lang.invoke.Invokers$Holder.invokeExact_MT(java.lang.Object, java.lang.Object, java.lang.Object, java.lang.Object, java.lang.Object, java.lang.Object)'> (0x0000000711a4a4d0) 
thrown [s\open\src\hotspot\share\interpreter\linkResolver.cpp, line 773]
Event: 2.765 Thread 0x000001ffca21a4d0 Exception <a 'java/lang/NoSuchMethodError'{0x0000000711815338}: 'void java.lang.invoke.DirectMethodHandle$Holder.invokeStatic(java.lang.Object, int, java.lang.Object)'> (0x0000000711815338) 
thrown [s\open\src\hotspot\share\interpreter\linkResolver.cpp, line 773]

VM Operations (20 events):
Event: 0.122 Executing VM operation: HandshakeAllThreads done
Event: 1.123 Executing VM operation: Cleanup
Event: 1.123 Executing VM operation: Cleanup done
Event: 2.130 Executing VM operation: Cleanup
Event: 2.130 Executing VM operation: Cleanup done
Event: 3.136 Executing VM operation: Cleanup
Event: 3.136 Executing VM operation: Cleanup done
Event: 4.150 Executing VM operation: Cleanup
Event: 4.150 Executing VM operation: Cleanup done
Event: 7.182 Executing VM operation: Cleanup
Event: 7.182 Executing VM operation: Cleanup done
Event: 11.905 Executing VM operation: G1CollectForAllocation
Event: 11.910 Executing VM operation: G1CollectForAllocation done
Event: 12.921 Executing VM operation: Cleanup
Event: 12.921 Executing VM operation: Cleanup done
Event: 19.634 Executing VM operation: HandshakeAllThreads
Event: 19.634 Executing VM operation: HandshakeAllThreads done
Event: 19.634 Executing VM operation: Cleanup
Event: 19.634 Executing VM operation: Cleanup done
Event: 19.643 Executing VM operation: Exit

Events (15 events):
Event: 0.031 Thread 0x000001ffca21a4d0 Thread added: 0x000001ffca21a4d0
Event: 0.041 Thread 0x000001ffeb115160 Thread added: 0x000001ffeb115160
Event: 0.041 Thread 0x000001ffeb115ca0 Thread added: 0x000001ffeb115ca0
Event: 0.042 Thread 0x000001ffeb1187f0 Thread added: 0x000001ffeb1187f0
Event: 0.042 Thread 0x000001ffeb11b370 Thread added: 0x000001ffeb11b370
Event: 0.042 Thread 0x000001ffefd027c0 Thread added: 0x000001ffefd027c0
Event: 0.042 Thread 0x000001ffefd0cb90 Thread added: 0x000001ffefd0cb90
Event: 0.042 Thread 0x000001ffefd108f0 Thread added: 0x000001ffefd108f0
Event: 0.042 Thread 0x000001ffefd11270 Thread added: 0x000001ffefd11270
Event: 0.065 Thread 0x000001ffeb0e5150 Thread added: 0x000001ffeb0e5150
Event: 0.119 Thread 0x000001ffeffe2c50 Thread added: 0x000001ffeffe2c50
Event: 0.119 Thread 0x000001ffeffe31a0 Thread added: 0x000001ffeffe31a0
Event: 0.626 Thread 0x000001fff011cb80 Thread added: 0x000001fff011cb80
Event: 1.448 Thread 0x000001fff011cb80 Thread exited: 0x000001fff011cb80
Event: 19.643 Thread 0x000001ffeb1187f0 Thread exited: 0x000001ffeb1187f0


Dynamic libraries:
0x00007ff7e0080000 - 0x00007ff7e008e000 	C:\Users\ericb\.jdks\openjdk-20.0.2\bin\java.exe
0x00007ff9b2410000 - 0x00007ff9b2624000 	C:\Windows\SYSTEM32\ntdll.dll
0x00007ff9b1f80000 - 0x00007ff9b2044000 	C:\Windows\System32\KERNEL32.DLL
0x00007ff9afd50000 - 0x00007ff9b00f4000 	C:\Windows\System32\KERNELBASE.dll
0x00007ff9afbb0000 - 0x00007ff9afcc1000 	C:\Windows\System32\ucrtbase.dll
0x00007ff9a2ba0000 - 0x00007ff9a2bb7000 	C:\Users\ericb\.jdks\openjdk-20.0.2\bin\jli.dll
0x00007ff997bd0000 - 0x00007ff997beb000 	C:\Users\ericb\.jdks\openjdk-20.0.2\bin\VCRUNTIME140.dll
0x00007ff9b1c00000 - 0x00007ff9b1dae000 	C:\Windows\System32\USER32.dll
0x00007ff9a2ec0000 - 0x00007ff9a3153000 	C:\Windows\WinSxS\amd64_microsoft.windows.common-controls_6595b64144ccf1df_6.0.22621.2215_none_270d72677387dfc3\COMCTL32.dll
0x00007ff9af8e0000 - 0x00007ff9af906000 	C:\Windows\System32\win32u.dll
0x00007ff9b2320000 - 0x00007ff9b23c7000 	C:\Windows\System32\msvcrt.dll
0x00007ff9b22f0000 - 0x00007ff9b2319000 	C:\Windows\System32\GDI32.dll
0x00007ff9af7c0000 - 0x00007ff9af8d8000 	C:\Windows\System32\gdi32full.dll
0x00007ff9b0100000 - 0x00007ff9b019a000 	C:\Windows\System32\msvcp_win.dll
0x00007ff9b1590000 - 0x00007ff9b15c1000 	C:\Windows\System32\IMM32.DLL
0x00007ff9a2c90000 - 0x00007ff9a2c9c000 	C:\Users\ericb\.jdks\openjdk-20.0.2\bin\vcruntime140_1.dll
0x00007ff98b260000 - 0x00007ff98b2ee000 	C:\Users\ericb\.jdks\openjdk-20.0.2\bin\msvcp140.dll
0x00007ff942d00000 - 0x00007ff943998000 	C:\Users\ericb\.jdks\openjdk-20.0.2\bin\server\jvm.dll
0x00007ff9b14e0000 - 0x00007ff9b1590000 	C:\Windows\System32\ADVAPI32.dll
0x00007ff9b0fb0000 - 0x00007ff9b1056000 	C:\Windows\System32\sechost.dll
0x00007ff9b1e60000 - 0x00007ff9b1f77000 	C:\Windows\System32\RPCRT4.dll
0x00007ff9a7d60000 - 0x00007ff9a7d69000 	C:\Windows\SYSTEM32\WSOCK32.dll
0x00007ff9b20e0000 - 0x00007ff9b2151000 	C:\Windows\System32\WS2_32.dll
0x00007ff9a6710000 - 0x00007ff9a6744000 	C:\Windows\SYSTEM32\WINMM.dll
0x00007ff9a29b0000 - 0x00007ff9a29ba000 	C:\Windows\SYSTEM32\VERSION.dll
0x00007ff9ae8e0000 - 0x00007ff9ae8f8000 	C:\Windows\SYSTEM32\kernel.appcore.dll
0x00007ff99fc20000 - 0x00007ff99fc2a000 	C:\Users\ericb\.jdks\openjdk-20.0.2\bin\jimage.dll
0x00007ff9acb20000 - 0x00007ff9acd4e000 	C:\Windows\SYSTEM32\DBGHELP.DLL
0x00007ff9b17e0000 - 0x00007ff9b1b6a000 	C:\Windows\System32\combase.dll
0x00007ff9b04e0000 - 0x00007ff9b05b7000 	C:\Windows\System32\OLEAUT32.dll
0x00007ff9a2c30000 - 0x00007ff9a2c62000 	C:\Windows\SYSTEM32\dbgcore.DLL
0x00007ff9afcd0000 - 0x00007ff9afd4a000 	C:\Windows\System32\bcryptPrimitives.dll
0x00007ff9a8040000 - 0x00007ff9a804e000 	C:\Users\ericb\.jdks\openjdk-20.0.2\bin\instrument.dll
0x00007ff997a80000 - 0x00007ff997aa6000 	C:\Users\ericb\.jdks\openjdk-20.0.2\bin\java.dll
0x00007ff988620000 - 0x00007ff9886f7000 	C:\Users\ericb\.jdks\openjdk-20.0.2\bin\jsvml.dll
0x00007ff9b0780000 - 0x00007ff9b0fa3000 	C:\Windows\System32\SHELL32.dll
0x00007ff9ad710000 - 0x00007ff9adffa000 	C:\Windows\SYSTEM32\windows.storage.dll
0x00007ff9ad5d0000 - 0x00007ff9ad70e000 	C:\Windows\SYSTEM32\wintypes.dll
0x00007ff9b03b0000 - 0x00007ff9b04a3000 	C:\Windows\System32\SHCORE.dll
0x00007ff9b1780000 - 0x00007ff9b17de000 	C:\Windows\System32\shlwapi.dll
0x00007ff9af6f0000 - 0x00007ff9af716000 	C:\Windows\SYSTEM32\profapi.dll
0x00007ff9950b0000 - 0x00007ff9950c8000 	C:\Users\ericb\.jdks\openjdk-20.0.2\bin\zip.dll
0x00007ff997a60000 - 0x00007ff997a73000 	C:\Users\ericb\.jdks\openjdk-20.0.2\bin\net.dll
0x00007ff9a8e30000 - 0x00007ff9a8f67000 	C:\Windows\SYSTEM32\WINHTTP.dll
0x00007ff9aed80000 - 0x00007ff9aede9000 	C:\Windows\system32\mswsock.dll
0x00007ff997a40000 - 0x00007ff997a56000 	C:\Users\ericb\.jdks\openjdk-20.0.2\bin\nio.dll
0x00007ff99a790000 - 0x00007ff99a7aa000 	C:\Program Files\JetBrains\IntelliJ IDEA Community Edition 2023.2\bin\breakgen64.dll
0x00007ff995080000 - 0x00007ff995087000 	C:\Users\ericb\.jdks\openjdk-20.0.2\bin\extnet.dll
0x00007ff99a6d0000 - 0x00007ff99a745000 	C:\Users\ericb\AppData\Local\Temp\lwjglericb\3.3.1-build-7\lwjgl.dll
0x00007ff99a660000 - 0x00007ff99a6c1000 	C:\Users\ericb\AppData\Local\Temp\lwjglericb\3.3.1-build-7\glfw.dll
0x00007ff997fc0000 - 0x00007ff998006000 	C:\Windows\SYSTEM32\dinput8.dll
0x00007ff998510000 - 0x00007ff998521000 	C:\Windows\SYSTEM32\xinput1_4.dll
0x00007ff9af4b0000 - 0x00007ff9af4fe000 	C:\Windows\SYSTEM32\cfgmgr32.dll
0x00007ff9af480000 - 0x00007ff9af4ac000 	C:\Windows\SYSTEM32\DEVOBJ.dll
0x00007ff9aca40000 - 0x00007ff9aca6b000 	C:\Windows\SYSTEM32\dwmapi.dll
0x00007ff9a0730000 - 0x00007ff9a093a000 	C:\Windows\SYSTEM32\inputhost.dll
0x00007ff9ab220000 - 0x00007ff9ab353000 	C:\Windows\SYSTEM32\CoreMessaging.dll
0x00007ff9ac3c0000 - 0x00007ff9ac46b000 	C:\Windows\system32\uxtheme.dll
0x00007ff9b1630000 - 0x00007ff9b1779000 	C:\Windows\System32\MSCTF.dll
0x00007ff9aeff0000 - 0x00007ff9aeffc000 	C:\Windows\SYSTEM32\CRYPTBASE.DLL
0x00007ff9878d0000 - 0x00007ff9879d0000 	C:\Windows\SYSTEM32\opengl32.dll
0x00007ff99fcc0000 - 0x00007ff99fced000 	C:\Windows\SYSTEM32\GLU32.dll
0x00007ff9acf20000 - 0x00007ff9acf58000 	C:\Windows\SYSTEM32\dxcore.dll
0x00007ff9a8940000 - 0x00007ff9a898a000 	C:\Windows\SYSTEM32\directxdatabasehelper.dll
0x00007ff9b1db0000 - 0x00007ff9b1e60000 	C:\Windows\System32\clbcatq.dll
0x00007ff9a62a0000 - 0x00007ff9a63d5000 	C:\Windows\System32\AppXDeploymentClient.dll
0x00007ff995c40000 - 0x00007ff995d36000 	C:\Windows\System32\Windows.ApplicationModel.dll
0x00007ff9b05c0000 - 0x00007ff9b075e000 	C:\Windows\System32\ole32.dll
0x00007ff9ac6e0000 - 0x00007ff9ac7e1000 	C:\Windows\system32\propsys.dll
0x00007ff98b1d0000 - 0x00007ff98b1f6000 	C:\Windows\system32\mssprxy.dll
0x00007ff960e90000 - 0x00007ff961f17000 	C:\Windows\System32\DriverStore\FileRepository\iigd_dch.inf_amd64_cfd021ca4dd6b3cf\igxelpicd64.dll
0x00007ff9ac930000 - 0x00007ff9aca28000 	C:\Windows\system32\dxgi.dll
0x00007ff98b3c0000 - 0x00007ff98b4fc000 	C:\Windows\System32\DriverStore\FileRepository\iigd_dch.inf_amd64_cfd021ca4dd6b3cf\igdml64.dll
0x00007ff9a2510000 - 0x00007ff9a2919000 	C:\Windows\System32\DriverStore\FileRepository\iigd_dch.inf_amd64_cfd021ca4dd6b3cf\igdgmm64.dll
0x00007ff9af910000 - 0x00007ff9af97b000 	C:\Windows\System32\WINTRUST.dll
0x00007ff9afa40000 - 0x00007ff9afba6000 	C:\Windows\System32\CRYPT32.dll
0x00007ff9af030000 - 0x00007ff9af042000 	C:\Windows\SYSTEM32\MSASN1.dll
0x00007ff99b1e0000 - 0x00007ff99e974000 	C:\Windows\System32\DriverStore\FileRepository\iigd_dch.inf_amd64_cfd021ca4dd6b3cf\igc64.dll
0x00007ff9ae640000 - 0x00007ff9ae68d000 	C:\Windows\SYSTEM32\powrprof.dll
0x00007ff9ae620000 - 0x00007ff9ae633000 	C:\Windows\SYSTEM32\UMPDC.dll
0x00007ff98b360000 - 0x00007ff98b3bd000 	C:\Users\ericb\AppData\Local\Temp\lwjglericb\3.3.1-build-7\lwjgl_opengl.dll
0x00007ff9a1110000 - 0x00007ff9a1254000 	C:\Windows\SYSTEM32\textinputframework.dll
0x00007ff9a79f0000 - 0x00007ff9a7d5c000 	C:\Windows\SYSTEM32\CoreUIComponents.dll
0x00007ff9902e0000 - 0x00007ff990349000 	C:\Windows\system32\Oleacc.dll
0x00007ff981dd0000 - 0x00007ff981e51000 	C:\Users\ericb\AppData\Local\Temp\lwjglericb\3.3.1-build-7\lwjgl_stb.dll

dbghelp: loaded successfully - version: 4.0.5 - missing functions: none
symbol engine: initialized successfully - sym options: 0x614 - pdb path: .;C:\Users\ericb\.jdks\openjdk-20.0.2\bin;C:\Windows\SYSTEM32;C:\Windows\WinSxS\amd64_microsoft.windows.common-controls_6595b64144ccf1df_6.0.22621.2215_none_270d72677387dfc3;C:\Users\ericb\.jdks\openjdk-20.0.2\bin\server;C:\Program Files\JetBrains\IntelliJ IDEA Community Edition 2023.2\bin;C:\Users\ericb\AppData\Local\Temp\lwjglericb\3.3.1-build-7;C:\Windows\System32\DriverStore\FileRepository\iigd_dch.inf_amd64_cfd021ca4dd6b3cf

VM Arguments:
jvm_args: -javaagent:C:\Program Files\JetBrains\IntelliJ IDEA Community Edition 2023.2\lib\idea_rt.jar=61139:C:\Program Files\JetBrains\IntelliJ IDEA Community Edition 2023.2\bin -Dfile.encoding=UTF-8 -Dsun.stdout.encoding=UTF-8 -Dsun.stderr.encoding=UTF-8 
java_command: ShadowDance
java_class_path (initial): C:\Users\ericb\ecberg-project-2\target\classes;C:\Users\ericb\.m2\repository\org\lwjgl\lwjgl\3.3.1\lwjgl-3.3.1.jar;C:\Users\ericb\.m2\repository\org\lwjgl\lwjgl-assimp\3.3.1\lwjgl-assimp-3.3.1.jar;C:\Users\ericb\.m2\repository\org\lwjgl\lwjgl-glfw\3.3.1\lwjgl-glfw-3.3.1.jar;C:\Users\ericb\.m2\repository\org\lwjgl\lwjgl-openal\3.3.1\lwjgl-openal-3.3.1.jar;C:\Users\ericb\.m2\repository\org\lwjgl\lwjgl-opengl\3.3.1\lwjgl-opengl-3.3.1.jar;C:\Users\ericb\.m2\repository\org\lwjgl\lwjgl-stb\3.3.1\lwjgl-stb-3.3.1.jar;C:\Users\ericb\.m2\repository\org\lwjgl\lwjgl\3.3.1\lwjgl-3.3.1-natives-windows.jar;C:\Users\ericb\.m2\repository\org\lwjgl\lwjgl-assimp\3.3.1\lwjgl-assimp-3.3.1-natives-windows.jar;C:\Users\ericb\.m2\repository\org\lwjgl\lwjgl-glfw\3.3.1\lwjgl-glfw-3.3.1-natives-windows.jar;C:\Users\ericb\.m2\repository\org\lwjgl\lwjgl-openal\3.3.1\lwjgl-openal-3.3.1-natives-windows.jar;C:\Users\ericb\.m2\repository\org\lwjgl\lwjgl-opengl\3.3.1\lwjgl-opengl-3.3.1-natives-windows.jar;C:\Users\ericb\.m2\repository\org\lwjgl\lwjgl-stb\3.3.1\lwjgl-stb-3.3.1-natives-windows.jar;C:\Users\ericb\.m2\repository\io\github\eleanor-em\bagel\1.9.3\bagel-1.9.3.jar
Launcher Type: SUN_STANDARD

[Global flags]
     intx CICompilerCount                          = 4                                         {product} {ergonomic}
     uint ConcGCThreads                            = 3                                         {product} {ergonomic}
     uint G1ConcRefinementThreads                  = 10                                        {product} {ergonomic}
   size_t G1HeapRegionSize                         = 2097152                                   {product} {ergonomic}
    uintx GCDrainStackTargetSize                   = 64                                        {product} {ergonomic}
   size_t InitialHeapSize                          = 266338304                                 {product} {ergonomic}
   size_t MarkStackSize                            = 4194304                                   {product} {ergonomic}
   size_t MaxHeapSize                              = 4250927104                                {product} {ergonomic}
   size_t MaxNewSize                               = 2550136832                                {product} {ergonomic}
   size_t MinHeapDeltaBytes                        = 2097152                                   {product} {ergonomic}
   size_t MinHeapSize                              = 8388608                                   {product} {ergonomic}
    uintx NonNMethodCodeHeapSize                   = 5839372                                {pd product} {ergonomic}
    uintx NonProfiledCodeHeapSize                  = 122909434                              {pd product} {ergonomic}
    uintx ProfiledCodeHeapSize                     = 122909434                              {pd product} {ergonomic}
    uintx ReservedCodeCacheSize                    = 251658240                              {pd product} {ergonomic}
     bool SegmentedCodeCache                       = true                                      {product} {ergonomic}
   size_t SoftMaxHeapSize                          = 4250927104                             {manageable} {ergonomic}
     bool UseCompressedClassPointers               = true                           {product lp64_product} {ergonomic}
     bool UseCompressedOops                        = true                           {product lp64_product} {ergonomic}
     bool UseG1GC                                  = true                                      {product} {ergonomic}
     bool UseLargePagesIndividualAllocation        = false                                  {pd product} {ergonomic}

Logging:
Log output configuration:
 #0: stdout all=off uptime,level,tags foldmultilines=false
 #1: stderr all=off uptime,level,tags foldmultilines=false

Environment Variables:
PATH=C:\Windows\system32;C:\Windows;C:\Windows\System32\Wbem;C:\Windows\System32\WindowsPowerShell\v1.0\;C:\Windows\System32\OpenSSH\;C:\Program Files\Git\cmd;C:\Users\ericb\AppData\Local\Microsoft\WindowsApps;;C:\Users\ericb\AppData\Local\Programs\Microsoft VS Code\bin
USERNAME=ericb
OS=Windows_NT
PROCESSOR_IDENTIFIER=Intel64 Family 6 Model 154 Stepping 4, GenuineIntel
TMP=C:\Users\ericb\AppData\Local\Temp
TEMP=C:\Users\ericb\AppData\Local\Temp




---------------  S Y S T E M  ---------------

OS:
 Windows 11 , 64 bit Build 22621 (10.0.22621.2215)
OS uptime: 4 days 16:30 hours
Hyper-V role detected

CPU: total 12 (initial active 12) (6 cores per cpu, 2 threads per core) family 6 model 154 stepping 4 microcode 0x420, cx8, cmov, fxsr, ht, mmx, 3dnowpref, sse, sse2, sse3, ssse3, sse4.1, sse4.2, popcnt, lzcnt, tsc, tscinvbit, avx, avx2, aes, erms, clmul, bmi1, bmi2, adx, sha, fma, vzeroupper, clflush, clflushopt, clwb, hv, serialize, rdtscp, rdpid, fsrm, f16c, cet_ibt, cet_ss

Memory: 4k page, system-wide physical 16209M (6976M free)
TotalPageFile size 17233M (AvailPageFile size 5504M)
current process WorkingSet (physical memory assigned to process): 256M, peak: 270M
current process commit charge ("private bytes"): 447M, peak: 466M

vm_info: OpenJDK 64-Bit Server VM (20.0.2+9-78) for windows-amd64 JRE (20.0.2+9-78), built on 2023-06-14T10:08:48Z by "mach5one" with MS VC++ 17.1 (VS2022)

END.
