#
# A fatal error has been detected by the Java Runtime Environment:
#
#  EXCEPTION_ACCESS_VIOLATION (0xc0000005) at pc=0x00007ff939077a12, pid=13392, tid=15480
#
# JRE version: OpenJDK Runtime Environment (20.0.2+9) (build 20.0.2+9-78)
# Java VM: OpenJDK 64-Bit Server VM (20.0.2+9-78, mixed mode, sharing, tiered, compressed oops, compressed class ptrs, g1 gc, windows-amd64)
# Problematic frame:
# C  [igxelpicd64.dll+0xa7a12]
#
# No core dump will be written. Minidumps are not enabled by default on client versions of Windows
#
# If you would like to submit a bug report, please visit:
#   https://bugreport.java.com/bugreport/crash.jsp
#

---------------  S U M M A R Y ------------

Command Line: -javaagent:C:\Program Files\JetBrains\IntelliJ IDEA Community Edition 2023.2\lib\idea_rt.jar=60715:C:\Program Files\JetBrains\IntelliJ IDEA Community Edition 2023.2\bin -Dfile.encoding=UTF-8 -Dsun.stdout.encoding=UTF-8 -Dsun.stderr.encoding=UTF-8 ShadowDance

Host: 12th Gen Intel(R) Core(TM) i7-1255U, 12 cores, 15G,  Windows 11 , 64 bit Build 22621 (10.0.22621.2215)
Time: Wed Sep 20 21:36:49 2023 AUS Eastern Standard Time elapsed time: 3.011624 seconds (0d 0h 0m 3s)

---------------  T H R E A D  ---------------

Current thread (0x000001f6b6540010):  VMThread "VM Thread" [stack: 0x0000004123600000,0x0000004123700000] [id=15480]

Stack: [0x0000004123600000,0x0000004123700000],  sp=0x00000041236fe8d0,  free space=1018k
Native frames: (J=compiled Java code, j=interpreted, Vv=VM code, C=native code)
C  [igxelpicd64.dll+0xa7a12]


siginfo: EXCEPTION_ACCESS_VIOLATION (0xc0000005), reading address 0x0000000000035898


Registers:
RAX=0x000001f688b988e0, RBX=0x000001f688b98790, RCX=0x0000000000000000, RDX=0x00000000fffffff1
RSP=0x00000041236fe8d0, RBP=0x0000000000000000, RSI=0x000001f688b98d60, RDI=0x000001f6fc182890
R8 =0x0000000000000014, R9 =0x0000000000000001, R10=0x0000000000000000, R11=0x0000000000000246
R12=0x000001f6fc11ff00, R13=0x000001f688b945f0, R14=0x0000000000023900, R15=0x0000000000000016
RIP=0x00007ff939077a12, EFLAGS=0x0000000000010202


Register to memory mapping:

RIP=0x00007ff939077a12 igxelpicd64.dll
RAX=0x000001f688b988e0 points into unknown readable memory: 0x000000000002393e | 3e 39 02 00 00 00 00 00
RBX=0x000001f688b98790 points into unknown readable memory: 0x000001f6fbd545a0 | a0 45 d5 fb f6 01 00 00
RCX=0x0 is NULL
RDX=0x00000000fffffff1 is an unknown value
RSP=0x00000041236fe8d0 points into unknown readable memory: 0x000001f6fbc6c500 | 00 c5 c6 fb f6 01 00 00
RBP=0x0 is NULL
RSI=0x000001f688b98d60 points into unknown readable memory: 0x000001f688b945f0 | f0 45 b9 88 f6 01 00 00
RDI=0x000001f6fc182890 points into unknown readable memory: 0x000001f694990100 | 00 01 99 94 f6 01 00 00
R8 =0x0000000000000014 is an unknown value
R9 =0x0000000000000001 is an unknown value
R10=0x0 is NULL
R11=0x0000000000000246 is an unknown value
R12=0x000001f6fc11ff00 points into unknown readable memory: 0x00007ff939c523d4 | d4 23 c5 39 f9 7f 00 00
R13=0x000001f688b945f0 points into unknown readable memory: 0x000001f6fbd545a0 | a0 45 d5 fb f6 01 00 00
R14=0x0000000000023900 is an unknown value
R15=0x0000000000000016 is an unknown value


Top of Stack: (sp=0x00000041236fe8d0)
0x00000041236fe8d0:   000001f6fbc6c500 0000000000000000
0x00000041236fe8e0:   028ef8aa022dceaa 00007ff9b24b2d94
0x00000041236fe8f0:   021c4dac022bf4ab 01b82dad01d979ac
0x00000041236fe900:   02574dae00bf73ad 016508af0191e6ae
0x00000041236fe910:   000000000000000f 000000000002393f
0x00000041236fe920:   0000740433c60000 000001f6fc11ff18
0x00000041236fe930:   0000000000000000 0000000000000000
0x00000041236fe940:   00000041236fea50 00007ff93905d5bf
0x00000041236fe950:   000001f6fbc6c500 000001f6fc182890
0x00000041236fe960:   016f8cba0277fa00 0283b8ba02a7ae00
0x00000041236fe970:   0000004100000ab8 02168ebb00000000
0x00000041236fe980:   0000000000000000 025b89bc00b46ebc
0x00000041236fe990:   012ad2bc025e8dbc 008f38bd0294d4bc
0x00000041236fe9a0:   01e90cbf028aafbe 009a07c0024667bf
0x00000041236fe9b0:   028e3ac000842bc0 01f1bcc100ad46c0
0x00000041236fe9c0:   00b213c201dc0ac2 01fd8bc2021615c2
0x00000041236fe9d0:   00a33ec301e4dec2 00816dc3025d44c3
0x00000041236fe9e0:   00f399c301dc75c3 000001f6fc0eafc0
0x00000041236fe9f0:   000001f680200000 0000000000000060
0x00000041236fea00:   0000740433c60000 0000000000000ab8
0x00000041236fea10:   0000000000000000 4000250000000001
0x00000041236fea20:   0000000000000000 0000000000000000
0x00000041236fea30:   0000000000000000 0000000000000000
0x00000041236fea40:   0000000000000000 0000000000000000
0x00000041236fea50:   0000000000000000 0000000000000000
0x00000041236fea60:   0000000000000000 0000000000000000
0x00000041236fea70:   0000000000000000 0000000000000000
0x00000041236fea80:   0000000000000000 0000000000000000
0x00000041236fea90:   0000000000000000 0000000000000000
0x00000041236feaa0:   0000000000000000 0000000000000000
0x00000041236feab0:   0000000000000000 0000000000000000
0x00000041236feac0:   0000000000000000 0000000000000000 

Instructions: (pc=0x00007ff939077a12)
0x00007ff939077912:   8b fa 48 8b e9 48 8b 1d a2 c5 f1 00 48 89 58 08
0x00007ff939077922:   48 8b cb ff 15 fd 48 a9 00 90 4c 8b af 78 02 00
0x00007ff939077932:   00 48 8b 05 26 6a e1 00 44 8b b8 a0 0b 00 00 45
0x00007ff939077942:   33 d2 45 8a f2 4c 89 97 78 02 00 00 44 89 97 80
0x00007ff939077952:   02 00 00 4c 89 97 a0 02 00 00 4c 89 97 88 02 00
0x00007ff939077962:   00 48 85 ed 75 38 8b 35 32 9f f1 00 65 48 8b 04
0x00007ff939077972:   25 58 00 00 00 b9 14 00 00 00 48 8b 04 f0 44 38
0x00007ff939077982:   14 01 0f 84 56 a3 94 00 65 48 8b 04 25 58 00 00
0x00007ff939077992:   00 bd 20 00 00 00 48 8b 04 f0 48 8b 2c 28 48 3b
0x00007ff9390779a2:   2d 89 ac f1 00 45 0f 44 fa 4d 85 ed 0f 84 2b 01
0x00007ff9390779b2:   00 00 44 8a a4 24 90 00 00 00 49 8b dd 49 8d b5
0x00007ff9390779c2:   d0 05 00 00 4c 8b 2e 45 84 e4 0f 85 39 03 00 00
0x00007ff9390779d2:   44 8b 8f c8 01 00 00 48 8b 05 80 69 e1 00 83 b8
0x00007ff9390779e2:   70 03 00 00 02 75 36 41 8d 51 f0 41 83 f9 10 0f
0x00007ff9390779f2:   83 2d 01 00 00 4a 8d 04 cd 21 00 00 00 49 03 c1
0x00007ff939077a02:   48 8d 04 c3 48 85 c0 0f 85 03 01 00 00 49 8b ca
0x00007ff939077a12:   48 3b 8d 98 58 03 00 0f 87 ce a2 94 00 48 8d 93
0x00007ff939077a22:   08 01 00 00 4c 39 93 48 06 00 00 0f 85 39 a4 94
0x00007ff939077a32:   00 44 8b 9f c8 01 00 00 48 8b 87 e0 01 00 00 4c
0x00007ff939077a42:   8b 10 44 8b 87 c8 01 00 00 41 83 f8 10 0f 83 fc
0x00007ff939077a52:   00 00 00 4b 8d 0c c0 48 8d 04 ca 48 85 c0 0f 85
0x00007ff939077a62:   b5 00 00 00 33 c9 49 3b ca 0f 86 11 01 00 00 45
0x00007ff939077a72:   33 d2 48 8b 87 78 02 00 00 48 89 06 48 89 9f 78
0x00007ff939077a82:   02 00 00 ff 87 80 02 00 00 48 8b 43 08 48 8b 88
0x00007ff939077a92:   18 01 00 00 48 81 e1 00 00 ff ff 48 81 c1 00 00
0x00007ff939077aa2:   01 00 48 01 8f 88 02 00 00 48 8b 43 08 48 8b 88
0x00007ff939077ab2:   18 01 00 00 48 01 8f a0 02 00 00 4d 85 ed 0f 85
0x00007ff939077ac2:   f6 fe ff ff 45 84 f6 44 8a a4 24 98 00 00 00 0f
0x00007ff939077ad2:   85 e1 a3 94 00 48 8b 9c 24 80 00 00 00 48 8b cf
0x00007ff939077ae2:   45 84 e4 0f 85 30 02 00 00 e8 d0 fa ff ff 90 48
0x00007ff939077af2:   8b cb 48 8b 9c 24 88 00 00 00 48 83 c4 40 41 5f
0x00007ff939077b02:   41 5e 41 5d 41 5c 5f 5e 5d 48 ff 25 0e 47 a9 00 


Stack slot to memory mapping:
stack at sp + 0 slots: 0x000001f6fbc6c500 points into unknown readable memory: 0xffffffffffffffff | ff ff ff ff ff ff ff ff
stack at sp + 1 slots: 0x0 is NULL
stack at sp + 2 slots: 0x028ef8aa022dceaa is an unknown value
stack at sp + 3 slots: 0x00007ff9b24b2d94 ntdll.dll
stack at sp + 4 slots: 0x021c4dac022bf4ab is an unknown value
stack at sp + 5 slots: 0x01b82dad01d979ac is an unknown value
stack at sp + 6 slots: 0x02574dae00bf73ad is an unknown value
stack at sp + 7 slots: 0x016508af0191e6ae is an unknown value

VM_Operation (0x00000041230feda0): Exit, mode: safepoint, requested by thread 0x000001f696b6d130


---------------  P R O C E S S  ---------------

Threads class SMR info:
_java_thread_list=0x000001f6fc3aa2b0, length=12, elements={
0x000001f696b6d130, 0x000001f6b65594d0, 0x000001f6b655a0b0, 0x000001f6b655aec0,
0x000001f6b655e0a0, 0x000001f6fb8040b0, 0x000001f6fb804b90, 0x000001f6fb808820,
0x000001f6fb80c6a0, 0x000001f6fb91b9f0, 0x000001f6fbaefde0, 0x000001f6fbaf0330
}

Java Threads: ( => current thread )
  0x000001f696b6d130 JavaThread "main" [_thread_blocked, id=13444, stack(0x0000004123000000,0x0000004123100000)]
  0x000001f6b65594d0 JavaThread "Reference Handler" daemon [_thread_blocked, id=14524, stack(0x0000004123700000,0x0000004123800000)]
  0x000001f6b655a0b0 JavaThread "Finalizer" daemon [_thread_blocked, id=16320, stack(0x0000004123800000,0x0000004123900000)]
  0x000001f6b655aec0 JavaThread "Signal Dispatcher" daemon [_thread_blocked, id=16004, stack(0x0000004123900000,0x0000004123a00000)]
  0x000001f6b655e0a0 JavaThread "Attach Listener" daemon [_thread_blocked, id=16516, stack(0x0000004123a00000,0x0000004123b00000)]
  0x000001f6fb8040b0 JavaThread "Service Thread" daemon [_thread_blocked, id=18560, stack(0x0000004123b00000,0x0000004123c00000)]
  0x000001f6fb804b90 JavaThread "Monitor Deflation Thread" daemon [_thread_blocked, id=9584, stack(0x0000004123c00000,0x0000004123d00000)]
  0x000001f6fb808820 JavaThread "C2 CompilerThread0" daemon [_thread_blocked, id=18192, stack(0x0000004123d00000,0x0000004123e00000)]
  0x000001f6fb80c6a0 JavaThread "C1 CompilerThread0" daemon [_thread_blocked, id=16684, stack(0x0000004123e00000,0x0000004123f00000)]
  0x000001f6fb91b9f0 JavaThread "Common-Cleaner" daemon [_thread_blocked, id=17244, stack(0x0000004123f00000,0x0000004124000000)]
  0x000001f6fbaefde0 JavaThread "Monitor Ctrl-Break" daemon [_thread_in_native, id=20408, stack(0x0000004124000000,0x0000004124100000)]
  0x000001f6fbaf0330 JavaThread "Notification Thread" daemon [_thread_blocked, id=17720, stack(0x0000004124100000,0x0000004124200000)]

Other Threads:
=>0x000001f6b6540010 VMThread "VM Thread" [stack: 0x0000004123600000,0x0000004123700000] [id=15480]
  0x000001f696bdf370 WorkerThread "GC Thread#0" [stack: 0x0000004123100000,0x0000004123200000] [id=12208]
  0x000001f696bf0170 ConcurrentGCThread "G1 Main Marker" terminated
  0x000001f696bf0ba0 WorkerThread "G1 Conc#0" [stack: 0x0000004123300000,0x0000004123400000] [id=4768]
  0x000001f6b63bb980 ConcurrentGCThread "G1 Refine#0" terminated
  0x000001f6b63bd240 ConcurrentGCThread "G1 Service" terminated

Threads with active compile tasks:
C2 CompilerThread0     3112  968       4       java.lang.StringBuilder::append (8 bytes)

VM state: at safepoint (shutting down)

VM Mutex/Monitor currently owned by a thread:  ([mutex/lock_event])
[0x000001f696b69a10] Threads_lock - owner thread: 0x000001f6b6540010
[0x000001f696b68780] Heap_lock - owner thread: 0x000001f696b6d130

Heap address: 0x0000000702a00000, size: 4054 MB, Compressed Oops mode: Zero based, Oop shift amount: 3

CDS archive(s) mapped at: [0x000001f6b6800000-0x000001f6b7460000-0x000001f6b7460000), size 12976128, SharedBaseAddress: 0x000001f6b6800000, ArchiveRelocationMode: 1.
Compressed class space mapped at: 0x000001f6b7800000-0x000001f6f7800000, reserved size: 1073741824
Narrow klass base: 0x000001f6b6800000, Narrow klass shift: 0, Narrow klass range: 0x100000000

GC Precious Log:
 CardTable entry size: 512
 Card Set container configuration: InlinePtr #cards 4 size 8 Array Of Cards #cards 16 size 48 Howl #buckets 8 coarsen threshold 3686 Howl Bitmap #cards 512 size 80 coarsen threshold 460 Card regions per heap region 1 cards per card region 4096
 CPUs: 12 total, 12 available
 Memory: 16209M
 Large Page Support: Disabled
 NUMA Support: Disabled
 Compressed Oops: Enabled (Zero based)
 Heap Region Size: 2M
 Heap Min Capacity: 8M
 Heap Initial Capacity: 254M
 Heap Max Capacity: 4054M
 Pre-touch: Disabled
 Parallel Workers: 10
 Concurrent Workers: 3
 Concurrent Refinement Workers: 10
 Periodic GC: Disabled

Heap:
 garbage-first heap   total 260096K, used 14336K [0x0000000702a00000, 0x0000000800000000)
  region size 2048K, 8 young (16384K), 0 survivors (0K)
 Metaspace       used 4805K, committed 5056K, reserved 1114112K
  class space    used 301K, committed 448K, reserved 1048576K

Heap Regions: E=young(eden), S=young(survivor), O=old, HS=humongous(starts), HC=humongous(continues), CS=collection set, F=free, OA=open archive, CA=closed archive, TAMS=top-at-mark-start, PB=parsable bottom
|   0|0x0000000702a00000, 0x0000000702a00000, 0x0000000702c00000|  0%| F|  |TAMS 0x0000000702a00000| PB 0x0000000702a00000| Untracked 
|   1|0x0000000702c00000, 0x0000000702c00000, 0x0000000702e00000|  0%| F|  |TAMS 0x0000000702c00000| PB 0x0000000702c00000| Untracked 
|   2|0x0000000702e00000, 0x0000000702e00000, 0x0000000703000000|  0%| F|  |TAMS 0x0000000702e00000| PB 0x0000000702e00000| Untracked 
|   3|0x0000000703000000, 0x0000000703000000, 0x0000000703200000|  0%| F|  |TAMS 0x0000000703000000| PB 0x0000000703000000| Untracked 
|   4|0x0000000703200000, 0x0000000703200000, 0x0000000703400000|  0%| F|  |TAMS 0x0000000703200000| PB 0x0000000703200000| Untracked 
|   5|0x0000000703400000, 0x0000000703400000, 0x0000000703600000|  0%| F|  |TAMS 0x0000000703400000| PB 0x0000000703400000| Untracked 
|   6|0x0000000703600000, 0x0000000703600000, 0x0000000703800000|  0%| F|  |TAMS 0x0000000703600000| PB 0x0000000703600000| Untracked 
|   7|0x0000000703800000, 0x0000000703800000, 0x0000000703a00000|  0%| F|  |TAMS 0x0000000703800000| PB 0x0000000703800000| Untracked 
|   8|0x0000000703a00000, 0x0000000703a00000, 0x0000000703c00000|  0%| F|  |TAMS 0x0000000703a00000| PB 0x0000000703a00000| Untracked 
|   9|0x0000000703c00000, 0x0000000703c00000, 0x0000000703e00000|  0%| F|  |TAMS 0x0000000703c00000| PB 0x0000000703c00000| Untracked 
|  10|0x0000000703e00000, 0x0000000703e00000, 0x0000000704000000|  0%| F|  |TAMS 0x0000000703e00000| PB 0x0000000703e00000| Untracked 
|  11|0x0000000704000000, 0x0000000704000000, 0x0000000704200000|  0%| F|  |TAMS 0x0000000704000000| PB 0x0000000704000000| Untracked 
|  12|0x0000000704200000, 0x0000000704200000, 0x0000000704400000|  0%| F|  |TAMS 0x0000000704200000| PB 0x0000000704200000| Untracked 
|  13|0x0000000704400000, 0x0000000704400000, 0x0000000704600000|  0%| F|  |TAMS 0x0000000704400000| PB 0x0000000704400000| Untracked 
|  14|0x0000000704600000, 0x0000000704600000, 0x0000000704800000|  0%| F|  |TAMS 0x0000000704600000| PB 0x0000000704600000| Untracked 
|  15|0x0000000704800000, 0x0000000704800000, 0x0000000704a00000|  0%| F|  |TAMS 0x0000000704800000| PB 0x0000000704800000| Untracked 
|  16|0x0000000704a00000, 0x0000000704a00000, 0x0000000704c00000|  0%| F|  |TAMS 0x0000000704a00000| PB 0x0000000704a00000| Untracked 
|  17|0x0000000704c00000, 0x0000000704c00000, 0x0000000704e00000|  0%| F|  |TAMS 0x0000000704c00000| PB 0x0000000704c00000| Untracked 
|  18|0x0000000704e00000, 0x0000000704e00000, 0x0000000705000000|  0%| F|  |TAMS 0x0000000704e00000| PB 0x0000000704e00000| Untracked 
|  19|0x0000000705000000, 0x0000000705000000, 0x0000000705200000|  0%| F|  |TAMS 0x0000000705000000| PB 0x0000000705000000| Untracked 
|  20|0x0000000705200000, 0x0000000705200000, 0x0000000705400000|  0%| F|  |TAMS 0x0000000705200000| PB 0x0000000705200000| Untracked 
|  21|0x0000000705400000, 0x0000000705400000, 0x0000000705600000|  0%| F|  |TAMS 0x0000000705400000| PB 0x0000000705400000| Untracked 
|  22|0x0000000705600000, 0x0000000705600000, 0x0000000705800000|  0%| F|  |TAMS 0x0000000705600000| PB 0x0000000705600000| Untracked 
|  23|0x0000000705800000, 0x0000000705800000, 0x0000000705a00000|  0%| F|  |TAMS 0x0000000705800000| PB 0x0000000705800000| Untracked 
|  24|0x0000000705a00000, 0x0000000705a00000, 0x0000000705c00000|  0%| F|  |TAMS 0x0000000705a00000| PB 0x0000000705a00000| Untracked 
|  25|0x0000000705c00000, 0x0000000705c00000, 0x0000000705e00000|  0%| F|  |TAMS 0x0000000705c00000| PB 0x0000000705c00000| Untracked 
|  26|0x0000000705e00000, 0x0000000705e00000, 0x0000000706000000|  0%| F|  |TAMS 0x0000000705e00000| PB 0x0000000705e00000| Untracked 
|  27|0x0000000706000000, 0x0000000706000000, 0x0000000706200000|  0%| F|  |TAMS 0x0000000706000000| PB 0x0000000706000000| Untracked 
|  28|0x0000000706200000, 0x0000000706200000, 0x0000000706400000|  0%| F|  |TAMS 0x0000000706200000| PB 0x0000000706200000| Untracked 
|  29|0x0000000706400000, 0x0000000706400000, 0x0000000706600000|  0%| F|  |TAMS 0x0000000706400000| PB 0x0000000706400000| Untracked 
|  30|0x0000000706600000, 0x0000000706600000, 0x0000000706800000|  0%| F|  |TAMS 0x0000000706600000| PB 0x0000000706600000| Untracked 
|  31|0x0000000706800000, 0x0000000706800000, 0x0000000706a00000|  0%| F|  |TAMS 0x0000000706800000| PB 0x0000000706800000| Untracked 
|  32|0x0000000706a00000, 0x0000000706a00000, 0x0000000706c00000|  0%| F|  |TAMS 0x0000000706a00000| PB 0x0000000706a00000| Untracked 
|  33|0x0000000706c00000, 0x0000000706c00000, 0x0000000706e00000|  0%| F|  |TAMS 0x0000000706c00000| PB 0x0000000706c00000| Untracked 
|  34|0x0000000706e00000, 0x0000000706e00000, 0x0000000707000000|  0%| F|  |TAMS 0x0000000706e00000| PB 0x0000000706e00000| Untracked 
|  35|0x0000000707000000, 0x0000000707000000, 0x0000000707200000|  0%| F|  |TAMS 0x0000000707000000| PB 0x0000000707000000| Untracked 
|  36|0x0000000707200000, 0x0000000707200000, 0x0000000707400000|  0%| F|  |TAMS 0x0000000707200000| PB 0x0000000707200000| Untracked 
|  37|0x0000000707400000, 0x0000000707400000, 0x0000000707600000|  0%| F|  |TAMS 0x0000000707400000| PB 0x0000000707400000| Untracked 
|  38|0x0000000707600000, 0x0000000707600000, 0x0000000707800000|  0%| F|  |TAMS 0x0000000707600000| PB 0x0000000707600000| Untracked 
|  39|0x0000000707800000, 0x0000000707800000, 0x0000000707a00000|  0%| F|  |TAMS 0x0000000707800000| PB 0x0000000707800000| Untracked 
|  40|0x0000000707a00000, 0x0000000707a00000, 0x0000000707c00000|  0%| F|  |TAMS 0x0000000707a00000| PB 0x0000000707a00000| Untracked 
|  41|0x0000000707c00000, 0x0000000707c00000, 0x0000000707e00000|  0%| F|  |TAMS 0x0000000707c00000| PB 0x0000000707c00000| Untracked 
|  42|0x0000000707e00000, 0x0000000707e00000, 0x0000000708000000|  0%| F|  |TAMS 0x0000000707e00000| PB 0x0000000707e00000| Untracked 
|  43|0x0000000708000000, 0x0000000708000000, 0x0000000708200000|  0%| F|  |TAMS 0x0000000708000000| PB 0x0000000708000000| Untracked 
|  44|0x0000000708200000, 0x0000000708200000, 0x0000000708400000|  0%| F|  |TAMS 0x0000000708200000| PB 0x0000000708200000| Untracked 
|  45|0x0000000708400000, 0x0000000708400000, 0x0000000708600000|  0%| F|  |TAMS 0x0000000708400000| PB 0x0000000708400000| Untracked 
|  46|0x0000000708600000, 0x0000000708600000, 0x0000000708800000|  0%| F|  |TAMS 0x0000000708600000| PB 0x0000000708600000| Untracked 
|  47|0x0000000708800000, 0x0000000708800000, 0x0000000708a00000|  0%| F|  |TAMS 0x0000000708800000| PB 0x0000000708800000| Untracked 
|  48|0x0000000708a00000, 0x0000000708a00000, 0x0000000708c00000|  0%| F|  |TAMS 0x0000000708a00000| PB 0x0000000708a00000| Untracked 
|  49|0x0000000708c00000, 0x0000000708c00000, 0x0000000708e00000|  0%| F|  |TAMS 0x0000000708c00000| PB 0x0000000708c00000| Untracked 
|  50|0x0000000708e00000, 0x0000000708e00000, 0x0000000709000000|  0%| F|  |TAMS 0x0000000708e00000| PB 0x0000000708e00000| Untracked 
|  51|0x0000000709000000, 0x0000000709000000, 0x0000000709200000|  0%| F|  |TAMS 0x0000000709000000| PB 0x0000000709000000| Untracked 
|  52|0x0000000709200000, 0x0000000709200000, 0x0000000709400000|  0%| F|  |TAMS 0x0000000709200000| PB 0x0000000709200000| Untracked 
|  53|0x0000000709400000, 0x0000000709400000, 0x0000000709600000|  0%| F|  |TAMS 0x0000000709400000| PB 0x0000000709400000| Untracked 
|  54|0x0000000709600000, 0x0000000709600000, 0x0000000709800000|  0%| F|  |TAMS 0x0000000709600000| PB 0x0000000709600000| Untracked 
|  55|0x0000000709800000, 0x0000000709800000, 0x0000000709a00000|  0%| F|  |TAMS 0x0000000709800000| PB 0x0000000709800000| Untracked 
|  56|0x0000000709a00000, 0x0000000709a00000, 0x0000000709c00000|  0%| F|  |TAMS 0x0000000709a00000| PB 0x0000000709a00000| Untracked 
|  57|0x0000000709c00000, 0x0000000709c00000, 0x0000000709e00000|  0%| F|  |TAMS 0x0000000709c00000| PB 0x0000000709c00000| Untracked 
|  58|0x0000000709e00000, 0x0000000709e00000, 0x000000070a000000|  0%| F|  |TAMS 0x0000000709e00000| PB 0x0000000709e00000| Untracked 
|  59|0x000000070a000000, 0x000000070a000000, 0x000000070a200000|  0%| F|  |TAMS 0x000000070a000000| PB 0x000000070a000000| Untracked 
|  60|0x000000070a200000, 0x000000070a200000, 0x000000070a400000|  0%| F|  |TAMS 0x000000070a200000| PB 0x000000070a200000| Untracked 
|  61|0x000000070a400000, 0x000000070a400000, 0x000000070a600000|  0%| F|  |TAMS 0x000000070a400000| PB 0x000000070a400000| Untracked 
|  62|0x000000070a600000, 0x000000070a600000, 0x000000070a800000|  0%| F|  |TAMS 0x000000070a600000| PB 0x000000070a600000| Untracked 
|  63|0x000000070a800000, 0x000000070a800000, 0x000000070aa00000|  0%| F|  |TAMS 0x000000070a800000| PB 0x000000070a800000| Untracked 
|  64|0x000000070aa00000, 0x000000070aa00000, 0x000000070ac00000|  0%| F|  |TAMS 0x000000070aa00000| PB 0x000000070aa00000| Untracked 
|  65|0x000000070ac00000, 0x000000070ac00000, 0x000000070ae00000|  0%| F|  |TAMS 0x000000070ac00000| PB 0x000000070ac00000| Untracked 
|  66|0x000000070ae00000, 0x000000070ae00000, 0x000000070b000000|  0%| F|  |TAMS 0x000000070ae00000| PB 0x000000070ae00000| Untracked 
|  67|0x000000070b000000, 0x000000070b000000, 0x000000070b200000|  0%| F|  |TAMS 0x000000070b000000| PB 0x000000070b000000| Untracked 
|  68|0x000000070b200000, 0x000000070b200000, 0x000000070b400000|  0%| F|  |TAMS 0x000000070b200000| PB 0x000000070b200000| Untracked 
|  69|0x000000070b400000, 0x000000070b400000, 0x000000070b600000|  0%| F|  |TAMS 0x000000070b400000| PB 0x000000070b400000| Untracked 
|  70|0x000000070b600000, 0x000000070b600000, 0x000000070b800000|  0%| F|  |TAMS 0x000000070b600000| PB 0x000000070b600000| Untracked 
|  71|0x000000070b800000, 0x000000070b800000, 0x000000070ba00000|  0%| F|  |TAMS 0x000000070b800000| PB 0x000000070b800000| Untracked 
|  72|0x000000070ba00000, 0x000000070ba00000, 0x000000070bc00000|  0%| F|  |TAMS 0x000000070ba00000| PB 0x000000070ba00000| Untracked 
|  73|0x000000070bc00000, 0x000000070bc00000, 0x000000070be00000|  0%| F|  |TAMS 0x000000070bc00000| PB 0x000000070bc00000| Untracked 
|  74|0x000000070be00000, 0x000000070be00000, 0x000000070c000000|  0%| F|  |TAMS 0x000000070be00000| PB 0x000000070be00000| Untracked 
|  75|0x000000070c000000, 0x000000070c000000, 0x000000070c200000|  0%| F|  |TAMS 0x000000070c000000| PB 0x000000070c000000| Untracked 
|  76|0x000000070c200000, 0x000000070c200000, 0x000000070c400000|  0%| F|  |TAMS 0x000000070c200000| PB 0x000000070c200000| Untracked 
|  77|0x000000070c400000, 0x000000070c400000, 0x000000070c600000|  0%| F|  |TAMS 0x000000070c400000| PB 0x000000070c400000| Untracked 
|  78|0x000000070c600000, 0x000000070c600000, 0x000000070c800000|  0%| F|  |TAMS 0x000000070c600000| PB 0x000000070c600000| Untracked 
|  79|0x000000070c800000, 0x000000070c800000, 0x000000070ca00000|  0%| F|  |TAMS 0x000000070c800000| PB 0x000000070c800000| Untracked 
|  80|0x000000070ca00000, 0x000000070ca00000, 0x000000070cc00000|  0%| F|  |TAMS 0x000000070ca00000| PB 0x000000070ca00000| Untracked 
|  81|0x000000070cc00000, 0x000000070cc00000, 0x000000070ce00000|  0%| F|  |TAMS 0x000000070cc00000| PB 0x000000070cc00000| Untracked 
|  82|0x000000070ce00000, 0x000000070ce00000, 0x000000070d000000|  0%| F|  |TAMS 0x000000070ce00000| PB 0x000000070ce00000| Untracked 
|  83|0x000000070d000000, 0x000000070d000000, 0x000000070d200000|  0%| F|  |TAMS 0x000000070d000000| PB 0x000000070d000000| Untracked 
|  84|0x000000070d200000, 0x000000070d200000, 0x000000070d400000|  0%| F|  |TAMS 0x000000070d200000| PB 0x000000070d200000| Untracked 
|  85|0x000000070d400000, 0x000000070d400000, 0x000000070d600000|  0%| F|  |TAMS 0x000000070d400000| PB 0x000000070d400000| Untracked 
|  86|0x000000070d600000, 0x000000070d600000, 0x000000070d800000|  0%| F|  |TAMS 0x000000070d600000| PB 0x000000070d600000| Untracked 
|  87|0x000000070d800000, 0x000000070d800000, 0x000000070da00000|  0%| F|  |TAMS 0x000000070d800000| PB 0x000000070d800000| Untracked 
|  88|0x000000070da00000, 0x000000070da00000, 0x000000070dc00000|  0%| F|  |TAMS 0x000000070da00000| PB 0x000000070da00000| Untracked 
|  89|0x000000070dc00000, 0x000000070dc00000, 0x000000070de00000|  0%| F|  |TAMS 0x000000070dc00000| PB 0x000000070dc00000| Untracked 
|  90|0x000000070de00000, 0x000000070de00000, 0x000000070e000000|  0%| F|  |TAMS 0x000000070de00000| PB 0x000000070de00000| Untracked 
|  91|0x000000070e000000, 0x000000070e000000, 0x000000070e200000|  0%| F|  |TAMS 0x000000070e000000| PB 0x000000070e000000| Untracked 
|  92|0x000000070e200000, 0x000000070e200000, 0x000000070e400000|  0%| F|  |TAMS 0x000000070e200000| PB 0x000000070e200000| Untracked 
|  93|0x000000070e400000, 0x000000070e400000, 0x000000070e600000|  0%| F|  |TAMS 0x000000070e400000| PB 0x000000070e400000| Untracked 
|  94|0x000000070e600000, 0x000000070e600000, 0x000000070e800000|  0%| F|  |TAMS 0x000000070e600000| PB 0x000000070e600000| Untracked 
|  95|0x000000070e800000, 0x000000070e800000, 0x000000070ea00000|  0%| F|  |TAMS 0x000000070e800000| PB 0x000000070e800000| Untracked 
|  96|0x000000070ea00000, 0x000000070ea00000, 0x000000070ec00000|  0%| F|  |TAMS 0x000000070ea00000| PB 0x000000070ea00000| Untracked 
|  97|0x000000070ec00000, 0x000000070ec00000, 0x000000070ee00000|  0%| F|  |TAMS 0x000000070ec00000| PB 0x000000070ec00000| Untracked 
|  98|0x000000070ee00000, 0x000000070ee00000, 0x000000070f000000|  0%| F|  |TAMS 0x000000070ee00000| PB 0x000000070ee00000| Untracked 
|  99|0x000000070f000000, 0x000000070f000000, 0x000000070f200000|  0%| F|  |TAMS 0x000000070f000000| PB 0x000000070f000000| Untracked 
| 100|0x000000070f200000, 0x000000070f200000, 0x000000070f400000|  0%| F|  |TAMS 0x000000070f200000| PB 0x000000070f200000| Untracked 
| 101|0x000000070f400000, 0x000000070f400000, 0x000000070f600000|  0%| F|  |TAMS 0x000000070f400000| PB 0x000000070f400000| Untracked 
| 102|0x000000070f600000, 0x000000070f600000, 0x000000070f800000|  0%| F|  |TAMS 0x000000070f600000| PB 0x000000070f600000| Untracked 
| 103|0x000000070f800000, 0x000000070f800000, 0x000000070fa00000|  0%| F|  |TAMS 0x000000070f800000| PB 0x000000070f800000| Untracked 
| 104|0x000000070fa00000, 0x000000070fa00000, 0x000000070fc00000|  0%| F|  |TAMS 0x000000070fa00000| PB 0x000000070fa00000| Untracked 
| 105|0x000000070fc00000, 0x000000070fc00000, 0x000000070fe00000|  0%| F|  |TAMS 0x000000070fc00000| PB 0x000000070fc00000| Untracked 
| 106|0x000000070fe00000, 0x000000070fe00000, 0x0000000710000000|  0%| F|  |TAMS 0x000000070fe00000| PB 0x000000070fe00000| Untracked 
| 107|0x0000000710000000, 0x0000000710000000, 0x0000000710200000|  0%| F|  |TAMS 0x0000000710000000| PB 0x0000000710000000| Untracked 
| 108|0x0000000710200000, 0x0000000710200000, 0x0000000710400000|  0%| F|  |TAMS 0x0000000710200000| PB 0x0000000710200000| Untracked 
| 109|0x0000000710400000, 0x0000000710400000, 0x0000000710600000|  0%| F|  |TAMS 0x0000000710400000| PB 0x0000000710400000| Untracked 
| 110|0x0000000710600000, 0x0000000710600000, 0x0000000710800000|  0%| F|  |TAMS 0x0000000710600000| PB 0x0000000710600000| Untracked 
| 111|0x0000000710800000, 0x0000000710800000, 0x0000000710a00000|  0%| F|  |TAMS 0x0000000710800000| PB 0x0000000710800000| Untracked 
| 112|0x0000000710a00000, 0x0000000710a00000, 0x0000000710c00000|  0%| F|  |TAMS 0x0000000710a00000| PB 0x0000000710a00000| Untracked 
| 113|0x0000000710c00000, 0x0000000710c00000, 0x0000000710e00000|  0%| F|  |TAMS 0x0000000710c00000| PB 0x0000000710c00000| Untracked 
| 114|0x0000000710e00000, 0x0000000710e00000, 0x0000000711000000|  0%| F|  |TAMS 0x0000000710e00000| PB 0x0000000710e00000| Untracked 
| 115|0x0000000711000000, 0x0000000711000000, 0x0000000711200000|  0%| F|  |TAMS 0x0000000711000000| PB 0x0000000711000000| Untracked 
| 116|0x0000000711200000, 0x0000000711200000, 0x0000000711400000|  0%| F|  |TAMS 0x0000000711200000| PB 0x0000000711200000| Untracked 
| 117|0x0000000711400000, 0x0000000711400000, 0x0000000711600000|  0%| F|  |TAMS 0x0000000711400000| PB 0x0000000711400000| Untracked 
| 118|0x0000000711600000, 0x0000000711600000, 0x0000000711800000|  0%| F|  |TAMS 0x0000000711600000| PB 0x0000000711600000| Untracked 
| 119|0x0000000711800000, 0x0000000711871280, 0x0000000711a00000| 22%| E|  |TAMS 0x0000000711800000| PB 0x0000000711800000| Complete 
| 120|0x0000000711a00000, 0x0000000711c00000, 0x0000000711c00000|100%| E|CS|TAMS 0x0000000711a00000| PB 0x0000000711a00000| Complete 
| 121|0x0000000711c00000, 0x0000000711e00000, 0x0000000711e00000|100%| E|CS|TAMS 0x0000000711c00000| PB 0x0000000711c00000| Complete 
| 122|0x0000000711e00000, 0x0000000712000000, 0x0000000712000000|100%| E|CS|TAMS 0x0000000711e00000| PB 0x0000000711e00000| Complete 
| 123|0x0000000712000000, 0x0000000712200000, 0x0000000712200000|100%| E|CS|TAMS 0x0000000712000000| PB 0x0000000712000000| Complete 
| 124|0x0000000712200000, 0x0000000712400000, 0x0000000712400000|100%| E|CS|TAMS 0x0000000712200000| PB 0x0000000712200000| Complete 
| 125|0x0000000712400000, 0x0000000712600000, 0x0000000712600000|100%| E|CS|TAMS 0x0000000712400000| PB 0x0000000712400000| Complete 
| 126|0x0000000712600000, 0x0000000712800000, 0x0000000712800000|100%| E|CS|TAMS 0x0000000712600000| PB 0x0000000712600000| Complete 

Card table byte_map: [0x000001f6ae970000,0x000001f6af160000] _byte_map_base: 0x000001f6ab15b000

Marking Bits: (CMBitMap*) 0x000001f696bdf9a0
 Bits: [0x000001f6af950000, 0x000001f6b38a8000)

Polling page: 0x000001f696330000

Metaspace:

Usage:
  Non-class:      4.40 MB used.
      Class:    301.82 KB used.
       Both:      4.69 MB used.

Virtual space:
  Non-class space:       64.00 MB reserved,       4.50 MB (  7%) committed,  1 nodes.
      Class space:        1.00 GB reserved,     448.00 KB ( <1%) committed,  1 nodes.
             Both:        1.06 GB reserved,       4.94 MB ( <1%) committed. 

Chunk freelists:
   Non-Class:  1.48 MB
       Class:  3.56 MB
        Both:  5.04 MB

MaxMetaspaceSize: unlimited
CompressedClassSpaceSize: 1.00 GB
Initial GC threshold: 21.00 MB
Current GC threshold: 21.00 MB
CDS: on
MetaspaceReclaimPolicy: balanced
 - commit_granule_bytes: 65536.
 - commit_granule_words: 8192.
 - virtual_space_node_default_size: 8388608.
 - enlarge_chunks_in_place: 1.
 - new_chunks_are_fully_committed: 0.
 - uncommit_free_chunks: 1.
 - use_allocation_guard: 0.


Internal statistics:

num_allocs_failed_limit: 0.
num_arena_births: 158.
num_arena_deaths: 0.
num_vsnodes_births: 2.
num_vsnodes_deaths: 0.
num_space_committed: 77.
num_space_uncommitted: 0.
num_chunks_returned_to_freelist: 0.
num_chunks_taken_from_freelist: 290.
num_chunk_merges: 0.
num_chunk_splits: 186.
num_chunks_enlarged: 113.
num_inconsistent_stats: 0.

CodeHeap 'non-profiled nmethods': size=120000Kb used=313Kb max_used=313Kb free=119686Kb
 bounds [0x000001f6a6700000, 0x000001f6a6970000, 0x000001f6adc30000]
CodeHeap 'profiled nmethods': size=120000Kb used=1347Kb max_used=1347Kb free=118652Kb
 bounds [0x000001f69ec30000, 0x000001f69eea0000, 0x000001f6a6160000]
CodeHeap 'non-nmethods': size=5760Kb used=2152Kb max_used=2170Kb free=3608Kb
 bounds [0x000001f6a6160000, 0x000001f6a63d0000, 0x000001f6a6700000]
 total_blobs=2047 nmethods=975 adapters=983
 compilation: enabled
              stopped_count=0, restarted_count=0
 full_count=0

Compilation events (20 events):
Event: 2.472 Thread 0x000001f6fb80c6a0 nmethod 964 0x000001f69ed7c590 code [0x000001f69ed7c7a0, 0x000001f69ed7cf58]
Event: 2.472 Thread 0x000001f6fb80c6a0  965       3       jdk.internal.org.objectweb.asm.MethodWriter::visitInsn (115 bytes)
Event: 2.472 Thread 0x000001f6fb80c6a0 nmethod 965 0x000001f69ed7d210 code [0x000001f69ed7d3e0, 0x000001f69ed7d810]
Event: 2.472 Thread 0x000001f6fb80c6a0  966       3       java.lang.invoke.LambdaFormBuffer::ownedCount (7 bytes)
Event: 2.472 Thread 0x000001f6fb80c6a0 nmethod 966 0x000001f69ed7d990 code [0x000001f69ed7db20, 0x000001f69ed7dc30]
Event: 2.473 Thread 0x000001f6fb80c6a0  967       3       java.lang.reflect.Array::newInstance (6 bytes)
Event: 2.473 Thread 0x000001f6fb80c6a0 nmethod 967 0x000001f69ed7dc90 code [0x000001f69ed7de20, 0x000001f69ed7df30]
Event: 2.474 Thread 0x000001f6fb808820  968       4       java.lang.StringBuilder::append (8 bytes)
Event: 2.475 Thread 0x000001f6fb80c6a0  969       3       java.lang.invoke.InvokerBytecodeGenerator::getInternalName (103 bytes)
Event: 2.475 Thread 0x000001f6fb80c6a0 nmethod 969 0x000001f69ed7e010 code [0x000001f69ed7e200, 0x000001f69ed7e768]
Event: 2.476 Thread 0x000001f6fb80c6a0  972       3       jdk.internal.org.objectweb.asm.Frame::push (59 bytes)
Event: 2.476 Thread 0x000001f6fb80c6a0 nmethod 972 0x000001f69ed7e890 code [0x000001f69ed7eac0, 0x000001f69ed7f280]
Event: 2.476 Thread 0x000001f6fb80c6a0  974       3       jdk.internal.org.objectweb.asm.MethodWriter::visitTypeInsn (116 bytes)
Event: 2.477 Thread 0x000001f6fb80c6a0 nmethod 974 0x000001f69ed7f610 code [0x000001f69ed7f7e0, 0x000001f69ed7fc08]
Event: 2.477 Thread 0x000001f6fb80c6a0  975       3       java.util.ImmutableCollections$ListN::size (6 bytes)
Event: 2.477 Thread 0x000001f6fb80c6a0 nmethod 975 0x000001f69ed7fe10 code [0x000001f69ed7ffa0, 0x000001f69ed800b8]
Event: 2.477 Thread 0x000001f6fb80c6a0  976       3       jdk.internal.org.objectweb.asm.Frame::setLocal (65 bytes)
Event: 2.477 Thread 0x000001f6fb80c6a0 nmethod 976 0x000001f69ed80190 code [0x000001f69ed80340, 0x000001f69ed80880]
Event: 2.478 Thread 0x000001f6fb80c6a0  979       3       java.nio.Buffer::flip (20 bytes)
Event: 2.478 Thread 0x000001f6fb80c6a0 nmethod 979 0x000001f69ed80a10 code [0x000001f69ed80ba0, 0x000001f69ed80cc0]

GC Heap History (0 events):
No events

Dll operation events (13 events):
Event: 0.012 Loaded shared library C:\Users\ericb\.jdks\openjdk-20.0.2\bin\java.dll
Event: 0.039 Loaded shared library C:\Users\ericb\.jdks\openjdk-20.0.2\bin\jsvml.dll
Event: 0.128 Loaded shared library C:\Users\ericb\.jdks\openjdk-20.0.2\bin\zip.dll
Event: 0.131 Loaded shared library C:\Users\ericb\.jdks\openjdk-20.0.2\bin\instrument.dll
Event: 0.139 Loaded shared library C:\Users\ericb\.jdks\openjdk-20.0.2\bin\net.dll
Event: 0.143 Loaded shared library C:\Users\ericb\.jdks\openjdk-20.0.2\bin\nio.dll
Event: 0.149 Loaded shared library C:\Users\ericb\.jdks\openjdk-20.0.2\bin\zip.dll
Event: 0.181 Loaded shared library C:\Program Files\JetBrains\IntelliJ IDEA Community Edition 2023.2\bin\breakgen64.dll
Event: 0.193 Loaded shared library C:\Users\ericb\.jdks\openjdk-20.0.2\bin\extnet.dll
Event: 0.258 Loaded shared library C:\Users\ericb\.jdks\openjdk-20.0.2\bin\jimage.dll
Event: 0.286 Loaded shared library C:\Users\ericb\AppData\Local\Temp\lwjglericb\3.3.1-build-7\lwjgl.dll
Event: 0.547 Loaded shared library C:\Users\ericb\AppData\Local\Temp\lwjglericb\3.3.1-build-7\lwjgl_opengl.dll
Event: 0.784 Loaded shared library C:\Users\ericb\AppData\Local\Temp\lwjglericb\3.3.1-build-7\lwjgl_stb.dll

Deoptimization events (20 events):
Event: 0.987 Thread 0x000001f696b6d130 Uncommon trap: trap_request=0xffffff45 fr.pc=0x000001f6a673e8f0 relative=0x0000000000000450
Event: 0.987 Thread 0x000001f696b6d130 Uncommon trap: reason=unstable_if action=reinterpret pc=0x000001f6a673e8f0 method=java.lang.AbstractStringBuilder.inflateIfNeededFor(Ljava/lang/String;)V @ 14 c2
Event: 0.987 Thread 0x000001f696b6d130 DEOPT PACKING pc=0x000001f6a673e8f0 sp=0x00000041230feb60
Event: 0.987 Thread 0x000001f696b6d130 DEOPT UNPACKING pc=0x000001f6a61c9d22 sp=0x00000041230fea58 mode 2
Event: 0.987 Thread 0x000001f696b6d130 Uncommon trap: trap_request=0xffffff45 fr.pc=0x000001f6a672f85c relative=0x00000000000000dc
Event: 0.987 Thread 0x000001f696b6d130 Uncommon trap: reason=unstable_if action=reinterpret pc=0x000001f6a672f85c method=java.lang.String.getBytes([BIB)V @ 5 c2
Event: 0.987 Thread 0x000001f696b6d130 DEOPT PACKING pc=0x000001f6a672f85c sp=0x00000041230fea70
Event: 0.987 Thread 0x000001f696b6d130 DEOPT UNPACKING pc=0x000001f6a61c9d22 sp=0x00000041230fea18 mode 2
Event: 1.115 Thread 0x000001f6b655e0a0 Uncommon trap: trap_request=0xffffff45 fr.pc=0x000001f6a6727c04 relative=0x0000000000000144
Event: 1.115 Thread 0x000001f6b655e0a0 Uncommon trap: reason=unstable_if action=reinterpret pc=0x000001f6a6727c04 method=java.util.regex.Pattern$BmpCharPropertyGreedy.match(Ljava/util/regex/Matcher;ILjava/lang/CharSequence;)Z @ 12 c2
Event: 1.115 Thread 0x000001f6b655e0a0 DEOPT PACKING pc=0x000001f6a6727c04 sp=0x0000004123afe7e0
Event: 1.115 Thread 0x000001f6b655e0a0 DEOPT UNPACKING pc=0x000001f6a61c9d22 sp=0x0000004123afe778 mode 2
Event: 1.138 Thread 0x000001f6b655e0a0 Uncommon trap: trap_request=0xffffff45 fr.pc=0x000001f6a6743050 relative=0x0000000000000150
Event: 1.138 Thread 0x000001f6b655e0a0 Uncommon trap: reason=unstable_if action=reinterpret pc=0x000001f6a6743050 method=java.util.concurrent.locks.ReentrantLock$NonfairSync.initialTryLock()Z @ 10 c2
Event: 1.138 Thread 0x000001f6b655e0a0 DEOPT PACKING pc=0x000001f6a6743050 sp=0x0000004123aff190
Event: 1.138 Thread 0x000001f6b655e0a0 DEOPT UNPACKING pc=0x000001f6a61c9d22 sp=0x0000004123aff138 mode 2
Event: 1.138 Thread 0x000001f6b655e0a0 Uncommon trap: trap_request=0xffffff45 fr.pc=0x000001f6a67472d4 relative=0x00000000000000d4
Event: 1.138 Thread 0x000001f6b655e0a0 Uncommon trap: reason=unstable_if action=reinterpret pc=0x000001f6a67472d4 method=java.util.concurrent.locks.ReentrantLock$Sync.tryRelease(I)Z @ 26 c2
Event: 1.138 Thread 0x000001f6b655e0a0 DEOPT PACKING pc=0x000001f6a67472d4 sp=0x0000004123aff190
Event: 1.138 Thread 0x000001f6b655e0a0 DEOPT UNPACKING pc=0x000001f6a61c9d22 sp=0x0000004123aff130 mode 2

Classes loaded (20 events):
Event: 1.125 Loading class java/io/Externalizable done
Event: 1.125 Loading class java/time/zone/Ser done
Event: 1.127 Loading class java/time/Month
Event: 1.127 Loading class java/time/Month done
Event: 1.127 Loading class java/time/DayOfWeek
Event: 1.127 Loading class java/time/DayOfWeek done
Event: 1.127 Loading class java/time/zone/ZoneOffsetTransitionRule$TimeDefinition
Event: 1.128 Loading class java/time/zone/ZoneOffsetTransitionRule$TimeDefinition done
Event: 1.129 Loading class java/time/zone/ZoneOffsetTransition
Event: 1.129 Loading class java/time/zone/ZoneOffsetTransition done
Event: 1.130 Loading class sun/util/cldr/CLDRBaseLocaleDataMetaInfo$TZCanonicalIDMapHolder
Event: 1.131 Loading class sun/util/cldr/CLDRBaseLocaleDataMetaInfo$TZCanonicalIDMapHolder done
Event: 1.133 Loading class sun/util/resources/TimeZoneNames
Event: 1.133 Loading class sun/util/resources/TimeZoneNames done
Event: 1.134 Loading class sun/util/resources/TimeZoneNames_en
Event: 1.134 Loading class sun/util/resources/TimeZoneNames_en done
Event: 2.477 Loading class java/lang/Throwable$WrappedPrintStream
Event: 2.477 Loading class java/lang/Throwable$PrintStreamOrWriter
Event: 2.477 Loading class java/lang/Throwable$PrintStreamOrWriter done
Event: 2.477 Loading class java/lang/Throwable$WrappedPrintStream done

Classes unloaded (0 events):
No events

Classes redefined (0 events):
No events

Internal exceptions (20 events):
Event: 0.295 Thread 0x000001f696b6d130 Exception <a 'sun/nio/fs/WindowsException'{0x00000007122f6228}> (0x00000007122f6228) 
thrown [s\open\src\hotspot\share\prims\jni.cpp, line 519]
Event: 0.310 Thread 0x000001f696b6d130 Exception <a 'java/lang/NoSuchMethodError'{0x00000007123400b8}: 'int java.lang.invoke.DirectMethodHandle$Holder.invokeStaticInit(java.lang.Object, java.lang.Object, int, long)'> (0x00000007123400b8) 
thrown [s\open\src\hotspot\share\interpreter\linkResolver.cpp, line 773]
Event: 0.312 Thread 0x000001f696b6d130 Exception <a 'java/lang/NoSuchMethodError'{0x00000007123456f0}: 'java.lang.Object java.lang.invoke.DirectMethodHandle$Holder.newInvokeSpecial(java.lang.Object, java.lang.Object, int)'> (0x00000007123456f0) 
thrown [s\open\src\hotspot\share\interpreter\linkResolver.cpp, line 773]
Event: 0.315 Thread 0x000001f696b6d130 Exception <a 'java/lang/NoSuchMethodError'{0x0000000712353c60}: 'int java.lang.invoke.DirectMethodHandle$Holder.invokeStaticInit(java.lang.Object, java.lang.Object, long, long)'> (0x0000000712353c60) 
thrown [s\open\src\hotspot\share\interpreter\linkResolver.cpp, line 773]
Event: 0.317 Thread 0x000001f696b6d130 Exception <a 'java/lang/NoSuchMethodError'{0x0000000712359aa8}: 'java.lang.Object java.lang.invoke.DirectMethodHandle$Holder.newInvokeSpecial(java.lang.Object, java.lang.Object, long)'> (0x0000000712359aa8) 
thrown [s\open\src\hotspot\share\interpreter\linkResolver.cpp, line 773]
Event: 0.318 Thread 0x000001f696b6d130 Exception <a 'java/lang/NoSuchMethodError'{0x000000071235d860}: 'java.lang.Object java.lang.invoke.Invokers$Holder.linkToTargetMethod(java.lang.Object, long, java.lang.Object)'> (0x000000071235d860) 
thrown [s\open\src\hotspot\share\interpreter\linkResolver.cpp, line 773]
Event: 0.318 Thread 0x000001f696b6d130 Exception <a 'java/lang/NoSuchMethodError'{0x0000000712364898}: 'int java.lang.invoke.DirectMethodHandle$Holder.invokeStaticInit(java.lang.Object, java.lang.Object, java.lang.Object, long)'> (0x0000000712364898) 
thrown [s\open\src\hotspot\share\interpreter\linkResolver.cpp, line 773]
Event: 0.530 Thread 0x000001f696b6d130 Exception <a 'java/lang/NoSuchMethodError'{0x00000007123f8228}: 'void java.lang.System.load(java.lang.String, java.lang.Class)'> (0x00000007123f8228) 
thrown [s\open\src\hotspot\share\interpreter\linkResolver.cpp, line 773]
Event: 0.532 Thread 0x000001f696b6d130 Exception <a 'java/lang/NoSuchMethodError'{0x00000007123fb010}: 'void java.lang.System.loadLibrary(java.lang.String, java.lang.Class)'> (0x00000007123fb010) 
thrown [s\open\src\hotspot\share\interpreter\linkResolver.cpp, line 773]
Event: 0.544 Thread 0x000001f696b6d130 Exception <a 'sun/nio/fs/WindowsException'{0x000000071200ace8}> (0x000000071200ace8) 
thrown [s\open\src\hotspot\share\prims\jni.cpp, line 519]
Event: 0.544 Thread 0x000001f696b6d130 Exception <a 'sun/nio/fs/WindowsException'{0x000000071200b090}> (0x000000071200b090) 
thrown [s\open\src\hotspot\share\prims\jni.cpp, line 519]
Event: 0.552 Thread 0x000001f696b6d130 Exception <a 'sun/nio/fs/WindowsException'{0x0000000712010990}> (0x0000000712010990) 
thrown [s\open\src\hotspot\share\prims\jni.cpp, line 519]
Event: 0.552 Thread 0x000001f696b6d130 Exception <a 'sun/nio/fs/WindowsException'{0x0000000712010c70}> (0x0000000712010c70) 
thrown [s\open\src\hotspot\share\prims\jni.cpp, line 519]
Event: 0.772 Thread 0x000001f696b6d130 Exception <a 'java/lang/NoSuchMethodError'{0x0000000711e50770}: 'void java.lang.System.load(java.lang.String, java.lang.Class)'> (0x0000000711e50770) 
thrown [s\open\src\hotspot\share\interpreter\linkResolver.cpp, line 773]
Event: 0.773 Thread 0x000001f696b6d130 Exception <a 'java/lang/NoSuchMethodError'{0x0000000711e53560}: 'void java.lang.System.loadLibrary(java.lang.String, java.lang.Class)'> (0x0000000711e53560) 
thrown [s\open\src\hotspot\share\interpreter\linkResolver.cpp, line 773]
Event: 0.782 Thread 0x000001f696b6d130 Exception <a 'sun/nio/fs/WindowsException'{0x0000000711e63120}> (0x0000000711e63120) 
thrown [s\open\src\hotspot\share\prims\jni.cpp, line 519]
Event: 0.782 Thread 0x000001f696b6d130 Exception <a 'sun/nio/fs/WindowsException'{0x0000000711e634a0}> (0x0000000711e634a0) 
thrown [s\open\src\hotspot\share\prims\jni.cpp, line 519]
Event: 1.034 Thread 0x000001f696b6d130 Exception <a 'java/lang/NoSuchMethodError'{0x0000000711c526e0}: 'void java.lang.invoke.DirectMethodHandle$Holder.invokeVirtual(java.lang.Object, java.lang.Object)'> (0x0000000711c526e0) 
thrown [s\open\src\hotspot\share\interpreter\linkResolver.cpp, line 773]
Event: 1.136 Thread 0x000001f6b655e0a0 Exception <a 'java/lang/NoSuchMethodError'{0x0000000711dd9370}: 'java.lang.Object java.lang.invoke.Invokers$Holder.invokeExact_MT(java.lang.Object, java.lang.Object, java.lang.Object, java.lang.Object, java.lang.Object, java.lang.Object)'> (0x0000000711dd9370) 
thrown [s\open\src\hotspot\share\interpreter\linkResolver.cpp, line 773]
Event: 2.459 Thread 0x000001f696b6d130 Exception <a 'java/lang/NoSuchMethodError'{0x0000000711bf82f0}: 'void java.lang.invoke.DirectMethodHandle$Holder.invokeStatic(java.lang.Object, int, java.lang.Object)'> (0x0000000711bf82f0) 
thrown [s\open\src\hotspot\share\interpreter\linkResolver.cpp, line 773]

VM Operations (9 events):
Event: 0.110 Executing VM operation: HandshakeAllThreads
Event: 0.110 Executing VM operation: HandshakeAllThreads done
Event: 0.185 Executing VM operation: HandshakeAllThreads
Event: 0.185 Executing VM operation: HandshakeAllThreads done
Event: 1.198 Executing VM operation: Cleanup
Event: 1.198 Executing VM operation: Cleanup done
Event: 2.205 Executing VM operation: Cleanup
Event: 2.205 Executing VM operation: Cleanup done
Event: 2.478 Executing VM operation: Exit

Events (16 events):
Event: 0.039 Thread 0x000001f696b6d130 Thread added: 0x000001f696b6d130
Event: 0.058 Thread 0x000001f6b65594d0 Thread added: 0x000001f6b65594d0
Event: 0.058 Thread 0x000001f6b655a0b0 Thread added: 0x000001f6b655a0b0
Event: 0.058 Thread 0x000001f6b655aec0 Thread added: 0x000001f6b655aec0
Event: 0.058 Thread 0x000001f6b655e0a0 Thread added: 0x000001f6b655e0a0
Event: 0.058 Thread 0x000001f6fb8040b0 Thread added: 0x000001f6fb8040b0
Event: 0.058 Thread 0x000001f6fb804b90 Thread added: 0x000001f6fb804b90
Event: 0.058 Thread 0x000001f6fb808820 Thread added: 0x000001f6fb808820
Event: 0.058 Thread 0x000001f6fb80c6a0 Thread added: 0x000001f6fb80c6a0
Event: 0.100 Thread 0x000001f6fb91b9f0 Thread added: 0x000001f6fb91b9f0
Event: 0.182 Thread 0x000001f6fbaefde0 Thread added: 0x000001f6fbaefde0
Event: 0.182 Thread 0x000001f6fbaf0330 Thread added: 0x000001f6fbaf0330
Event: 0.611 Thread 0x000001f6886d45c0 Thread added: 0x000001f6886d45c0
Event: 0.740 Thread 0x000001f6886d45c0 Thread exited: 0x000001f6886d45c0
Event: 1.123 Thread 0x000001f68877f7f0 Thread added: 0x000001f68877f7f0
Event: 1.242 Thread 0x000001f68877f7f0 Thread exited: 0x000001f68877f7f0


Dynamic libraries:
0x00007ff692010000 - 0x00007ff69201e000 	C:\Users\ericb\.jdks\openjdk-20.0.2\bin\java.exe
0x00007ff9b2410000 - 0x00007ff9b2624000 	C:\Windows\SYSTEM32\ntdll.dll
0x00007ff9b1f80000 - 0x00007ff9b2044000 	C:\Windows\System32\KERNEL32.DLL
0x00007ff9afd50000 - 0x00007ff9b00f4000 	C:\Windows\System32\KERNELBASE.dll
0x00007ff9afbb0000 - 0x00007ff9afcc1000 	C:\Windows\System32\ucrtbase.dll
0x00007ff99fe90000 - 0x00007ff99fea7000 	C:\Users\ericb\.jdks\openjdk-20.0.2\bin\jli.dll
0x00007ff99f510000 - 0x00007ff99f52b000 	C:\Users\ericb\.jdks\openjdk-20.0.2\bin\VCRUNTIME140.dll
0x00007ff9b1c00000 - 0x00007ff9b1dae000 	C:\Windows\System32\USER32.dll
0x00007ff9af8e0000 - 0x00007ff9af906000 	C:\Windows\System32\win32u.dll
0x00007ff9b22f0000 - 0x00007ff9b2319000 	C:\Windows\System32\GDI32.dll
0x00007ff9a2ec0000 - 0x00007ff9a3153000 	C:\Windows\WinSxS\amd64_microsoft.windows.common-controls_6595b64144ccf1df_6.0.22621.2215_none_270d72677387dfc3\COMCTL32.dll
0x00007ff9af7c0000 - 0x00007ff9af8d8000 	C:\Windows\System32\gdi32full.dll
0x00007ff9b2320000 - 0x00007ff9b23c7000 	C:\Windows\System32\msvcrt.dll
0x00007ff9b0100000 - 0x00007ff9b019a000 	C:\Windows\System32\msvcp_win.dll
0x00007ff9b1590000 - 0x00007ff9b15c1000 	C:\Windows\System32\IMM32.DLL
0x00007ff9a5620000 - 0x00007ff9a562c000 	C:\Users\ericb\.jdks\openjdk-20.0.2\bin\vcruntime140_1.dll
0x00007ff9953c0000 - 0x00007ff99544e000 	C:\Users\ericb\.jdks\openjdk-20.0.2\bin\msvcp140.dll
0x00007ff93b190000 - 0x00007ff93be28000 	C:\Users\ericb\.jdks\openjdk-20.0.2\bin\server\jvm.dll
0x00007ff9b14e0000 - 0x00007ff9b1590000 	C:\Windows\System32\ADVAPI32.dll
0x00007ff9b0fb0000 - 0x00007ff9b1056000 	C:\Windows\System32\sechost.dll
0x00007ff9b1e60000 - 0x00007ff9b1f77000 	C:\Windows\System32\RPCRT4.dll
0x00007ff9a6710000 - 0x00007ff9a6744000 	C:\Windows\SYSTEM32\WINMM.dll
0x00007ff9a29b0000 - 0x00007ff9a29ba000 	C:\Windows\SYSTEM32\VERSION.dll
0x00007ff9a9b80000 - 0x00007ff9a9b89000 	C:\Windows\SYSTEM32\WSOCK32.dll
0x00007ff9b20e0000 - 0x00007ff9b2151000 	C:\Windows\System32\WS2_32.dll
0x00007ff9ae8e0000 - 0x00007ff9ae8f8000 	C:\Windows\SYSTEM32\kernel.appcore.dll
0x00007ff9a53b0000 - 0x00007ff9a53ba000 	C:\Users\ericb\.jdks\openjdk-20.0.2\bin\jimage.dll
0x00007ff9acb20000 - 0x00007ff9acd4e000 	C:\Windows\SYSTEM32\DBGHELP.DLL
0x00007ff9b17e0000 - 0x00007ff9b1b6a000 	C:\Windows\System32\combase.dll
0x00007ff9b04e0000 - 0x00007ff9b05b7000 	C:\Windows\System32\OLEAUT32.dll
0x00007ff9a2c30000 - 0x00007ff9a2c62000 	C:\Windows\SYSTEM32\dbgcore.DLL
0x00007ff9afcd0000 - 0x00007ff9afd4a000 	C:\Windows\System32\bcryptPrimitives.dll
0x00007ff9a80a0000 - 0x00007ff9a80ae000 	C:\Users\ericb\.jdks\openjdk-20.0.2\bin\instrument.dll
0x00007ff99b1b0000 - 0x00007ff99b1d6000 	C:\Users\ericb\.jdks\openjdk-20.0.2\bin\java.dll
0x00007ff993950000 - 0x00007ff993a27000 	C:\Users\ericb\.jdks\openjdk-20.0.2\bin\jsvml.dll
0x00007ff9b0780000 - 0x00007ff9b0fa3000 	C:\Windows\System32\SHELL32.dll
0x00007ff9ad710000 - 0x00007ff9adffa000 	C:\Windows\SYSTEM32\windows.storage.dll
0x00007ff9ad5d0000 - 0x00007ff9ad70e000 	C:\Windows\SYSTEM32\wintypes.dll
0x00007ff9b03b0000 - 0x00007ff9b04a3000 	C:\Windows\System32\SHCORE.dll
0x00007ff9b1780000 - 0x00007ff9b17de000 	C:\Windows\System32\shlwapi.dll
0x00007ff9af6f0000 - 0x00007ff9af716000 	C:\Windows\SYSTEM32\profapi.dll
0x00007ff998930000 - 0x00007ff998948000 	C:\Users\ericb\.jdks\openjdk-20.0.2\bin\zip.dll
0x00007ff99aa80000 - 0x00007ff99aa93000 	C:\Users\ericb\.jdks\openjdk-20.0.2\bin\net.dll
0x00007ff9a8e30000 - 0x00007ff9a8f67000 	C:\Windows\SYSTEM32\WINHTTP.dll
0x00007ff9aed80000 - 0x00007ff9aede9000 	C:\Windows\system32\mswsock.dll
0x00007ff99aa60000 - 0x00007ff99aa76000 	C:\Users\ericb\.jdks\openjdk-20.0.2\bin\nio.dll
0x00007ff9a7810000 - 0x00007ff9a782a000 	C:\Program Files\JetBrains\IntelliJ IDEA Community Edition 2023.2\bin\breakgen64.dll
0x00007ff9a1040000 - 0x00007ff9a1047000 	C:\Users\ericb\.jdks\openjdk-20.0.2\bin\extnet.dll
0x00007ff979240000 - 0x00007ff9792b5000 	C:\Users\ericb\AppData\Local\Temp\lwjglericb\3.3.1-build-7\lwjgl.dll
0x00007ff988220000 - 0x00007ff988281000 	C:\Users\ericb\AppData\Local\Temp\lwjglericb\3.3.1-build-7\glfw.dll
0x00007ff97cb70000 - 0x00007ff97cbb6000 	C:\Windows\SYSTEM32\dinput8.dll
0x00007ff99f530000 - 0x00007ff99f541000 	C:\Windows\SYSTEM32\xinput1_4.dll
0x00007ff9af4b0000 - 0x00007ff9af4fe000 	C:\Windows\SYSTEM32\cfgmgr32.dll
0x00007ff9af480000 - 0x00007ff9af4ac000 	C:\Windows\SYSTEM32\DEVOBJ.dll
0x00007ff9aca40000 - 0x00007ff9aca6b000 	C:\Windows\SYSTEM32\dwmapi.dll
0x00007ff9a1050000 - 0x00007ff9a125a000 	C:\Windows\SYSTEM32\inputhost.dll
0x00007ff9ab220000 - 0x00007ff9ab353000 	C:\Windows\SYSTEM32\CoreMessaging.dll
0x00007ff9ac3c0000 - 0x00007ff9ac46b000 	C:\Windows\system32\uxtheme.dll
0x00007ff9b1630000 - 0x00007ff9b1779000 	C:\Windows\System32\MSCTF.dll
0x00007ff9aeff0000 - 0x00007ff9aeffc000 	C:\Windows\SYSTEM32\CRYPTBASE.DLL
0x00007ff998950000 - 0x00007ff998a50000 	C:\Windows\SYSTEM32\opengl32.dll
0x00007ff9a0e10000 - 0x00007ff9a0e3d000 	C:\Windows\SYSTEM32\GLU32.dll
0x00007ff9acf20000 - 0x00007ff9acf58000 	C:\Windows\SYSTEM32\dxcore.dll
0x00007ff9a8940000 - 0x00007ff9a898a000 	C:\Windows\SYSTEM32\directxdatabasehelper.dll
0x00007ff9b1db0000 - 0x00007ff9b1e60000 	C:\Windows\System32\clbcatq.dll
0x00007ff9a62a0000 - 0x00007ff9a63d5000 	C:\Windows\System32\AppXDeploymentClient.dll
0x00007ff995c40000 - 0x00007ff995d36000 	C:\Windows\System32\Windows.ApplicationModel.dll
0x00007ff9b05c0000 - 0x00007ff9b075e000 	C:\Windows\System32\ole32.dll
0x00007ff9ac6e0000 - 0x00007ff9ac7e1000 	C:\Windows\system32\propsys.dll
0x00007ff98b1d0000 - 0x00007ff98b1f6000 	C:\Windows\system32\mssprxy.dll
0x00007ff938fd0000 - 0x00007ff93a057000 	C:\Windows\System32\DriverStore\FileRepository\iigd_dch.inf_amd64_cfd021ca4dd6b3cf\igxelpicd64.dll
0x00007ff9ac930000 - 0x00007ff9aca28000 	C:\Windows\system32\dxgi.dll
0x00007ff978ee0000 - 0x00007ff97901c000 	C:\Windows\System32\DriverStore\FileRepository\iigd_dch.inf_amd64_cfd021ca4dd6b3cf\igdml64.dll
0x00007ff9a2510000 - 0x00007ff9a2919000 	C:\Windows\System32\DriverStore\FileRepository\iigd_dch.inf_amd64_cfd021ca4dd6b3cf\igdgmm64.dll
0x00007ff9af910000 - 0x00007ff9af97b000 	C:\Windows\System32\WINTRUST.dll
0x00007ff9afa40000 - 0x00007ff9afba6000 	C:\Windows\System32\CRYPT32.dll
0x00007ff9af030000 - 0x00007ff9af042000 	C:\Windows\SYSTEM32\MSASN1.dll
0x00007ff99b1e0000 - 0x00007ff99e974000 	C:\Windows\System32\DriverStore\FileRepository\iigd_dch.inf_amd64_cfd021ca4dd6b3cf\igc64.dll
0x00007ff9ae640000 - 0x00007ff9ae68d000 	C:\Windows\SYSTEM32\powrprof.dll
0x00007ff9ae620000 - 0x00007ff9ae633000 	C:\Windows\SYSTEM32\UMPDC.dll
0x00007ff97a5d0000 - 0x00007ff97a62d000 	C:\Users\ericb\AppData\Local\Temp\lwjglericb\3.3.1-build-7\lwjgl_opengl.dll
0x00007ff9a4d70000 - 0x00007ff9a4eb4000 	C:\Windows\SYSTEM32\textinputframework.dll
0x00007ff9a79f0000 - 0x00007ff9a7d5c000 	C:\Windows\SYSTEM32\CoreUIComponents.dll
0x00007ff9902e0000 - 0x00007ff990349000 	C:\Windows\system32\Oleacc.dll
0x00007ff9791b0000 - 0x00007ff979231000 	C:\Users\ericb\AppData\Local\Temp\lwjglericb\3.3.1-build-7\lwjgl_stb.dll

dbghelp: loaded successfully - version: 4.0.5 - missing functions: none
symbol engine: initialized successfully - sym options: 0x614 - pdb path: .;C:\Users\ericb\.jdks\openjdk-20.0.2\bin;C:\Windows\SYSTEM32;C:\Windows\WinSxS\amd64_microsoft.windows.common-controls_6595b64144ccf1df_6.0.22621.2215_none_270d72677387dfc3;C:\Users\ericb\.jdks\openjdk-20.0.2\bin\server;C:\Program Files\JetBrains\IntelliJ IDEA Community Edition 2023.2\bin;C:\Users\ericb\AppData\Local\Temp\lwjglericb\3.3.1-build-7;C:\Windows\System32\DriverStore\FileRepository\iigd_dch.inf_amd64_cfd021ca4dd6b3cf

VM Arguments:
jvm_args: -javaagent:C:\Program Files\JetBrains\IntelliJ IDEA Community Edition 2023.2\lib\idea_rt.jar=60715:C:\Program Files\JetBrains\IntelliJ IDEA Community Edition 2023.2\bin -Dfile.encoding=UTF-8 -Dsun.stdout.encoding=UTF-8 -Dsun.stderr.encoding=UTF-8 
java_command: ShadowDance
java_class_path (initial): C:\Users\ericb\ecberg-project-2\target\classes;C:\Users\ericb\.m2\repository\org\lwjgl\lwjgl\3.3.1\lwjgl-3.3.1.jar;C:\Users\ericb\.m2\repository\org\lwjgl\lwjgl-assimp\3.3.1\lwjgl-assimp-3.3.1.jar;C:\Users\ericb\.m2\repository\org\lwjgl\lwjgl-glfw\3.3.1\lwjgl-glfw-3.3.1.jar;C:\Users\ericb\.m2\repository\org\lwjgl\lwjgl-openal\3.3.1\lwjgl-openal-3.3.1.jar;C:\Users\ericb\.m2\repository\org\lwjgl\lwjgl-opengl\3.3.1\lwjgl-opengl-3.3.1.jar;C:\Users\ericb\.m2\repository\org\lwjgl\lwjgl-stb\3.3.1\lwjgl-stb-3.3.1.jar;C:\Users\ericb\.m2\repository\org\lwjgl\lwjgl\3.3.1\lwjgl-3.3.1-natives-windows.jar;C:\Users\ericb\.m2\repository\org\lwjgl\lwjgl-assimp\3.3.1\lwjgl-assimp-3.3.1-natives-windows.jar;C:\Users\ericb\.m2\repository\org\lwjgl\lwjgl-glfw\3.3.1\lwjgl-glfw-3.3.1-natives-windows.jar;C:\Users\ericb\.m2\repository\org\lwjgl\lwjgl-openal\3.3.1\lwjgl-openal-3.3.1-natives-windows.jar;C:\Users\ericb\.m2\repository\org\lwjgl\lwjgl-opengl\3.3.1\lwjgl-opengl-3.3.1-natives-windows.jar;C:\Users\ericb\.m2\repository\org\lwjgl\lwjgl-stb\3.3.1\lwjgl-stb-3.3.1-natives-windows.jar;C:\Users\ericb\.m2\repository\io\github\eleanor-em\bagel\1.9.3\bagel-1.9.3.jar
Launcher Type: SUN_STANDARD

[Global flags]
     intx CICompilerCount                          = 4                                         {product} {ergonomic}
     uint ConcGCThreads                            = 3                                         {product} {ergonomic}
     uint G1ConcRefinementThreads                  = 10                                        {product} {ergonomic}
   size_t G1HeapRegionSize                         = 2097152                                   {product} {ergonomic}
    uintx GCDrainStackTargetSize                   = 64                                        {product} {ergonomic}
   size_t InitialHeapSize                          = 266338304                                 {product} {ergonomic}
   size_t MarkStackSize                            = 4194304                                   {product} {ergonomic}
   size_t MaxHeapSize                              = 4250927104                                {product} {ergonomic}
   size_t MaxNewSize                               = 2550136832                                {product} {ergonomic}
   size_t MinHeapDeltaBytes                        = 2097152                                   {product} {ergonomic}
   size_t MinHeapSize                              = 8388608                                   {product} {ergonomic}
    uintx NonNMethodCodeHeapSize                   = 5839372                                {pd product} {ergonomic}
    uintx NonProfiledCodeHeapSize                  = 122909434                              {pd product} {ergonomic}
    uintx ProfiledCodeHeapSize                     = 122909434                              {pd product} {ergonomic}
    uintx ReservedCodeCacheSize                    = 251658240                              {pd product} {ergonomic}
     bool SegmentedCodeCache                       = true                                      {product} {ergonomic}
   size_t SoftMaxHeapSize                          = 4250927104                             {manageable} {ergonomic}
     bool UseCompressedClassPointers               = true                           {product lp64_product} {ergonomic}
     bool UseCompressedOops                        = true                           {product lp64_product} {ergonomic}
     bool UseG1GC                                  = true                                      {product} {ergonomic}
     bool UseLargePagesIndividualAllocation        = false                                  {pd product} {ergonomic}

Logging:
Log output configuration:
 #0: stdout all=off uptime,level,tags foldmultilines=false
 #1: stderr all=off uptime,level,tags foldmultilines=false

Environment Variables:
PATH=C:\Windows\system32;C:\Windows;C:\Windows\System32\Wbem;C:\Windows\System32\WindowsPowerShell\v1.0\;C:\Windows\System32\OpenSSH\;C:\Program Files\Git\cmd;C:\Users\ericb\AppData\Local\Microsoft\WindowsApps;;C:\Users\ericb\AppData\Local\Programs\Microsoft VS Code\bin
USERNAME=ericb
OS=Windows_NT
PROCESSOR_IDENTIFIER=Intel64 Family 6 Model 154 Stepping 4, GenuineIntel
TMP=C:\Users\ericb\AppData\Local\Temp
TEMP=C:\Users\ericb\AppData\Local\Temp




---------------  S Y S T E M  ---------------

OS:
 Windows 11 , 64 bit Build 22621 (10.0.22621.2215)
OS uptime: 4 days 2:56 hours
Hyper-V role detected

CPU: total 12 (initial active 12) (6 cores per cpu, 2 threads per core) family 6 model 154 stepping 4 microcode 0x420, cx8, cmov, fxsr, ht, mmx, 3dnowpref, sse, sse2, sse3, ssse3, sse4.1, sse4.2, popcnt, lzcnt, tsc, tscinvbit, avx, avx2, aes, erms, clmul, bmi1, bmi2, adx, sha, fma, vzeroupper, clflush, clflushopt, clwb, hv, serialize, rdtscp, rdpid, fsrm, f16c, cet_ibt, cet_ss

Memory: 4k page, system-wide physical 16209M (5744M free)
TotalPageFile size 17233M (AvailPageFile size 3362M)
current process WorkingSet (physical memory assigned to process): 256M, peak: 269M
current process commit charge ("private bytes"): 465M, peak: 465M

vm_info: OpenJDK 64-Bit Server VM (20.0.2+9-78) for windows-amd64 JRE (20.0.2+9-78), built on 2023-06-14T10:08:48Z by "mach5one" with MS VC++ 17.1 (VS2022)

END.
